{"/Users/xiaokang/Documents/oceanbase/jison/packages/jison/tests/parser/actions.js":{"path":"/Users/xiaokang/Documents/oceanbase/jison/packages/jison/tests/parser/actions.js","statementMap":{"0":{"start":{"line":1,"column":13},"end":{"line":1,"column":35}},"1":{"start":{"line":2,"column":12},"end":{"line":2,"column":31}},"2":{"start":{"line":4,"column":12},"end":{"line":4,"column":37}},"3":{"start":{"line":5,"column":18},"end":{"line":5,"column":49}},"4":{"start":{"line":8,"column":0},"end":{"line":768,"column":3}},"5":{"start":{"line":9,"column":2},"end":{"line":29,"column":5}},"6":{"start":{"line":10,"column":18},"end":{"line":15,"column":5}},"7":{"start":{"line":16,"column":18},"end":{"line":22,"column":5}},"8":{"start":{"line":24,"column":17},"end":{"line":24,"column":42}},"9":{"start":{"line":25,"column":4},"end":{"line":25,"column":44}},"10":{"start":{"line":27,"column":4},"end":{"line":27,"column":58}},"11":{"start":{"line":28,"column":4},"end":{"line":28,"column":58}},"12":{"start":{"line":31,"column":2},"end":{"line":48,"column":5}},"13":{"start":{"line":32,"column":18},"end":{"line":36,"column":5}},"14":{"start":{"line":37,"column":18},"end":{"line":42,"column":5}},"15":{"start":{"line":44,"column":17},"end":{"line":44,"column":42}},"16":{"start":{"line":45,"column":4},"end":{"line":45,"column":44}},"17":{"start":{"line":47,"column":4},"end":{"line":47,"column":61}},"18":{"start":{"line":50,"column":2},"end":{"line":70,"column":5}},"19":{"start":{"line":51,"column":18},"end":{"line":56,"column":5}},"20":{"start":{"line":57,"column":18},"end":{"line":63,"column":5}},"21":{"start":{"line":65,"column":17},"end":{"line":65,"column":42}},"22":{"start":{"line":66,"column":4},"end":{"line":66,"column":44}},"23":{"start":{"line":68,"column":4},"end":{"line":68,"column":67}},"24":{"start":{"line":69,"column":4},"end":{"line":69,"column":66}},"25":{"start":{"line":72,"column":2},"end":{"line":93,"column":5}},"26":{"start":{"line":73,"column":18},"end":{"line":78,"column":5}},"27":{"start":{"line":79,"column":18},"end":{"line":86,"column":5}},"28":{"start":{"line":88,"column":17},"end":{"line":88,"column":42}},"29":{"start":{"line":89,"column":4},"end":{"line":89,"column":44}},"30":{"start":{"line":91,"column":4},"end":{"line":91,"column":64}},"31":{"start":{"line":92,"column":4},"end":{"line":92,"column":77}},"32":{"start":{"line":95,"column":2},"end":{"line":113,"column":5}},"33":{"start":{"line":96,"column":18},"end":{"line":100,"column":5}},"34":{"start":{"line":101,"column":18},"end":{"line":107,"column":5}},"35":{"start":{"line":109,"column":17},"end":{"line":109,"column":42}},"36":{"start":{"line":110,"column":4},"end":{"line":110,"column":44}},"37":{"start":{"line":112,"column":4},"end":{"line":112,"column":77}},"38":{"start":{"line":115,"column":2},"end":{"line":133,"column":5}},"39":{"start":{"line":116,"column":18},"end":{"line":120,"column":5}},"40":{"start":{"line":121,"column":18},"end":{"line":127,"column":5}},"41":{"start":{"line":129,"column":17},"end":{"line":129,"column":42}},"42":{"start":{"line":130,"column":4},"end":{"line":130,"column":44}},"43":{"start":{"line":132,"column":4},"end":{"line":132,"column":77}},"44":{"start":{"line":135,"column":2},"end":{"line":155,"column":5}},"45":{"start":{"line":136,"column":18},"end":{"line":141,"column":5}},"46":{"start":{"line":142,"column":18},"end":{"line":149,"column":5}},"47":{"start":{"line":151,"column":17},"end":{"line":151,"column":42}},"48":{"start":{"line":152,"column":4},"end":{"line":152,"column":44}},"49":{"start":{"line":154,"column":4},"end":{"line":154,"column":77}},"50":{"start":{"line":157,"column":2},"end":{"line":175,"column":5}},"51":{"start":{"line":158,"column":18},"end":{"line":162,"column":5}},"52":{"start":{"line":163,"column":18},"end":{"line":169,"column":5}},"53":{"start":{"line":171,"column":17},"end":{"line":171,"column":42}},"54":{"start":{"line":172,"column":4},"end":{"line":172,"column":44}},"55":{"start":{"line":174,"column":4},"end":{"line":174,"column":77}},"56":{"start":{"line":177,"column":2},"end":{"line":196,"column":5}},"57":{"start":{"line":178,"column":18},"end":{"line":183,"column":5}},"58":{"start":{"line":184,"column":18},"end":{"line":190,"column":5}},"59":{"start":{"line":192,"column":17},"end":{"line":192,"column":42}},"60":{"start":{"line":193,"column":4},"end":{"line":193,"column":44}},"61":{"start":{"line":195,"column":4},"end":{"line":195,"column":78}},"62":{"start":{"line":199,"column":2},"end":{"line":220,"column":5}},"63":{"start":{"line":200,"column":18},"end":{"line":206,"column":5}},"64":{"start":{"line":207,"column":18},"end":{"line":214,"column":5}},"65":{"start":{"line":216,"column":17},"end":{"line":216,"column":42}},"66":{"start":{"line":217,"column":4},"end":{"line":217,"column":44}},"67":{"start":{"line":219,"column":4},"end":{"line":219,"column":77}},"68":{"start":{"line":222,"column":2},"end":{"line":246,"column":5}},"69":{"start":{"line":223,"column":18},"end":{"line":227,"column":5}},"70":{"start":{"line":228,"column":18},"end":{"line":234,"column":5}},"71":{"start":{"line":236,"column":17},"end":{"line":236,"column":42}},"72":{"start":{"line":237,"column":4},"end":{"line":237,"column":44}},"73":{"start":{"line":239,"column":22},"end":{"line":242,"column":27}},"74":{"start":{"line":244,"column":12},"end":{"line":244,"column":31}},"75":{"start":{"line":245,"column":4},"end":{"line":245,"column":37}},"76":{"start":{"line":248,"column":2},"end":{"line":271,"column":5}},"77":{"start":{"line":249,"column":19},"end":{"line":255,"column":5}},"78":{"start":{"line":256,"column":18},"end":{"line":263,"column":5}},"79":{"start":{"line":265,"column":17},"end":{"line":265,"column":42}},"80":{"start":{"line":266,"column":4},"end":{"line":266,"column":45}},"81":{"start":{"line":268,"column":22},"end":{"line":268,"column":49}},"82":{"start":{"line":270,"column":4},"end":{"line":270,"column":57}},"83":{"start":{"line":273,"column":2},"end":{"line":296,"column":5}},"84":{"start":{"line":274,"column":19},"end":{"line":280,"column":5}},"85":{"start":{"line":281,"column":18},"end":{"line":288,"column":5}},"86":{"start":{"line":290,"column":17},"end":{"line":290,"column":42}},"87":{"start":{"line":291,"column":4},"end":{"line":291,"column":45}},"88":{"start":{"line":293,"column":22},"end":{"line":293,"column":49}},"89":{"start":{"line":295,"column":4},"end":{"line":295,"column":57}},"90":{"start":{"line":298,"column":2},"end":{"line":315,"column":5}},"91":{"start":{"line":299,"column":18},"end":{"line":303,"column":5}},"92":{"start":{"line":304,"column":18},"end":{"line":309,"column":5}},"93":{"start":{"line":311,"column":17},"end":{"line":311,"column":42}},"94":{"start":{"line":312,"column":4},"end":{"line":312,"column":44}},"95":{"start":{"line":314,"column":4},"end":{"line":314,"column":63}},"96":{"start":{"line":317,"column":2},"end":{"line":334,"column":5}},"97":{"start":{"line":318,"column":18},"end":{"line":322,"column":5}},"98":{"start":{"line":323,"column":18},"end":{"line":328,"column":5}},"99":{"start":{"line":330,"column":17},"end":{"line":330,"column":42}},"100":{"start":{"line":331,"column":4},"end":{"line":331,"column":44}},"101":{"start":{"line":333,"column":4},"end":{"line":333,"column":61}},"102":{"start":{"line":336,"column":2},"end":{"line":355,"column":5}},"103":{"start":{"line":337,"column":18},"end":{"line":342,"column":5}},"104":{"start":{"line":343,"column":18},"end":{"line":349,"column":5}},"105":{"start":{"line":351,"column":17},"end":{"line":351,"column":42}},"106":{"start":{"line":352,"column":4},"end":{"line":352,"column":44}},"107":{"start":{"line":354,"column":4},"end":{"line":354,"column":65}},"108":{"start":{"line":357,"column":2},"end":{"line":381,"column":5}},"109":{"start":{"line":358,"column":18},"end":{"line":362,"column":5}},"110":{"start":{"line":363,"column":18},"end":{"line":375,"column":5}},"111":{"start":{"line":377,"column":17},"end":{"line":377,"column":42}},"112":{"start":{"line":378,"column":4},"end":{"line":378,"column":44}},"113":{"start":{"line":380,"column":4},"end":{"line":380,"column":58}},"114":{"start":{"line":383,"column":2},"end":{"line":402,"column":5}},"115":{"start":{"line":384,"column":18},"end":{"line":390,"column":5}},"116":{"start":{"line":391,"column":18},"end":{"line":397,"column":5}},"117":{"start":{"line":399,"column":17},"end":{"line":399,"column":42}},"118":{"start":{"line":400,"column":4},"end":{"line":400,"column":44}},"119":{"start":{"line":401,"column":4},"end":{"line":401,"column":62}},"120":{"start":{"line":404,"column":2},"end":{"line":424,"column":5}},"121":{"start":{"line":405,"column":18},"end":{"line":410,"column":5}},"122":{"start":{"line":411,"column":18},"end":{"line":419,"column":5}},"123":{"start":{"line":421,"column":17},"end":{"line":421,"column":42}},"124":{"start":{"line":422,"column":4},"end":{"line":422,"column":44}},"125":{"start":{"line":423,"column":4},"end":{"line":423,"column":74}},"126":{"start":{"line":426,"column":2},"end":{"line":447,"column":5}},"127":{"start":{"line":427,"column":18},"end":{"line":432,"column":5}},"128":{"start":{"line":433,"column":18},"end":{"line":440,"column":5}},"129":{"start":{"line":442,"column":17},"end":{"line":442,"column":42}},"130":{"start":{"line":443,"column":4},"end":{"line":443,"column":44}},"131":{"start":{"line":445,"column":4},"end":{"line":445,"column":64}},"132":{"start":{"line":446,"column":4},"end":{"line":446,"column":75}},"133":{"start":{"line":449,"column":2},"end":{"line":470,"column":5}},"134":{"start":{"line":450,"column":18},"end":{"line":455,"column":5}},"135":{"start":{"line":456,"column":18},"end":{"line":463,"column":5}},"136":{"start":{"line":465,"column":17},"end":{"line":465,"column":42}},"137":{"start":{"line":466,"column":4},"end":{"line":466,"column":44}},"138":{"start":{"line":468,"column":4},"end":{"line":468,"column":64}},"139":{"start":{"line":469,"column":4},"end":{"line":469,"column":76}},"140":{"start":{"line":472,"column":2},"end":{"line":490,"column":5}},"141":{"start":{"line":473,"column":18},"end":{"line":477,"column":5}},"142":{"start":{"line":478,"column":18},"end":{"line":484,"column":5}},"143":{"start":{"line":486,"column":17},"end":{"line":486,"column":42}},"144":{"start":{"line":487,"column":4},"end":{"line":487,"column":44}},"145":{"start":{"line":489,"column":4},"end":{"line":489,"column":79}},"146":{"start":{"line":492,"column":2},"end":{"line":512,"column":5}},"147":{"start":{"line":493,"column":18},"end":{"line":499,"column":5}},"148":{"start":{"line":500,"column":18},"end":{"line":507,"column":5}},"149":{"start":{"line":509,"column":17},"end":{"line":509,"column":42}},"150":{"start":{"line":510,"column":4},"end":{"line":510,"column":44}},"151":{"start":{"line":511,"column":4},"end":{"line":511,"column":78}},"152":{"start":{"line":514,"column":2},"end":{"line":534,"column":5}},"153":{"start":{"line":515,"column":18},"end":{"line":521,"column":5}},"154":{"start":{"line":522,"column":18},"end":{"line":529,"column":5}},"155":{"start":{"line":531,"column":17},"end":{"line":531,"column":42}},"156":{"start":{"line":532,"column":4},"end":{"line":532,"column":44}},"157":{"start":{"line":533,"column":4},"end":{"line":533,"column":92}},"158":{"start":{"line":536,"column":2},"end":{"line":556,"column":5}},"159":{"start":{"line":537,"column":18},"end":{"line":543,"column":5}},"160":{"start":{"line":544,"column":18},"end":{"line":551,"column":5}},"161":{"start":{"line":553,"column":17},"end":{"line":553,"column":42}},"162":{"start":{"line":554,"column":4},"end":{"line":554,"column":44}},"163":{"start":{"line":555,"column":4},"end":{"line":555,"column":103}},"164":{"start":{"line":558,"column":2},"end":{"line":578,"column":5}},"165":{"start":{"line":559,"column":18},"end":{"line":565,"column":5}},"166":{"start":{"line":566,"column":18},"end":{"line":573,"column":5}},"167":{"start":{"line":575,"column":17},"end":{"line":575,"column":42}},"168":{"start":{"line":576,"column":4},"end":{"line":576,"column":44}},"169":{"start":{"line":577,"column":4},"end":{"line":577,"column":116}},"170":{"start":{"line":580,"column":2},"end":{"line":600,"column":5}},"171":{"start":{"line":581,"column":18},"end":{"line":587,"column":5}},"172":{"start":{"line":588,"column":18},"end":{"line":595,"column":5}},"173":{"start":{"line":597,"column":17},"end":{"line":597,"column":42}},"174":{"start":{"line":598,"column":4},"end":{"line":598,"column":44}},"175":{"start":{"line":599,"column":4},"end":{"line":599,"column":135}},"176":{"start":{"line":602,"column":2},"end":{"line":622,"column":5}},"177":{"start":{"line":603,"column":18},"end":{"line":609,"column":5}},"178":{"start":{"line":610,"column":18},"end":{"line":617,"column":5}},"179":{"start":{"line":619,"column":17},"end":{"line":619,"column":42}},"180":{"start":{"line":620,"column":4},"end":{"line":620,"column":44}},"181":{"start":{"line":621,"column":4},"end":{"line":621,"column":135}},"182":{"start":{"line":624,"column":2},"end":{"line":649,"column":5}},"183":{"start":{"line":625,"column":18},"end":{"line":631,"column":5}},"184":{"start":{"line":632,"column":18},"end":{"line":643,"column":5}},"185":{"start":{"line":646,"column":4},"end":{"line":648,"column":106}},"186":{"start":{"line":647,"column":21},"end":{"line":647,"column":46}},"187":{"start":{"line":651,"column":2},"end":{"line":677,"column":5}},"188":{"start":{"line":652,"column":18},"end":{"line":658,"column":5}},"189":{"start":{"line":659,"column":18},"end":{"line":670,"column":5}},"190":{"start":{"line":672,"column":4},"end":{"line":676,"column":97}},"191":{"start":{"line":673,"column":21},"end":{"line":673,"column":46}},"192":{"start":{"line":679,"column":2},"end":{"line":703,"column":5}},"193":{"start":{"line":680,"column":18},"end":{"line":686,"column":5}},"194":{"start":{"line":687,"column":18},"end":{"line":698,"column":5}},"195":{"start":{"line":700,"column":17},"end":{"line":700,"column":42}},"196":{"start":{"line":701,"column":4},"end":{"line":701,"column":44}},"197":{"start":{"line":702,"column":4},"end":{"line":702,"column":145}},"198":{"start":{"line":705,"column":2},"end":{"line":729,"column":5}},"199":{"start":{"line":706,"column":18},"end":{"line":712,"column":5}},"200":{"start":{"line":713,"column":18},"end":{"line":724,"column":5}},"201":{"start":{"line":726,"column":17},"end":{"line":726,"column":42}},"202":{"start":{"line":727,"column":4},"end":{"line":727,"column":44}},"203":{"start":{"line":728,"column":4},"end":{"line":728,"column":155}},"204":{"start":{"line":731,"column":2},"end":{"line":748,"column":5}},"205":{"start":{"line":732,"column":18},"end":{"line":738,"column":5}},"206":{"start":{"line":739,"column":18},"end":{"line":743,"column":5}},"207":{"start":{"line":745,"column":17},"end":{"line":745,"column":42}},"208":{"start":{"line":746,"column":4},"end":{"line":746,"column":44}},"209":{"start":{"line":747,"column":4},"end":{"line":747,"column":78}},"210":{"start":{"line":750,"column":2},"end":{"line":767,"column":5}},"211":{"start":{"line":751,"column":18},"end":{"line":757,"column":5}},"212":{"start":{"line":758,"column":18},"end":{"line":762,"column":5}},"213":{"start":{"line":764,"column":17},"end":{"line":764,"column":42}},"214":{"start":{"line":765,"column":4},"end":{"line":765,"column":44}},"215":{"start":{"line":766,"column":4},"end":{"line":766,"column":78}}},"fnMap":{"0":{"name":"(anonymous_0)","decl":{"start":{"line":8,"column":27},"end":{"line":8,"column":28}},"loc":{"start":{"line":8,"column":39},"end":{"line":768,"column":1}},"line":8},"1":{"name":"(anonymous_1)","decl":{"start":{"line":9,"column":42},"end":{"line":9,"column":43}},"loc":{"start":{"line":9,"column":53},"end":{"line":29,"column":3}},"line":9},"2":{"name":"(anonymous_2)","decl":{"start":{"line":31,"column":25},"end":{"line":31,"column":26}},"loc":{"start":{"line":31,"column":36},"end":{"line":48,"column":3}},"line":31},"3":{"name":"(anonymous_3)","decl":{"start":{"line":50,"column":51},"end":{"line":50,"column":52}},"loc":{"start":{"line":50,"column":62},"end":{"line":70,"column":3}},"line":50},"4":{"name":"(anonymous_4)","decl":{"start":{"line":72,"column":42},"end":{"line":72,"column":43}},"loc":{"start":{"line":72,"column":53},"end":{"line":93,"column":3}},"line":72},"5":{"name":"(anonymous_5)","decl":{"start":{"line":95,"column":50},"end":{"line":95,"column":51}},"loc":{"start":{"line":95,"column":61},"end":{"line":113,"column":3}},"line":95},"6":{"name":"(anonymous_6)","decl":{"start":{"line":115,"column":34},"end":{"line":115,"column":35}},"loc":{"start":{"line":115,"column":45},"end":{"line":133,"column":3}},"line":115},"7":{"name":"(anonymous_7)","decl":{"start":{"line":135,"column":44},"end":{"line":135,"column":45}},"loc":{"start":{"line":135,"column":55},"end":{"line":155,"column":3}},"line":135},"8":{"name":"(anonymous_8)","decl":{"start":{"line":157,"column":77},"end":{"line":157,"column":78}},"loc":{"start":{"line":157,"column":88},"end":{"line":175,"column":3}},"line":157},"9":{"name":"(anonymous_9)","decl":{"start":{"line":177,"column":49},"end":{"line":177,"column":50}},"loc":{"start":{"line":177,"column":60},"end":{"line":196,"column":3}},"line":177},"10":{"name":"(anonymous_10)","decl":{"start":{"line":199,"column":50},"end":{"line":199,"column":51}},"loc":{"start":{"line":199,"column":61},"end":{"line":220,"column":3}},"line":199},"11":{"name":"(anonymous_11)","decl":{"start":{"line":222,"column":23},"end":{"line":222,"column":24}},"loc":{"start":{"line":222,"column":34},"end":{"line":246,"column":3}},"line":222},"12":{"name":"(anonymous_12)","decl":{"start":{"line":248,"column":25},"end":{"line":248,"column":26}},"loc":{"start":{"line":248,"column":36},"end":{"line":271,"column":3}},"line":248},"13":{"name":"(anonymous_13)","decl":{"start":{"line":273,"column":37},"end":{"line":273,"column":38}},"loc":{"start":{"line":273,"column":48},"end":{"line":296,"column":3}},"line":273},"14":{"name":"(anonymous_14)","decl":{"start":{"line":298,"column":20},"end":{"line":298,"column":21}},"loc":{"start":{"line":298,"column":31},"end":{"line":315,"column":3}},"line":298},"15":{"name":"(anonymous_15)","decl":{"start":{"line":317,"column":20},"end":{"line":317,"column":21}},"loc":{"start":{"line":317,"column":31},"end":{"line":334,"column":3}},"line":317},"16":{"name":"(anonymous_16)","decl":{"start":{"line":336,"column":25},"end":{"line":336,"column":26}},"loc":{"start":{"line":336,"column":36},"end":{"line":355,"column":3}},"line":336},"17":{"name":"(anonymous_17)","decl":{"start":{"line":357,"column":28},"end":{"line":357,"column":29}},"loc":{"start":{"line":357,"column":39},"end":{"line":381,"column":3}},"line":357},"18":{"name":"(anonymous_18)","decl":{"start":{"line":383,"column":55},"end":{"line":383,"column":56}},"loc":{"start":{"line":383,"column":67},"end":{"line":402,"column":3}},"line":383},"19":{"name":"(anonymous_19)","decl":{"start":{"line":404,"column":30},"end":{"line":404,"column":31}},"loc":{"start":{"line":404,"column":41},"end":{"line":424,"column":3}},"line":404},"20":{"name":"(anonymous_20)","decl":{"start":{"line":426,"column":22},"end":{"line":426,"column":23}},"loc":{"start":{"line":426,"column":33},"end":{"line":447,"column":3}},"line":426},"21":{"name":"(anonymous_21)","decl":{"start":{"line":449,"column":21},"end":{"line":449,"column":22}},"loc":{"start":{"line":449,"column":32},"end":{"line":470,"column":3}},"line":449},"22":{"name":"(anonymous_22)","decl":{"start":{"line":472,"column":26},"end":{"line":472,"column":27}},"loc":{"start":{"line":472,"column":37},"end":{"line":490,"column":3}},"line":472},"23":{"name":"(anonymous_23)","decl":{"start":{"line":492,"column":28},"end":{"line":492,"column":29}},"loc":{"start":{"line":492,"column":39},"end":{"line":512,"column":3}},"line":492},"24":{"name":"(anonymous_24)","decl":{"start":{"line":514,"column":44},"end":{"line":514,"column":45}},"loc":{"start":{"line":514,"column":55},"end":{"line":534,"column":3}},"line":514},"25":{"name":"(anonymous_25)","decl":{"start":{"line":536,"column":50},"end":{"line":536,"column":51}},"loc":{"start":{"line":536,"column":61},"end":{"line":556,"column":3}},"line":536},"26":{"name":"(anonymous_26)","decl":{"start":{"line":558,"column":47},"end":{"line":558,"column":48}},"loc":{"start":{"line":558,"column":58},"end":{"line":578,"column":3}},"line":558},"27":{"name":"(anonymous_27)","decl":{"start":{"line":580,"column":47},"end":{"line":580,"column":48}},"loc":{"start":{"line":580,"column":58},"end":{"line":600,"column":3}},"line":580},"28":{"name":"(anonymous_28)","decl":{"start":{"line":602,"column":47},"end":{"line":602,"column":48}},"loc":{"start":{"line":602,"column":58},"end":{"line":622,"column":3}},"line":602},"29":{"name":"(anonymous_29)","decl":{"start":{"line":624,"column":74},"end":{"line":624,"column":75}},"loc":{"start":{"line":624,"column":85},"end":{"line":649,"column":3}},"line":624},"30":{"name":"(anonymous_30)","decl":{"start":{"line":646,"column":18},"end":{"line":646,"column":19}},"loc":{"start":{"line":646,"column":30},"end":{"line":648,"column":5}},"line":646},"31":{"name":"(anonymous_31)","decl":{"start":{"line":651,"column":81},"end":{"line":651,"column":82}},"loc":{"start":{"line":651,"column":92},"end":{"line":677,"column":3}},"line":651},"32":{"name":"(anonymous_32)","decl":{"start":{"line":672,"column":18},"end":{"line":672,"column":19}},"loc":{"start":{"line":672,"column":30},"end":{"line":676,"column":5}},"line":672},"33":{"name":"(anonymous_33)","decl":{"start":{"line":679,"column":74},"end":{"line":679,"column":75}},"loc":{"start":{"line":679,"column":85},"end":{"line":703,"column":3}},"line":679},"34":{"name":"(anonymous_34)","decl":{"start":{"line":705,"column":69},"end":{"line":705,"column":70}},"loc":{"start":{"line":705,"column":80},"end":{"line":729,"column":3}},"line":705},"35":{"name":"(anonymous_35)","decl":{"start":{"line":731,"column":42},"end":{"line":731,"column":43}},"loc":{"start":{"line":731,"column":53},"end":{"line":748,"column":3}},"line":731},"36":{"name":"(anonymous_36)","decl":{"start":{"line":750,"column":62},"end":{"line":750,"column":63}},"loc":{"start":{"line":750,"column":73},"end":{"line":767,"column":3}},"line":750}},"branchMap":{},"s":{"0":1,"1":1,"2":1,"3":1,"4":1,"5":1,"6":1,"7":1,"8":1,"9":1,"10":1,"11":1,"12":1,"13":1,"14":1,"15":1,"16":1,"17":1,"18":1,"19":1,"20":1,"21":1,"22":1,"23":1,"24":1,"25":1,"26":1,"27":1,"28":1,"29":1,"30":1,"31":1,"32":1,"33":1,"34":1,"35":1,"36":1,"37":1,"38":1,"39":1,"40":1,"41":1,"42":1,"43":1,"44":1,"45":1,"46":1,"47":1,"48":1,"49":1,"50":1,"51":1,"52":1,"53":1,"54":1,"55":1,"56":1,"57":1,"58":1,"59":1,"60":1,"61":1,"62":1,"63":1,"64":1,"65":1,"66":1,"67":1,"68":1,"69":1,"70":1,"71":1,"72":1,"73":1,"74":1,"75":1,"76":1,"77":1,"78":1,"79":1,"80":1,"81":1,"82":1,"83":1,"84":1,"85":1,"86":1,"87":1,"88":1,"89":1,"90":1,"91":1,"92":1,"93":1,"94":1,"95":1,"96":1,"97":1,"98":1,"99":1,"100":1,"101":1,"102":1,"103":1,"104":1,"105":1,"106":1,"107":1,"108":1,"109":1,"110":1,"111":1,"112":1,"113":1,"114":1,"115":1,"116":1,"117":1,"118":1,"119":1,"120":1,"121":1,"122":1,"123":1,"124":1,"125":1,"126":1,"127":1,"128":1,"129":1,"130":1,"131":1,"132":1,"133":1,"134":1,"135":1,"136":1,"137":1,"138":1,"139":1,"140":1,"141":1,"142":1,"143":1,"144":1,"145":1,"146":1,"147":1,"148":1,"149":1,"150":1,"151":1,"152":1,"153":1,"154":1,"155":1,"156":1,"157":1,"158":1,"159":1,"160":1,"161":1,"162":1,"163":1,"164":1,"165":1,"166":1,"167":1,"168":1,"169":1,"170":1,"171":1,"172":1,"173":1,"174":1,"175":1,"176":1,"177":1,"178":1,"179":1,"180":1,"181":1,"182":1,"183":1,"184":1,"185":1,"186":1,"187":1,"188":1,"189":1,"190":1,"191":1,"192":1,"193":1,"194":1,"195":1,"196":1,"197":1,"198":1,"199":1,"200":1,"201":1,"202":1,"203":1,"204":1,"205":1,"206":1,"207":1,"208":1,"209":1,"210":1,"211":1,"212":1,"213":1,"214":1,"215":1},"f":{"0":1,"1":1,"2":1,"3":1,"4":1,"5":1,"6":1,"7":1,"8":1,"9":1,"10":1,"11":1,"12":1,"13":1,"14":1,"15":1,"16":1,"17":1,"18":1,"19":1,"20":1,"21":1,"22":1,"23":1,"24":1,"25":1,"26":1,"27":1,"28":1,"29":1,"30":1,"31":1,"32":1,"33":1,"34":1,"35":1,"36":1},"b":{},"_coverageSchema":"332fd63041d2c1bcb487cc26dd0d5f7d97098a6c","hash":"1a69266f0a683487e712cdfe8477587943a7d066","contentHash":"478876c38764c29f49912e6d194f17a2_11.4.1"},"/Users/xiaokang/Documents/oceanbase/jison/packages/jison/tests/setup.js":{"path":"/Users/xiaokang/Documents/oceanbase/jison/packages/jison/tests/setup.js","statementMap":{"0":{"start":{"line":3,"column":12},"end":{"line":3,"column":40}},"1":{"start":{"line":7,"column":13},"end":{"line":7,"column":30}},"2":{"start":{"line":8,"column":0},"end":{"line":8,"column":14}},"3":{"start":{"line":9,"column":0},"end":{"line":9,"column":21}},"4":{"start":{"line":10,"column":0},"end":{"line":10,"column":20}},"5":{"start":{"line":13,"column":0},"end":{"line":17,"column":2}}},"fnMap":{},"branchMap":{},"s":{"0":1,"1":1,"2":1,"3":1,"4":1,"5":1},"f":{},"b":{},"_coverageSchema":"332fd63041d2c1bcb487cc26dd0d5f7d97098a6c","hash":"88b147339f17f87de15e0ab2c42ade0228745d5c","contentHash":"b26bda7a1c38fe316dd8eeb844b904da_11.4.1"},"/Users/xiaokang/Documents/oceanbase/jison/packages/jison/dist/jison-cjs.js":{"path":"/Users/xiaokang/Documents/oceanbase/jison/packages/jison/dist/jison-cjs.js","statementMap":{"0":{"start":{"line":3,"column":14},"end":{"line":3,"column":42}},"1":{"start":{"line":4,"column":13},"end":{"line":4,"column":30}},"2":{"start":{"line":5,"column":12},"end":{"line":5,"column":44}},"3":{"start":{"line":6,"column":17},"end":{"line":6,"column":51}},"4":{"start":{"line":7,"column":16},"end":{"line":7,"column":49}},"5":{"start":{"line":8,"column":12},"end":{"line":8,"column":40}},"6":{"start":{"line":9,"column":14},"end":{"line":9,"column":44}},"7":{"start":{"line":10,"column":13},"end":{"line":10,"column":42}},"8":{"start":{"line":11,"column":15},"end":{"line":11,"column":46}},"9":{"start":{"line":12,"column":11},"end":{"line":12,"column":26}},"10":{"start":{"line":13,"column":9},"end":{"line":13,"column":22}},"11":{"start":{"line":22,"column":21},"end":{"line":22,"column":41}},"12":{"start":{"line":25,"column":13},"end":{"line":29,"column":1}},"13":{"start":{"line":27,"column":4},"end":{"line":27,"column":20}},"14":{"start":{"line":28,"column":4},"end":{"line":28,"column":19}},"15":{"start":{"line":30,"column":15},"end":{"line":30,"column":32}},"16":{"start":{"line":35,"column":4},"end":{"line":49,"column":5}},"17":{"start":{"line":36,"column":8},"end":{"line":42,"column":10}},"18":{"start":{"line":37,"column":22},"end":{"line":37,"column":49}},"19":{"start":{"line":38,"column":23},"end":{"line":38,"column":47}},"20":{"start":{"line":39,"column":12},"end":{"line":39,"column":35}},"21":{"start":{"line":40,"column":12},"end":{"line":40,"column":34}},"22":{"start":{"line":41,"column":12},"end":{"line":41,"column":23}},"23":{"start":{"line":43,"column":11},"end":{"line":49,"column":5}},"24":{"start":{"line":44,"column":8},"end":{"line":48,"column":10}},"25":{"start":{"line":45,"column":12},"end":{"line":45,"column":39}},"26":{"start":{"line":46,"column":22},"end":{"line":46,"column":49}},"27":{"start":{"line":47,"column":12},"end":{"line":47,"column":23}},"28":{"start":{"line":50,"column":4},"end":{"line":50,"column":15}},"29":{"start":{"line":58,"column":4},"end":{"line":78,"column":5}},"30":{"start":{"line":59,"column":8},"end":{"line":59,"column":25}},"31":{"start":{"line":60,"column":8},"end":{"line":60,"column":25}},"32":{"start":{"line":60,"column":16},"end":{"line":60,"column":25}},"33":{"start":{"line":61,"column":8},"end":{"line":63,"column":9}},"34":{"start":{"line":62,"column":12},"end":{"line":62,"column":45}},"35":{"start":{"line":64,"column":8},"end":{"line":66,"column":9}},"36":{"start":{"line":65,"column":12},"end":{"line":65,"column":39}},"37":{"start":{"line":67,"column":8},"end":{"line":77,"column":9}},"38":{"start":{"line":68,"column":12},"end":{"line":76,"column":13}},"39":{"start":{"line":69,"column":28},"end":{"line":69,"column":45}},"40":{"start":{"line":70,"column":26},"end":{"line":70,"column":49}},"41":{"start":{"line":71,"column":16},"end":{"line":75,"column":17}},"42":{"start":{"line":72,"column":20},"end":{"line":72,"column":76}},"43":{"start":{"line":74,"column":20},"end":{"line":74,"column":35}},"44":{"start":{"line":79,"column":4},"end":{"line":79,"column":16}},"45":{"start":{"line":91,"column":8},"end":{"line":93,"column":11}},"46":{"start":{"line":92,"column":12},"end":{"line":92,"column":39}},"47":{"start":{"line":96,"column":4},"end":{"line":126,"column":5}},"48":{"start":{"line":97,"column":8},"end":{"line":97,"column":25}},"49":{"start":{"line":98,"column":8},"end":{"line":98,"column":25}},"50":{"start":{"line":98,"column":16},"end":{"line":98,"column":25}},"51":{"start":{"line":99,"column":8},"end":{"line":101,"column":9}},"52":{"start":{"line":100,"column":12},"end":{"line":100,"column":45}},"53":{"start":{"line":102,"column":8},"end":{"line":104,"column":9}},"54":{"start":{"line":103,"column":12},"end":{"line":103,"column":39}},"55":{"start":{"line":105,"column":8},"end":{"line":107,"column":9}},"56":{"start":{"line":106,"column":12},"end":{"line":106,"column":22}},"57":{"start":{"line":108,"column":8},"end":{"line":125,"column":9}},"58":{"start":{"line":109,"column":12},"end":{"line":124,"column":13}},"59":{"start":{"line":110,"column":25},"end":{"line":110,"column":42}},"60":{"start":{"line":111,"column":28},"end":{"line":111,"column":45}},"61":{"start":{"line":112,"column":26},"end":{"line":112,"column":49}},"62":{"start":{"line":115,"column":30},"end":{"line":115,"column":41}},"63":{"start":{"line":116,"column":16},"end":{"line":123,"column":17}},"64":{"start":{"line":117,"column":20},"end":{"line":117,"column":76}},"65":{"start":{"line":119,"column":21},"end":{"line":123,"column":17}},"66":{"start":{"line":120,"column":20},"end":{"line":120,"column":88}},"67":{"start":{"line":122,"column":20},"end":{"line":122,"column":36}},"68":{"start":{"line":127,"column":4},"end":{"line":127,"column":16}},"69":{"start":{"line":130,"column":12},"end":{"line":155,"column":1}},"70":{"start":{"line":140,"column":8},"end":{"line":140,"column":90}},"71":{"start":{"line":145,"column":16},"end":{"line":145,"column":56}},"72":{"start":{"line":146,"column":26},"end":{"line":146,"column":39}},"73":{"start":{"line":147,"column":20},"end":{"line":147,"column":94}},"74":{"start":{"line":147,"column":50},"end":{"line":147,"column":92}},"75":{"start":{"line":148,"column":8},"end":{"line":148,"column":28}},"76":{"start":{"line":149,"column":8},"end":{"line":149,"column":30}},"77":{"start":{"line":150,"column":8},"end":{"line":150,"column":21}},"78":{"start":{"line":154,"column":48},"end":{"line":154,"column":60}},"79":{"start":{"line":159,"column":15},"end":{"line":242,"column":1}},"80":{"start":{"line":161,"column":8},"end":{"line":161,"column":25}},"81":{"start":{"line":162,"column":8},"end":{"line":167,"column":9}},"82":{"start":{"line":163,"column":12},"end":{"line":163,"column":50}},"83":{"start":{"line":165,"column":13},"end":{"line":167,"column":9}},"84":{"start":{"line":166,"column":12},"end":{"line":166,"column":54}},"85":{"start":{"line":170,"column":8},"end":{"line":170,"column":65}},"86":{"start":{"line":171,"column":8},"end":{"line":171,"column":20}},"87":{"start":{"line":174,"column":8},"end":{"line":174,"column":98}},"88":{"start":{"line":177,"column":8},"end":{"line":184,"column":9}},"89":{"start":{"line":178,"column":12},"end":{"line":182,"column":13}},"90":{"start":{"line":179,"column":16},"end":{"line":181,"column":17}},"91":{"start":{"line":180,"column":20},"end":{"line":180,"column":29}},"92":{"start":{"line":183,"column":12},"end":{"line":183,"column":22}},"93":{"start":{"line":185,"column":8},"end":{"line":185,"column":41}},"94":{"start":{"line":188,"column":8},"end":{"line":190,"column":11}},"95":{"start":{"line":189,"column":12},"end":{"line":189,"column":37}},"96":{"start":{"line":193,"column":19},"end":{"line":193,"column":23}},"97":{"start":{"line":194,"column":8},"end":{"line":196,"column":11}},"98":{"start":{"line":195,"column":12},"end":{"line":195,"column":39}},"99":{"start":{"line":199,"column":19},"end":{"line":199,"column":23}},"100":{"start":{"line":200,"column":8},"end":{"line":202,"column":9}},"101":{"start":{"line":201,"column":12},"end":{"line":201,"column":56}},"102":{"start":{"line":203,"column":8},"end":{"line":203,"column":20}},"103":{"start":{"line":206,"column":8},"end":{"line":206,"column":32}},"104":{"start":{"line":209,"column":8},"end":{"line":209,"column":49}},"105":{"start":{"line":212,"column":8},"end":{"line":212,"column":41}},"106":{"start":{"line":215,"column":8},"end":{"line":215,"column":30}},"107":{"start":{"line":218,"column":8},"end":{"line":218,"column":30}},"108":{"start":{"line":221,"column":8},"end":{"line":221,"column":35}},"109":{"start":{"line":222,"column":8},"end":{"line":222,"column":20}},"110":{"start":{"line":225,"column":8},"end":{"line":225,"column":30}},"111":{"start":{"line":228,"column":8},"end":{"line":228,"column":51}},"112":{"start":{"line":231,"column":8},"end":{"line":231,"column":34}},"113":{"start":{"line":234,"column":8},"end":{"line":234,"column":40}},"114":{"start":{"line":237,"column":8},"end":{"line":237,"column":36}},"115":{"start":{"line":240,"column":8},"end":{"line":240,"column":38}},"116":{"start":{"line":244,"column":0},"end":{"line":249,"column":3}},"117":{"start":{"line":245,"column":4},"end":{"line":247,"column":6}},"118":{"start":{"line":246,"column":8},"end":{"line":246,"column":64}},"119":{"start":{"line":250,"column":0},"end":{"line":255,"column":3}},"120":{"start":{"line":251,"column":4},"end":{"line":253,"column":6}},"121":{"start":{"line":252,"column":8},"end":{"line":252,"column":79}},"122":{"start":{"line":257,"column":10},"end":{"line":257,"column":35}},"123":{"start":{"line":259,"column":19},"end":{"line":259,"column":37}},"124":{"start":{"line":260,"column":0},"end":{"line":260,"column":18}},"125":{"start":{"line":271,"column":4},"end":{"line":273,"column":5}},"126":{"start":{"line":272,"column":8},"end":{"line":272,"column":31}},"127":{"start":{"line":274,"column":4},"end":{"line":274,"column":28}},"128":{"start":{"line":275,"column":4},"end":{"line":275,"column":87}},"129":{"start":{"line":276,"column":4},"end":{"line":276,"column":90}},"130":{"start":{"line":277,"column":4},"end":{"line":300,"column":5}},"131":{"start":{"line":280,"column":8},"end":{"line":280,"column":33}},"132":{"start":{"line":281,"column":8},"end":{"line":281,"column":14}},"133":{"start":{"line":284,"column":8},"end":{"line":284,"column":33}},"134":{"start":{"line":285,"column":8},"end":{"line":285,"column":14}},"135":{"start":{"line":289,"column":8},"end":{"line":289,"column":33}},"136":{"start":{"line":290,"column":8},"end":{"line":290,"column":34}},"137":{"start":{"line":291,"column":8},"end":{"line":291,"column":34}},"138":{"start":{"line":292,"column":8},"end":{"line":292,"column":14}},"139":{"start":{"line":296,"column":8},"end":{"line":296,"column":33}},"140":{"start":{"line":297,"column":8},"end":{"line":297,"column":33}},"141":{"start":{"line":298,"column":8},"end":{"line":298,"column":35}},"142":{"start":{"line":299,"column":8},"end":{"line":299,"column":14}},"143":{"start":{"line":303,"column":8},"end":{"line":303,"column":46}},"144":{"start":{"line":307,"column":8},"end":{"line":307,"column":78}},"145":{"start":{"line":315,"column":29},"end":{"line":315,"column":36}},"146":{"start":{"line":316,"column":18},"end":{"line":316,"column":30}},"147":{"start":{"line":317,"column":19},"end":{"line":317,"column":32}},"148":{"start":{"line":318,"column":8},"end":{"line":321,"column":9}},"149":{"start":{"line":319,"column":12},"end":{"line":319,"column":43}},"150":{"start":{"line":320,"column":12},"end":{"line":320,"column":26}},"151":{"start":{"line":322,"column":8},"end":{"line":322,"column":59}},"152":{"start":{"line":324,"column":18},"end":{"line":324,"column":50}},"153":{"start":{"line":325,"column":22},"end":{"line":325,"column":49}},"154":{"start":{"line":327,"column":20},"end":{"line":327,"column":49}},"155":{"start":{"line":328,"column":18},"end":{"line":328,"column":52}},"156":{"start":{"line":329,"column":8},"end":{"line":331,"column":16}},"157":{"start":{"line":333,"column":8},"end":{"line":333,"column":23}},"158":{"start":{"line":337,"column":19},"end":{"line":337,"column":69}},"159":{"start":{"line":338,"column":8},"end":{"line":338,"column":41}},"160":{"start":{"line":342,"column":8},"end":{"line":349,"column":9}},"161":{"start":{"line":343,"column":12},"end":{"line":347,"column":13}},"162":{"start":{"line":344,"column":16},"end":{"line":346,"column":17}},"163":{"start":{"line":345,"column":20},"end":{"line":345,"column":33}},"164":{"start":{"line":348,"column":12},"end":{"line":348,"column":24}},"165":{"start":{"line":350,"column":8},"end":{"line":350,"column":21}},"166":{"start":{"line":356,"column":20},"end":{"line":356,"column":142}},"167":{"start":{"line":357,"column":15},"end":{"line":365,"column":5}},"168":{"start":{"line":372,"column":8},"end":{"line":372,"column":32}},"169":{"start":{"line":373,"column":8},"end":{"line":378,"column":38}},"170":{"start":{"line":374,"column":20},"end":{"line":374,"column":27}},"171":{"start":{"line":375,"column":12},"end":{"line":377,"column":74}},"172":{"start":{"line":388,"column":8},"end":{"line":392,"column":9}},"173":{"start":{"line":389,"column":12},"end":{"line":389,"column":26}},"174":{"start":{"line":390,"column":12},"end":{"line":390,"column":27}},"175":{"start":{"line":391,"column":12},"end":{"line":391,"column":25}},"176":{"start":{"line":393,"column":8},"end":{"line":393,"column":60}},"177":{"start":{"line":393,"column":40},"end":{"line":393,"column":60}},"178":{"start":{"line":394,"column":8},"end":{"line":394,"column":66}},"179":{"start":{"line":394,"column":54},"end":{"line":394,"column":66}},"180":{"start":{"line":395,"column":8},"end":{"line":397,"column":9}},"181":{"start":{"line":396,"column":12},"end":{"line":396,"column":24}},"182":{"start":{"line":399,"column":8},"end":{"line":403,"column":9}},"183":{"start":{"line":400,"column":12},"end":{"line":402,"column":13}},"184":{"start":{"line":401,"column":16},"end":{"line":401,"column":62}},"185":{"start":{"line":404,"column":8},"end":{"line":404,"column":28}},"186":{"start":{"line":405,"column":8},"end":{"line":405,"column":28}},"187":{"start":{"line":406,"column":8},"end":{"line":406,"column":19}},"188":{"start":{"line":408,"column":17},"end":{"line":408,"column":39}},"189":{"start":{"line":409,"column":8},"end":{"line":411,"column":9}},"190":{"start":{"line":410,"column":12},"end":{"line":410,"column":57}},"191":{"start":{"line":412,"column":8},"end":{"line":412,"column":18}},"192":{"start":{"line":416,"column":24},"end":{"line":416,"column":27}},"193":{"start":{"line":417,"column":4},"end":{"line":417,"column":25}},"194":{"start":{"line":419,"column":22},"end":{"line":419,"column":24}},"195":{"start":{"line":420,"column":4},"end":{"line":572,"column":5}},"196":{"start":{"line":421,"column":22},"end":{"line":421,"column":24}},"197":{"start":{"line":422,"column":24},"end":{"line":422,"column":26}},"198":{"start":{"line":423,"column":23},"end":{"line":423,"column":25}},"199":{"start":{"line":426,"column":8},"end":{"line":426,"column":29}},"200":{"start":{"line":427,"column":8},"end":{"line":427,"column":30}},"201":{"start":{"line":428,"column":8},"end":{"line":447,"column":9}},"202":{"start":{"line":429,"column":12},"end":{"line":431,"column":15}},"203":{"start":{"line":433,"column":25},"end":{"line":433,"column":26}},"204":{"start":{"line":434,"column":12},"end":{"line":436,"column":13}},"205":{"start":{"line":435,"column":16},"end":{"line":435,"column":54}},"206":{"start":{"line":437,"column":12},"end":{"line":437,"column":50}},"207":{"start":{"line":438,"column":12},"end":{"line":438,"column":48}},"208":{"start":{"line":439,"column":12},"end":{"line":439,"column":52}},"209":{"start":{"line":440,"column":12},"end":{"line":442,"column":13}},"210":{"start":{"line":441,"column":16},"end":{"line":441,"column":63}},"211":{"start":{"line":444,"column":12},"end":{"line":446,"column":15}},"212":{"start":{"line":449,"column":8},"end":{"line":449,"column":35}},"213":{"start":{"line":450,"column":8},"end":{"line":450,"column":36}},"214":{"start":{"line":451,"column":8},"end":{"line":467,"column":9}},"215":{"start":{"line":452,"column":12},"end":{"line":454,"column":15}},"216":{"start":{"line":456,"column":12},"end":{"line":462,"column":13}},"217":{"start":{"line":457,"column":28},"end":{"line":457,"column":34}},"218":{"start":{"line":458,"column":26},"end":{"line":458,"column":34}},"219":{"start":{"line":459,"column":28},"end":{"line":459,"column":36}},"220":{"start":{"line":461,"column":16},"end":{"line":461,"column":54}},"221":{"start":{"line":464,"column":12},"end":{"line":466,"column":15}},"222":{"start":{"line":469,"column":8},"end":{"line":469,"column":30}},"223":{"start":{"line":470,"column":8},"end":{"line":470,"column":31}},"224":{"start":{"line":471,"column":8},"end":{"line":485,"column":9}},"225":{"start":{"line":472,"column":12},"end":{"line":474,"column":15}},"226":{"start":{"line":476,"column":12},"end":{"line":484,"column":13}},"227":{"start":{"line":477,"column":28},"end":{"line":477,"column":36}},"228":{"start":{"line":478,"column":16},"end":{"line":483,"column":17}},"229":{"start":{"line":479,"column":20},"end":{"line":479,"column":66}},"230":{"start":{"line":482,"column":20},"end":{"line":482,"column":52}},"231":{"start":{"line":487,"column":8},"end":{"line":487,"column":38}},"232":{"start":{"line":488,"column":8},"end":{"line":488,"column":39}},"233":{"start":{"line":489,"column":8},"end":{"line":495,"column":9}},"234":{"start":{"line":490,"column":12},"end":{"line":494,"column":13}},"235":{"start":{"line":491,"column":28},"end":{"line":491,"column":36}},"236":{"start":{"line":493,"column":16},"end":{"line":493,"column":60}},"237":{"start":{"line":497,"column":8},"end":{"line":497,"column":36}},"238":{"start":{"line":498,"column":8},"end":{"line":498,"column":37}},"239":{"start":{"line":499,"column":8},"end":{"line":501,"column":9}},"240":{"start":{"line":500,"column":12},"end":{"line":500,"column":72}},"241":{"start":{"line":503,"column":8},"end":{"line":503,"column":28}},"242":{"start":{"line":504,"column":8},"end":{"line":504,"column":29}},"243":{"start":{"line":505,"column":8},"end":{"line":534,"column":9}},"244":{"start":{"line":506,"column":12},"end":{"line":533,"column":13}},"245":{"start":{"line":507,"column":28},"end":{"line":507,"column":34}},"246":{"start":{"line":508,"column":16},"end":{"line":508,"column":31}},"247":{"start":{"line":509,"column":29},"end":{"line":509,"column":54}},"248":{"start":{"line":511,"column":34},"end":{"line":511,"column":55}},"249":{"start":{"line":512,"column":16},"end":{"line":516,"column":19}},"250":{"start":{"line":517,"column":16},"end":{"line":532,"column":17}},"251":{"start":{"line":518,"column":20},"end":{"line":523,"column":21}},"252":{"start":{"line":519,"column":24},"end":{"line":519,"column":85}},"253":{"start":{"line":522,"column":24},"end":{"line":522,"column":111}},"254":{"start":{"line":526,"column":20},"end":{"line":531,"column":21}},"255":{"start":{"line":527,"column":24},"end":{"line":527,"column":87}},"256":{"start":{"line":530,"column":24},"end":{"line":530,"column":113}},"257":{"start":{"line":536,"column":8},"end":{"line":536,"column":36}},"258":{"start":{"line":537,"column":8},"end":{"line":537,"column":37}},"259":{"start":{"line":538,"column":8},"end":{"line":540,"column":9}},"260":{"start":{"line":539,"column":12},"end":{"line":539,"column":55}},"261":{"start":{"line":542,"column":18},"end":{"line":542,"column":20}},"262":{"start":{"line":544,"column":8},"end":{"line":555,"column":9}},"263":{"start":{"line":546,"column":22},"end":{"line":546,"column":55}},"264":{"start":{"line":547,"column":12},"end":{"line":554,"column":14}},"265":{"start":{"line":556,"column":8},"end":{"line":556,"column":23}},"266":{"start":{"line":558,"column":8},"end":{"line":558,"column":43}},"267":{"start":{"line":559,"column":8},"end":{"line":563,"column":42}},"268":{"start":{"line":564,"column":8},"end":{"line":570,"column":9}},"269":{"start":{"line":565,"column":12},"end":{"line":569,"column":45}},"270":{"start":{"line":571,"column":8},"end":{"line":571,"column":26}},"271":{"start":{"line":574,"column":22},"end":{"line":574,"column":24}},"272":{"start":{"line":575,"column":22},"end":{"line":575,"column":24}},"273":{"start":{"line":576,"column":21},"end":{"line":576,"column":23}},"274":{"start":{"line":577,"column":20},"end":{"line":577,"column":22}},"275":{"start":{"line":578,"column":23},"end":{"line":578,"column":25}},"276":{"start":{"line":581,"column":18},"end":{"line":631,"column":5}},"277":{"start":{"line":582,"column":21},"end":{"line":582,"column":39}},"278":{"start":{"line":584,"column":8},"end":{"line":584,"column":53}},"279":{"start":{"line":585,"column":19},"end":{"line":585,"column":23}},"280":{"start":{"line":586,"column":19},"end":{"line":586,"column":50}},"281":{"start":{"line":587,"column":8},"end":{"line":587,"column":26}},"282":{"start":{"line":589,"column":8},"end":{"line":612,"column":9}},"283":{"start":{"line":590,"column":12},"end":{"line":590,"column":46}},"284":{"start":{"line":591,"column":12},"end":{"line":593,"column":13}},"285":{"start":{"line":592,"column":16},"end":{"line":592,"column":53}},"286":{"start":{"line":594,"column":12},"end":{"line":594,"column":32}},"287":{"start":{"line":596,"column":12},"end":{"line":596,"column":35}},"288":{"start":{"line":597,"column":12},"end":{"line":599,"column":13}},"289":{"start":{"line":598,"column":16},"end":{"line":598,"column":34}},"290":{"start":{"line":601,"column":13},"end":{"line":612,"column":9}},"291":{"start":{"line":602,"column":12},"end":{"line":602,"column":46}},"292":{"start":{"line":603,"column":12},"end":{"line":605,"column":13}},"293":{"start":{"line":604,"column":16},"end":{"line":604,"column":53}},"294":{"start":{"line":606,"column":12},"end":{"line":606,"column":32}},"295":{"start":{"line":608,"column":12},"end":{"line":608,"column":35}},"296":{"start":{"line":609,"column":12},"end":{"line":611,"column":13}},"297":{"start":{"line":610,"column":16},"end":{"line":610,"column":34}},"298":{"start":{"line":613,"column":8},"end":{"line":622,"column":9}},"299":{"start":{"line":614,"column":25},"end":{"line":614,"column":35}},"300":{"start":{"line":615,"column":12},"end":{"line":620,"column":13}},"301":{"start":{"line":616,"column":16},"end":{"line":616,"column":94}},"302":{"start":{"line":619,"column":16},"end":{"line":619,"column":87}},"303":{"start":{"line":621,"column":12},"end":{"line":621,"column":30}},"304":{"start":{"line":624,"column":8},"end":{"line":629,"column":9}},"305":{"start":{"line":625,"column":12},"end":{"line":625,"column":31}},"306":{"start":{"line":628,"column":12},"end":{"line":628,"column":29}},"307":{"start":{"line":630,"column":8},"end":{"line":630,"column":20}},"308":{"start":{"line":633,"column":21},"end":{"line":709,"column":5}},"309":{"start":{"line":635,"column":18},"end":{"line":635,"column":20}},"310":{"start":{"line":637,"column":8},"end":{"line":706,"column":9}},"311":{"start":{"line":638,"column":26},"end":{"line":638,"column":34}},"312":{"start":{"line":640,"column":12},"end":{"line":643,"column":15}},"313":{"start":{"line":645,"column":12},"end":{"line":704,"column":13}},"314":{"start":{"line":646,"column":16},"end":{"line":646,"column":61}},"315":{"start":{"line":647,"column":16},"end":{"line":647,"column":32}},"316":{"start":{"line":649,"column":17},"end":{"line":704,"column":13}},"317":{"start":{"line":650,"column":16},"end":{"line":700,"column":17}},"318":{"start":{"line":651,"column":20},"end":{"line":664,"column":21}},"319":{"start":{"line":652,"column":24},"end":{"line":652,"column":69}},"320":{"start":{"line":653,"column":24},"end":{"line":653,"column":40}},"321":{"start":{"line":655,"column":25},"end":{"line":664,"column":21}},"322":{"start":{"line":656,"column":24},"end":{"line":656,"column":64}},"323":{"start":{"line":657,"column":24},"end":{"line":657,"column":42}},"324":{"start":{"line":658,"column":24},"end":{"line":660,"column":25}},"325":{"start":{"line":659,"column":28},"end":{"line":659,"column":44}},"326":{"start":{"line":663,"column":24},"end":{"line":663,"column":111}},"327":{"start":{"line":666,"column":21},"end":{"line":700,"column":17}},"328":{"start":{"line":667,"column":20},"end":{"line":679,"column":21}},"329":{"start":{"line":668,"column":24},"end":{"line":668,"column":71}},"330":{"start":{"line":669,"column":24},"end":{"line":669,"column":42}},"331":{"start":{"line":671,"column":25},"end":{"line":679,"column":21}},"332":{"start":{"line":672,"column":24},"end":{"line":672,"column":69}},"333":{"start":{"line":673,"column":24},"end":{"line":675,"column":25}},"334":{"start":{"line":674,"column":28},"end":{"line":674,"column":46}},"335":{"start":{"line":678,"column":24},"end":{"line":678,"column":111}},"336":{"start":{"line":680,"column":20},"end":{"line":694,"column":21}},"337":{"start":{"line":681,"column":24},"end":{"line":693,"column":25}},"338":{"start":{"line":682,"column":28},"end":{"line":682,"column":70}},"339":{"start":{"line":683,"column":28},"end":{"line":683,"column":46}},"340":{"start":{"line":685,"column":29},"end":{"line":693,"column":25}},"341":{"start":{"line":686,"column":28},"end":{"line":686,"column":68}},"342":{"start":{"line":687,"column":28},"end":{"line":689,"column":29}},"343":{"start":{"line":688,"column":32},"end":{"line":688,"column":50}},"344":{"start":{"line":692,"column":28},"end":{"line":692,"column":110}},"345":{"start":{"line":695,"column":20},"end":{"line":695,"column":38}},"346":{"start":{"line":697,"column":20},"end":{"line":699,"column":21}},"347":{"start":{"line":698,"column":24},"end":{"line":698,"column":40}},"348":{"start":{"line":703,"column":16},"end":{"line":703,"column":100}},"349":{"start":{"line":705,"column":12},"end":{"line":705,"column":27}},"350":{"start":{"line":708,"column":8},"end":{"line":708,"column":19}},"351":{"start":{"line":711,"column":4},"end":{"line":711,"column":19}},"352":{"start":{"line":712,"column":4},"end":{"line":718,"column":5}},"353":{"start":{"line":713,"column":8},"end":{"line":713,"column":37}},"354":{"start":{"line":715,"column":8},"end":{"line":717,"column":9}},"355":{"start":{"line":716,"column":12},"end":{"line":716,"column":28}},"356":{"start":{"line":720,"column":4},"end":{"line":720,"column":18}},"357":{"start":{"line":722,"column":4},"end":{"line":728,"column":5}},"358":{"start":{"line":723,"column":8},"end":{"line":723,"column":36}},"359":{"start":{"line":725,"column":8},"end":{"line":727,"column":9}},"360":{"start":{"line":726,"column":12},"end":{"line":726,"column":27}},"361":{"start":{"line":730,"column":4},"end":{"line":730,"column":27}},"362":{"start":{"line":731,"column":4},"end":{"line":731,"column":28}},"363":{"start":{"line":732,"column":4},"end":{"line":748,"column":5}},"364":{"start":{"line":733,"column":8},"end":{"line":735,"column":11}},"365":{"start":{"line":737,"column":8},"end":{"line":743,"column":9}},"366":{"start":{"line":738,"column":24},"end":{"line":738,"column":30}},"367":{"start":{"line":739,"column":22},"end":{"line":739,"column":30}},"368":{"start":{"line":740,"column":24},"end":{"line":740,"column":32}},"369":{"start":{"line":742,"column":12},"end":{"line":742,"column":50}},"370":{"start":{"line":745,"column":8},"end":{"line":747,"column":11}},"371":{"start":{"line":753,"column":4},"end":{"line":766,"column":5}},"372":{"start":{"line":754,"column":8},"end":{"line":765,"column":11}},"373":{"start":{"line":768,"column":4},"end":{"line":768,"column":22}},"374":{"start":{"line":769,"column":4},"end":{"line":769,"column":23}},"375":{"start":{"line":770,"column":4},"end":{"line":817,"column":5}},"376":{"start":{"line":771,"column":16},"end":{"line":771,"column":18}},"377":{"start":{"line":772,"column":8},"end":{"line":805,"column":9}},"378":{"start":{"line":773,"column":24},"end":{"line":773,"column":32}},"379":{"start":{"line":774,"column":12},"end":{"line":804,"column":13}},"380":{"start":{"line":776,"column":16},"end":{"line":781,"column":17}},"381":{"start":{"line":777,"column":20},"end":{"line":777,"column":71}},"382":{"start":{"line":780,"column":20},"end":{"line":780,"column":57}},"383":{"start":{"line":782,"column":16},"end":{"line":782,"column":22}},"384":{"start":{"line":785,"column":16},"end":{"line":787,"column":17}},"385":{"start":{"line":786,"column":20},"end":{"line":786,"column":41}},"386":{"start":{"line":788,"column":16},"end":{"line":788,"column":22}},"387":{"start":{"line":791,"column":16},"end":{"line":793,"column":17}},"388":{"start":{"line":792,"column":20},"end":{"line":792,"column":57}},"389":{"start":{"line":794,"column":16},"end":{"line":794,"column":22}},"390":{"start":{"line":797,"column":16},"end":{"line":802,"column":17}},"391":{"start":{"line":798,"column":20},"end":{"line":798,"column":51}},"392":{"start":{"line":800,"column":21},"end":{"line":802,"column":17}},"393":{"start":{"line":801,"column":20},"end":{"line":801,"column":42}},"394":{"start":{"line":803,"column":16},"end":{"line":803,"column":22}},"395":{"start":{"line":806,"column":19},"end":{"line":806,"column":23}},"396":{"start":{"line":807,"column":8},"end":{"line":815,"column":9}},"397":{"start":{"line":808,"column":20},"end":{"line":808,"column":24}},"398":{"start":{"line":809,"column":23},"end":{"line":809,"column":31}},"399":{"start":{"line":810,"column":12},"end":{"line":813,"column":13}},"400":{"start":{"line":811,"column":16},"end":{"line":811,"column":25}},"401":{"start":{"line":812,"column":16},"end":{"line":812,"column":37}},"402":{"start":{"line":814,"column":12},"end":{"line":814,"column":35}},"403":{"start":{"line":816,"column":8},"end":{"line":816,"column":29}},"404":{"start":{"line":819,"column":4},"end":{"line":819,"column":22}},"405":{"start":{"line":820,"column":4},"end":{"line":838,"column":5}},"406":{"start":{"line":821,"column":20},"end":{"line":821,"column":24}},"407":{"start":{"line":822,"column":8},"end":{"line":834,"column":9}},"408":{"start":{"line":823,"column":24},"end":{"line":823,"column":30}},"409":{"start":{"line":825,"column":12},"end":{"line":825,"column":74}},"410":{"start":{"line":826,"column":12},"end":{"line":826,"column":30}},"411":{"start":{"line":827,"column":12},"end":{"line":827,"column":30}},"412":{"start":{"line":828,"column":12},"end":{"line":833,"column":13}},"413":{"start":{"line":829,"column":16},"end":{"line":829,"column":30}},"414":{"start":{"line":832,"column":16},"end":{"line":832,"column":30}},"415":{"start":{"line":835,"column":8},"end":{"line":837,"column":9}},"416":{"start":{"line":836,"column":12},"end":{"line":836,"column":31}},"417":{"start":{"line":840,"column":4},"end":{"line":840,"column":25}},"418":{"start":{"line":841,"column":4},"end":{"line":859,"column":5}},"419":{"start":{"line":842,"column":20},"end":{"line":842,"column":24}},"420":{"start":{"line":843,"column":8},"end":{"line":855,"column":9}},"421":{"start":{"line":844,"column":24},"end":{"line":844,"column":30}},"422":{"start":{"line":846,"column":12},"end":{"line":846,"column":80}},"423":{"start":{"line":847,"column":12},"end":{"line":847,"column":35}},"424":{"start":{"line":848,"column":12},"end":{"line":848,"column":33}},"425":{"start":{"line":849,"column":12},"end":{"line":854,"column":13}},"426":{"start":{"line":850,"column":16},"end":{"line":850,"column":30}},"427":{"start":{"line":853,"column":16},"end":{"line":853,"column":30}},"428":{"start":{"line":856,"column":8},"end":{"line":858,"column":9}},"429":{"start":{"line":857,"column":12},"end":{"line":857,"column":34}},"430":{"start":{"line":861,"column":4},"end":{"line":861,"column":24}},"431":{"start":{"line":862,"column":4},"end":{"line":885,"column":5}},"432":{"start":{"line":863,"column":20},"end":{"line":863,"column":24}},"433":{"start":{"line":864,"column":8},"end":{"line":881,"column":9}},"434":{"start":{"line":865,"column":24},"end":{"line":865,"column":30}},"435":{"start":{"line":866,"column":25},"end":{"line":866,"column":33}},"436":{"start":{"line":867,"column":23},"end":{"line":867,"column":43}},"437":{"start":{"line":869,"column":12},"end":{"line":871,"column":13}},"438":{"start":{"line":870,"column":16},"end":{"line":870,"column":40}},"439":{"start":{"line":873,"column":12},"end":{"line":873,"column":35}},"440":{"start":{"line":875,"column":12},"end":{"line":880,"column":13}},"441":{"start":{"line":876,"column":16},"end":{"line":876,"column":30}},"442":{"start":{"line":879,"column":16},"end":{"line":879,"column":30}},"443":{"start":{"line":882,"column":8},"end":{"line":884,"column":9}},"444":{"start":{"line":883,"column":12},"end":{"line":883,"column":33}},"445":{"start":{"line":887,"column":4},"end":{"line":887,"column":27}},"446":{"start":{"line":888,"column":4},"end":{"line":920,"column":5}},"447":{"start":{"line":889,"column":20},"end":{"line":889,"column":24}},"448":{"start":{"line":890,"column":8},"end":{"line":916,"column":9}},"449":{"start":{"line":891,"column":24},"end":{"line":891,"column":30}},"450":{"start":{"line":892,"column":23},"end":{"line":892,"column":43}},"451":{"start":{"line":894,"column":12},"end":{"line":897,"column":13}},"452":{"start":{"line":895,"column":16},"end":{"line":895,"column":48}},"453":{"start":{"line":896,"column":16},"end":{"line":896,"column":34}},"454":{"start":{"line":898,"column":12},"end":{"line":901,"column":13}},"455":{"start":{"line":899,"column":16},"end":{"line":899,"column":42}},"456":{"start":{"line":900,"column":16},"end":{"line":900,"column":35}},"457":{"start":{"line":902,"column":12},"end":{"line":905,"column":13}},"458":{"start":{"line":903,"column":16},"end":{"line":903,"column":62}},"459":{"start":{"line":904,"column":16},"end":{"line":904,"column":41}},"460":{"start":{"line":907,"column":12},"end":{"line":907,"column":35}},"461":{"start":{"line":909,"column":12},"end":{"line":909,"column":28}},"462":{"start":{"line":910,"column":12},"end":{"line":915,"column":13}},"463":{"start":{"line":911,"column":16},"end":{"line":911,"column":30}},"464":{"start":{"line":914,"column":16},"end":{"line":914,"column":30}},"465":{"start":{"line":917,"column":8},"end":{"line":919,"column":9}},"466":{"start":{"line":918,"column":12},"end":{"line":918,"column":36}},"467":{"start":{"line":922,"column":4},"end":{"line":922,"column":26}},"468":{"start":{"line":923,"column":4},"end":{"line":923,"column":27}},"469":{"start":{"line":924,"column":4},"end":{"line":926,"column":5}},"470":{"start":{"line":925,"column":8},"end":{"line":925,"column":58}},"471":{"start":{"line":928,"column":4},"end":{"line":928,"column":20}},"472":{"start":{"line":929,"column":4},"end":{"line":929,"column":21}},"473":{"start":{"line":930,"column":4},"end":{"line":932,"column":5}},"474":{"start":{"line":931,"column":8},"end":{"line":931,"column":42}},"475":{"start":{"line":934,"column":4},"end":{"line":934,"column":28}},"476":{"start":{"line":935,"column":4},"end":{"line":935,"column":29}},"477":{"start":{"line":936,"column":4},"end":{"line":938,"column":5}},"478":{"start":{"line":937,"column":8},"end":{"line":937,"column":55}},"479":{"start":{"line":940,"column":4},"end":{"line":940,"column":28}},"480":{"start":{"line":941,"column":4},"end":{"line":941,"column":29}},"481":{"start":{"line":942,"column":4},"end":{"line":944,"column":5}},"482":{"start":{"line":943,"column":8},"end":{"line":943,"column":72}},"483":{"start":{"line":946,"column":14},"end":{"line":946,"column":16}},"484":{"start":{"line":948,"column":4},"end":{"line":960,"column":5}},"485":{"start":{"line":950,"column":18},"end":{"line":950,"column":47}},"486":{"start":{"line":951,"column":8},"end":{"line":958,"column":10}},"487":{"start":{"line":962,"column":4},"end":{"line":1011,"column":5}},"488":{"start":{"line":963,"column":8},"end":{"line":963,"column":27}},"489":{"start":{"line":966,"column":8},"end":{"line":966,"column":47}},"490":{"start":{"line":967,"column":8},"end":{"line":971,"column":10}},"491":{"start":{"line":972,"column":8},"end":{"line":974,"column":9}},"492":{"start":{"line":973,"column":12},"end":{"line":973,"column":51}},"493":{"start":{"line":975,"column":8},"end":{"line":1002,"column":9}},"494":{"start":{"line":976,"column":12},"end":{"line":997,"column":13}},"495":{"start":{"line":978,"column":32},"end":{"line":978,"column":54}},"496":{"start":{"line":979,"column":24},"end":{"line":981,"column":18}},"497":{"start":{"line":980,"column":20},"end":{"line":980,"column":40}},"498":{"start":{"line":983,"column":16},"end":{"line":996,"column":18}},"499":{"start":{"line":998,"column":12},"end":{"line":998,"column":52}},"500":{"start":{"line":1000,"column":13},"end":{"line":1002,"column":9}},"501":{"start":{"line":1001,"column":12},"end":{"line":1001,"column":51}},"502":{"start":{"line":1004,"column":8},"end":{"line":1010,"column":9}},"503":{"start":{"line":1005,"column":12},"end":{"line":1009,"column":49}},"504":{"start":{"line":1013,"column":4},"end":{"line":1042,"column":5}},"505":{"start":{"line":1014,"column":16},"end":{"line":1016,"column":10}},"506":{"start":{"line":1015,"column":12},"end":{"line":1015,"column":32}},"507":{"start":{"line":1018,"column":8},"end":{"line":1030,"column":10}},"508":{"start":{"line":1033,"column":8},"end":{"line":1033,"column":39}},"509":{"start":{"line":1035,"column":8},"end":{"line":1041,"column":9}},"510":{"start":{"line":1036,"column":12},"end":{"line":1036,"column":27}},"511":{"start":{"line":1037,"column":12},"end":{"line":1037,"column":49}},"512":{"start":{"line":1039,"column":13},"end":{"line":1041,"column":9}},"513":{"start":{"line":1040,"column":12},"end":{"line":1040,"column":53}},"514":{"start":{"line":1044,"column":4},"end":{"line":1044,"column":15}},"515":{"start":{"line":1048,"column":17},"end":{"line":1048,"column":35}},"516":{"start":{"line":1049,"column":20},"end":{"line":1049,"column":40}},"517":{"start":{"line":1050,"column":17},"end":{"line":1050,"column":29}},"518":{"start":{"line":1053,"column":14},"end":{"line":1053,"column":48}},"519":{"start":{"line":1055,"column":15},"end":{"line":1055,"column":16}},"520":{"start":{"line":1058,"column":4},"end":{"line":1058,"column":19}},"521":{"start":{"line":1059,"column":4},"end":{"line":1061,"column":5}},"522":{"start":{"line":1060,"column":8},"end":{"line":1060,"column":72}},"523":{"start":{"line":1068,"column":22},"end":{"line":1068,"column":72}},"524":{"start":{"line":1070,"column":12},"end":{"line":1072,"column":1}},"525":{"start":{"line":1075,"column":28},"end":{"line":1145,"column":1}},"526":{"start":{"line":1147,"column":0},"end":{"line":1147,"column":48}},"527":{"start":{"line":1165,"column":12},"end":{"line":1165,"column":43}},"528":{"start":{"line":1167,"column":15},"end":{"line":1167,"column":17}},"529":{"start":{"line":1170,"column":4},"end":{"line":1174,"column":5}},"530":{"start":{"line":1171,"column":8},"end":{"line":1171,"column":48}},"531":{"start":{"line":1173,"column":8},"end":{"line":1173,"column":21}},"532":{"start":{"line":1176,"column":4},"end":{"line":1286,"column":5}},"533":{"start":{"line":1177,"column":16},"end":{"line":1177,"column":23}},"534":{"start":{"line":1178,"column":8},"end":{"line":1178,"column":25}},"535":{"start":{"line":1178,"column":16},"end":{"line":1178,"column":25}},"536":{"start":{"line":1181,"column":17},"end":{"line":1181,"column":19}},"537":{"start":{"line":1183,"column":8},"end":{"line":1187,"column":9}},"538":{"start":{"line":1184,"column":12},"end":{"line":1186,"column":13}},"539":{"start":{"line":1185,"column":16},"end":{"line":1185,"column":43}},"540":{"start":{"line":1190,"column":8},"end":{"line":1192,"column":9}},"541":{"start":{"line":1191,"column":12},"end":{"line":1191,"column":33}},"542":{"start":{"line":1194,"column":8},"end":{"line":1196,"column":9}},"543":{"start":{"line":1195,"column":12},"end":{"line":1195,"column":183}},"544":{"start":{"line":1197,"column":8},"end":{"line":1199,"column":9}},"545":{"start":{"line":1198,"column":12},"end":{"line":1198,"column":180}},"546":{"start":{"line":1200,"column":8},"end":{"line":1202,"column":9}},"547":{"start":{"line":1201,"column":12},"end":{"line":1201,"column":56}},"548":{"start":{"line":1203,"column":8},"end":{"line":1226,"column":9}},"549":{"start":{"line":1205,"column":12},"end":{"line":1205,"column":18}},"550":{"start":{"line":1208,"column":12},"end":{"line":1212,"column":13}},"551":{"start":{"line":1210,"column":16},"end":{"line":1210,"column":69}},"552":{"start":{"line":1211,"column":16},"end":{"line":1211,"column":22}},"553":{"start":{"line":1215,"column":20},"end":{"line":1217,"column":14}},"554":{"start":{"line":1216,"column":16},"end":{"line":1216,"column":32}},"555":{"start":{"line":1218,"column":12},"end":{"line":1220,"column":13}},"556":{"start":{"line":1219,"column":16},"end":{"line":1219,"column":28}},"557":{"start":{"line":1221,"column":12},"end":{"line":1221,"column":37}},"558":{"start":{"line":1222,"column":12},"end":{"line":1222,"column":18}},"559":{"start":{"line":1225,"column":12},"end":{"line":1225,"column":164}},"560":{"start":{"line":1228,"column":8},"end":{"line":1230,"column":9}},"561":{"start":{"line":1229,"column":12},"end":{"line":1229,"column":44}},"562":{"start":{"line":1231,"column":8},"end":{"line":1233,"column":9}},"563":{"start":{"line":1232,"column":12},"end":{"line":1232,"column":36}},"564":{"start":{"line":1234,"column":8},"end":{"line":1258,"column":9}},"565":{"start":{"line":1235,"column":12},"end":{"line":1257,"column":13}},"566":{"start":{"line":1240,"column":16},"end":{"line":1240,"column":22}},"567":{"start":{"line":1244,"column":16},"end":{"line":1244,"column":43}},"568":{"start":{"line":1245,"column":16},"end":{"line":1245,"column":22}},"569":{"start":{"line":1248,"column":16},"end":{"line":1248,"column":37}},"570":{"start":{"line":1249,"column":16},"end":{"line":1249,"column":22}},"571":{"start":{"line":1252,"column":16},"end":{"line":1252,"column":38}},"572":{"start":{"line":1253,"column":16},"end":{"line":1253,"column":22}},"573":{"start":{"line":1256,"column":16},"end":{"line":1256,"column":85}},"574":{"start":{"line":1260,"column":8},"end":{"line":1264,"column":9}},"575":{"start":{"line":1261,"column":12},"end":{"line":1263,"column":13}},"576":{"start":{"line":1262,"column":16},"end":{"line":1262,"column":172}},"577":{"start":{"line":1266,"column":8},"end":{"line":1266,"column":29}},"578":{"start":{"line":1267,"column":8},"end":{"line":1267,"column":23}},"579":{"start":{"line":1268,"column":8},"end":{"line":1268,"column":36}},"580":{"start":{"line":1269,"column":8},"end":{"line":1269,"column":30}},"581":{"start":{"line":1270,"column":8},"end":{"line":1270,"column":34}},"582":{"start":{"line":1274,"column":8},"end":{"line":1276,"column":9}},"583":{"start":{"line":1275,"column":12},"end":{"line":1275,"column":33}},"584":{"start":{"line":1279,"column":8},"end":{"line":1285,"column":9}},"585":{"start":{"line":1280,"column":12},"end":{"line":1284,"column":13}},"586":{"start":{"line":1281,"column":16},"end":{"line":1283,"column":17}},"587":{"start":{"line":1282,"column":20},"end":{"line":1282,"column":36}},"588":{"start":{"line":1288,"column":4},"end":{"line":1288,"column":16}},"589":{"start":{"line":1295,"column":21},"end":{"line":1295,"column":44}},"590":{"start":{"line":1296,"column":4},"end":{"line":1302,"column":5}},"591":{"start":{"line":1297,"column":8},"end":{"line":1299,"column":10}},"592":{"start":{"line":1300,"column":11},"end":{"line":1302,"column":5}},"593":{"start":{"line":1301,"column":8},"end":{"line":1301,"column":34}},"594":{"start":{"line":1303,"column":4},"end":{"line":1303,"column":41}},"595":{"start":{"line":1307,"column":27},"end":{"line":1307,"column":51}},"596":{"start":{"line":1308,"column":4},"end":{"line":1314,"column":5}},"597":{"start":{"line":1309,"column":8},"end":{"line":1311,"column":10}},"598":{"start":{"line":1312,"column":11},"end":{"line":1314,"column":5}},"599":{"start":{"line":1313,"column":8},"end":{"line":1313,"column":40}},"600":{"start":{"line":1315,"column":4},"end":{"line":1315,"column":48}},"601":{"start":{"line":1328,"column":16},"end":{"line":1328,"column":20}},"602":{"start":{"line":1329,"column":16},"end":{"line":1329,"column":20}},"603":{"start":{"line":1332,"column":4},"end":{"line":1402,"column":5}},"604":{"start":{"line":1333,"column":6},"end":{"line":1342,"column":7}},"605":{"start":{"line":1334,"column":8},"end":{"line":1341,"column":9}},"606":{"start":{"line":1335,"column":12},"end":{"line":1335,"column":41}},"607":{"start":{"line":1340,"column":12},"end":{"line":1340,"column":20}},"608":{"start":{"line":1343,"column":6},"end":{"line":1394,"column":7}},"609":{"start":{"line":1344,"column":8},"end":{"line":1393,"column":9}},"610":{"start":{"line":1345,"column":12},"end":{"line":1345,"column":55}},"611":{"start":{"line":1347,"column":12},"end":{"line":1391,"column":13}},"612":{"start":{"line":1355,"column":37},"end":{"line":1377,"column":17}},"613":{"start":{"line":1378,"column":29},"end":{"line":1380,"column":18}},"614":{"start":{"line":1379,"column":20},"end":{"line":1379,"column":47}},"615":{"start":{"line":1381,"column":16},"end":{"line":1387,"column":17}},"616":{"start":{"line":1382,"column":20},"end":{"line":1382,"column":28}},"617":{"start":{"line":1384,"column":20},"end":{"line":1384,"column":190}},"618":{"start":{"line":1385,"column":20},"end":{"line":1385,"column":48}},"619":{"start":{"line":1386,"column":20},"end":{"line":1386,"column":42}},"620":{"start":{"line":1389,"column":16},"end":{"line":1389,"column":86}},"621":{"start":{"line":1390,"column":16},"end":{"line":1390,"column":36}},"622":{"start":{"line":1392,"column":12},"end":{"line":1392,"column":22}},"623":{"start":{"line":1401,"column":8},"end":{"line":1401,"column":24}},"624":{"start":{"line":1405,"column":4},"end":{"line":1450,"column":5}},"625":{"start":{"line":1406,"column":6},"end":{"line":1408,"column":7}},"626":{"start":{"line":1407,"column":10},"end":{"line":1407,"column":135}},"627":{"start":{"line":1410,"column":6},"end":{"line":1444,"column":7}},"628":{"start":{"line":1411,"column":8},"end":{"line":1420,"column":9}},"629":{"start":{"line":1412,"column":10},"end":{"line":1419,"column":11}},"630":{"start":{"line":1413,"column":14},"end":{"line":1413,"column":56}},"631":{"start":{"line":1418,"column":14},"end":{"line":1418,"column":22}},"632":{"start":{"line":1421,"column":8},"end":{"line":1441,"column":9}},"633":{"start":{"line":1428,"column":10},"end":{"line":1440,"column":11}},"634":{"start":{"line":1429,"column":14},"end":{"line":1429,"column":69}},"635":{"start":{"line":1431,"column":14},"end":{"line":1438,"column":15}},"636":{"start":{"line":1432,"column":18},"end":{"line":1432,"column":136}},"637":{"start":{"line":1433,"column":18},"end":{"line":1433,"column":46}},"638":{"start":{"line":1434,"column":18},"end":{"line":1434,"column":40}},"639":{"start":{"line":1436,"column":18},"end":{"line":1436,"column":85}},"640":{"start":{"line":1437,"column":18},"end":{"line":1437,"column":38}},"641":{"start":{"line":1439,"column":14},"end":{"line":1439,"column":24}},"642":{"start":{"line":1443,"column":8},"end":{"line":1443,"column":37}},"643":{"start":{"line":1447,"column":6},"end":{"line":1449,"column":7}},"644":{"start":{"line":1448,"column":8},"end":{"line":1448,"column":26}},"645":{"start":{"line":1452,"column":4},"end":{"line":1452,"column":17}},"646":{"start":{"line":1455,"column":0},"end":{"line":1455,"column":30}},"647":{"start":{"line":1456,"column":0},"end":{"line":1456,"column":34}},"648":{"start":{"line":1457,"column":0},"end":{"line":1457,"column":36}},"649":{"start":{"line":1458,"column":0},"end":{"line":1458,"column":34}},"650":{"start":{"line":1459,"column":0},"end":{"line":1459,"column":74}},"651":{"start":{"line":1462,"column":0},"end":{"line":1478,"column":1}},"652":{"start":{"line":1465,"column":4},"end":{"line":1469,"column":6}},"653":{"start":{"line":1466,"column":19},"end":{"line":1466,"column":59}},"654":{"start":{"line":1467,"column":8},"end":{"line":1467,"column":25}},"655":{"start":{"line":1468,"column":8},"end":{"line":1468,"column":41}},"656":{"start":{"line":1470,"column":7},"end":{"line":1478,"column":1}},"657":{"start":{"line":1471,"column":4},"end":{"line":1473,"column":6}},"658":{"start":{"line":1472,"column":8},"end":{"line":1472,"column":43}},"659":{"start":{"line":1474,"column":7},"end":{"line":1478,"column":1}},"660":{"start":{"line":1475,"column":4},"end":{"line":1475,"column":24}},"661":{"start":{"line":1477,"column":4},"end":{"line":1477,"column":44}},"662":{"start":{"line":1484,"column":0},"end":{"line":1484,"column":20}},"663":{"start":{"line":1485,"column":0},"end":{"line":1485,"column":30}},"664":{"start":{"line":1486,"column":0},"end":{"line":1486,"column":28}},"665":{"start":{"line":1487,"column":0},"end":{"line":1487,"column":27}},"666":{"start":{"line":1488,"column":0},"end":{"line":1488,"column":24}},"667":{"start":{"line":1489,"column":0},"end":{"line":1489,"column":22}},"668":{"start":{"line":1490,"column":0},"end":{"line":1490,"column":26}},"669":{"start":{"line":1493,"column":0},"end":{"line":1493,"column":20}},"670":{"start":{"line":1494,"column":0},"end":{"line":1494,"column":35}},"671":{"start":{"line":1499,"column":4},"end":{"line":1508,"column":5}},"672":{"start":{"line":1500,"column":8},"end":{"line":1500,"column":26}},"673":{"start":{"line":1503,"column":8},"end":{"line":1507,"column":9}},"674":{"start":{"line":1504,"column":12},"end":{"line":1506,"column":13}},"675":{"start":{"line":1505,"column":16},"end":{"line":1505,"column":47}},"676":{"start":{"line":1513,"column":4},"end":{"line":1513,"column":29}},"677":{"start":{"line":1514,"column":4},"end":{"line":1514,"column":29}},"678":{"start":{"line":1534,"column":4},"end":{"line":1552,"column":5}},"679":{"start":{"line":1535,"column":17},"end":{"line":1535,"column":19}},"680":{"start":{"line":1536,"column":8},"end":{"line":1538,"column":9}},"681":{"start":{"line":1537,"column":12},"end":{"line":1537,"column":28}},"682":{"start":{"line":1539,"column":8},"end":{"line":1543,"column":9}},"683":{"start":{"line":1540,"column":12},"end":{"line":1542,"column":13}},"684":{"start":{"line":1541,"column":16},"end":{"line":1541,"column":29}},"685":{"start":{"line":1545,"column":17},"end":{"line":1545,"column":19}},"686":{"start":{"line":1546,"column":8},"end":{"line":1550,"column":9}},"687":{"start":{"line":1547,"column":12},"end":{"line":1549,"column":13}},"688":{"start":{"line":1548,"column":16},"end":{"line":1548,"column":30}},"689":{"start":{"line":1551,"column":8},"end":{"line":1551,"column":25}},"690":{"start":{"line":1553,"column":4},"end":{"line":1553,"column":13}},"691":{"start":{"line":1556,"column":18},"end":{"line":1581,"column":2}},"692":{"start":{"line":1558,"column":8},"end":{"line":1558,"column":29}},"693":{"start":{"line":1559,"column":8},"end":{"line":1559,"column":37}},"694":{"start":{"line":1560,"column":8},"end":{"line":1560,"column":24}},"695":{"start":{"line":1561,"column":8},"end":{"line":1561,"column":26}},"696":{"start":{"line":1562,"column":8},"end":{"line":1562,"column":30}},"697":{"start":{"line":1565,"column":18},"end":{"line":1565,"column":29}},"698":{"start":{"line":1566,"column":23},"end":{"line":1566,"column":25}},"699":{"start":{"line":1568,"column":8},"end":{"line":1570,"column":9}},"700":{"start":{"line":1569,"column":12},"end":{"line":1569,"column":38}},"701":{"start":{"line":1572,"column":8},"end":{"line":1574,"column":9}},"702":{"start":{"line":1573,"column":12},"end":{"line":1573,"column":58}},"703":{"start":{"line":1575,"column":8},"end":{"line":1575,"column":64}},"704":{"start":{"line":1576,"column":8},"end":{"line":1576,"column":66}},"705":{"start":{"line":1577,"column":8},"end":{"line":1577,"column":74}},"706":{"start":{"line":1579,"column":8},"end":{"line":1579,"column":19}},"707":{"start":{"line":1583,"column":17},"end":{"line":1638,"column":2}},"708":{"start":{"line":1585,"column":8},"end":{"line":1585,"column":29}},"709":{"start":{"line":1586,"column":8},"end":{"line":1586,"column":29}},"710":{"start":{"line":1587,"column":8},"end":{"line":1587,"column":30}},"711":{"start":{"line":1588,"column":8},"end":{"line":1588,"column":21}},"712":{"start":{"line":1589,"column":8},"end":{"line":1589,"column":38}},"713":{"start":{"line":1590,"column":8},"end":{"line":1590,"column":36}},"714":{"start":{"line":1591,"column":8},"end":{"line":1591,"column":24}},"715":{"start":{"line":1592,"column":8},"end":{"line":1592,"column":26}},"716":{"start":{"line":1593,"column":8},"end":{"line":1593,"column":28}},"717":{"start":{"line":1594,"column":8},"end":{"line":1594,"column":31}},"718":{"start":{"line":1597,"column":18},"end":{"line":1597,"column":29}},"719":{"start":{"line":1599,"column":23},"end":{"line":1599,"column":25}},"720":{"start":{"line":1601,"column":8},"end":{"line":1603,"column":9}},"721":{"start":{"line":1602,"column":12},"end":{"line":1602,"column":31}},"722":{"start":{"line":1604,"column":8},"end":{"line":1606,"column":9}},"723":{"start":{"line":1605,"column":12},"end":{"line":1605,"column":49}},"724":{"start":{"line":1607,"column":8},"end":{"line":1609,"column":9}},"725":{"start":{"line":1608,"column":12},"end":{"line":1608,"column":35}},"726":{"start":{"line":1611,"column":8},"end":{"line":1613,"column":9}},"727":{"start":{"line":1612,"column":12},"end":{"line":1612,"column":50}},"728":{"start":{"line":1614,"column":8},"end":{"line":1614,"column":46}},"729":{"start":{"line":1616,"column":8},"end":{"line":1616,"column":19}},"730":{"start":{"line":1619,"column":18},"end":{"line":1619,"column":29}},"731":{"start":{"line":1621,"column":23},"end":{"line":1621,"column":25}},"732":{"start":{"line":1623,"column":8},"end":{"line":1625,"column":9}},"733":{"start":{"line":1624,"column":12},"end":{"line":1624,"column":38}},"734":{"start":{"line":1626,"column":8},"end":{"line":1628,"column":9}},"735":{"start":{"line":1627,"column":12},"end":{"line":1627,"column":60}},"736":{"start":{"line":1630,"column":8},"end":{"line":1632,"column":9}},"737":{"start":{"line":1631,"column":12},"end":{"line":1631,"column":58}},"738":{"start":{"line":1633,"column":8},"end":{"line":1633,"column":63}},"739":{"start":{"line":1634,"column":8},"end":{"line":1634,"column":51}},"740":{"start":{"line":1636,"column":8},"end":{"line":1636,"column":19}},"741":{"start":{"line":1642,"column":16},"end":{"line":1642,"column":29}},"742":{"start":{"line":1714,"column":0},"end":{"line":1860,"column":2}},"743":{"start":{"line":1716,"column":4},"end":{"line":1719,"column":5}},"744":{"start":{"line":1717,"column":6},"end":{"line":1717,"column":37}},"745":{"start":{"line":1718,"column":6},"end":{"line":1718,"column":34}},"746":{"start":{"line":1721,"column":30},"end":{"line":1721,"column":51}},"747":{"start":{"line":1723,"column":4},"end":{"line":1723,"column":99}},"748":{"start":{"line":1735,"column":4},"end":{"line":1735,"column":53}},"749":{"start":{"line":1737,"column":4},"end":{"line":1737,"column":34}},"750":{"start":{"line":1739,"column":4},"end":{"line":1739,"column":20}},"751":{"start":{"line":1740,"column":4},"end":{"line":1740,"column":24}},"752":{"start":{"line":1741,"column":4},"end":{"line":1741,"column":26}},"753":{"start":{"line":1742,"column":4},"end":{"line":1742,"column":23}},"754":{"start":{"line":1743,"column":4},"end":{"line":1743,"column":44}},"755":{"start":{"line":1744,"column":4},"end":{"line":1744,"column":33}},"756":{"start":{"line":1745,"column":4},"end":{"line":1745,"column":26}},"757":{"start":{"line":1746,"column":4},"end":{"line":1746,"column":38}},"758":{"start":{"line":1747,"column":4},"end":{"line":1747,"column":33}},"759":{"start":{"line":1748,"column":4},"end":{"line":1748,"column":39}},"760":{"start":{"line":1749,"column":4},"end":{"line":1749,"column":43}},"761":{"start":{"line":1750,"column":4},"end":{"line":1750,"column":17}},"762":{"start":{"line":1753,"column":4},"e
[...]
2758,"column":12},"end":{"line":2758,"column":32}},"type":"binary-expr","locations":[{"start":{"line":2758,"column":12},"end":{"line":2758,"column":17}},{"start":{"line":2758,"column":21},"end":{"line":2758,"column":32}}],"line":2758},"197":{"loc":{"start":{"line":2761,"column":10},"end":{"line":2763,"column":11}},"type":"if","locations":[{"start":{"line":2761,"column":10},"end":{"line":2763,"column":11}},{"start":{"line":2761,"column":10},"end":{"line":2763,"column":11}}],"line":2761},"198":{"loc":{"start":{"line":2771,"column":17},"end":{"line":2771,"column":81}},"type":"binary-expr","locations":[{"start":{"line":2771,"column":17},"end":{"line":2771,"column":67}},{"start":{"line":2771,"column":71},"end":{"line":2771,"column":81}}],"line":2771},"199":{"loc":{"start":{"line":2784,"column":8},"end":{"line":2803,"column":9}},"type":"if","locations":[{"start":{"line":2784,"column":8},"end":{"line":2803,"column":9}},{"start":{"line":2784,"column":8},"end":{"line":2803,"column":9}}],"line":2784},"200":{"loc":{"start":{"line":2784,"column":12},"end":{"line":2784,"column":74}},"type":"binary-expr","locations":[{"start":{"line":2784,"column":12},"end":{"line":2784,"column":21}},{"start":{"line":2784,"column":26},"end":{"line":2784,"column":32}},{"start":{"line":2784,"column":36},"end":{"line":2784,"column":73}}],"line":2784},"201":{"loc":{"start":{"line":2788,"column":10},"end":{"line":2802,"column":11}},"type":"if","locations":[{"start":{"line":2788,"column":10},"end":{"line":2802,"column":11}},{"start":{"line":2788,"column":10},"end":{"line":2802,"column":11}}],"line":2788},"202":{"loc":{"start":{"line":2791,"column":12},"end":{"line":2799,"column":13}},"type":"if","locations":[{"start":{"line":2791,"column":12},"end":{"line":2799,"column":13}},{"start":{"line":2791,"column":12},"end":{"line":2799,"column":13}}],"line":2791},"203":{"loc":{"start":{"line":2793,"column":19},"end":{"line":2799,"column":13}},"type":"if","locations":[{"start":{"line":2793,"column":19},"end":{"line":2799,"column":13}},{"start":{"line":2793,"column":19},"end":{"line":2799,"column":13}}],"line":2793},"204":{"loc":{"start":{"line":2800,"column":17},"end":{"line":2802,"column":11}},"type":"if","locations":[{"start":{"line":2800,"column":17},"end":{"line":2802,"column":11}},{"start":{"line":2800,"column":17},"end":{"line":2802,"column":11}}],"line":2800},"205":{"loc":{"start":{"line":2806,"column":6},"end":{"line":2815,"column":7}},"type":"if","locations":[{"start":{"line":2806,"column":6},"end":{"line":2815,"column":7}},{"start":{"line":2806,"column":6},"end":{"line":2815,"column":7}}],"line":2806},"206":{"loc":{"start":{"line":2809,"column":8},"end":{"line":2811,"column":9}},"type":"if","locations":[{"start":{"line":2809,"column":8},"end":{"line":2811,"column":9}},{"start":{"line":2809,"column":8},"end":{"line":2811,"column":9}}],"line":2809},"207":{"loc":{"start":{"line":2817,"column":6},"end":{"line":2851,"column":7}},"type":"if","locations":[{"start":{"line":2817,"column":6},"end":{"line":2851,"column":7}},{"start":{"line":2817,"column":6},"end":{"line":2851,"column":7}}],"line":2817},"208":{"loc":{"start":{"line":2824,"column":8},"end":{"line":2826,"column":9}},"type":"if","locations":[{"start":{"line":2824,"column":8},"end":{"line":2826,"column":9}},{"start":{"line":2824,"column":8},"end":{"line":2826,"column":9}}],"line":2824},"209":{"loc":{"start":{"line":2836,"column":16},"end":{"line":2836,"column":80}},"type":"binary-expr","locations":[{"start":{"line":2836,"column":16},"end":{"line":2836,"column":66}},{"start":{"line":2836,"column":70},"end":{"line":2836,"column":80}}],"line":2836},"210":{"loc":{"start":{"line":2838,"column":8},"end":{"line":2848,"column":9}},"type":"if","locations":[{"start":{"line":2838,"column":8},"end":{"line":2848,"column":9}},{"start":{"line":2838,"column":8},"end":{"line":2848,"column":9}}],"line":2838},"211":{"loc":{"start":{"line":2842,"column":10},"end":{"line":2847,"column":11}},"type":"if","locations":[{"start":{"line":2842,"column":10},"end":{"line":2847,"column":11}},{"start":{"line":2842,"column":10},"end":{"line":2847,"column":11}}],"line":2842},"212":{"loc":{"start":{"line":2842,"column":14},"end":{"line":2845,"column":99}},"type":"binary-expr","locations":[{"start":{"line":2842,"column":14},"end":{"line":2842,"column":27}},{"start":{"line":2843,"column":10},"end":{"line":2843,"column":38}},{"start":{"line":2845,"column":10},"end":{"line":2845,"column":45}},{"start":{"line":2845,"column":49},"end":{"line":2845,"column":99}}],"line":2842},"213":{"loc":{"start":{"line":2864,"column":6},"end":{"line":2866,"column":7}},"type":"if","locations":[{"start":{"line":2864,"column":6},"end":{"line":2866,"column":7}},{"start":{"line":2864,"column":6},"end":{"line":2866,"column":7}}],"line":2864},"214":{"loc":{"start":{"line":2868,"column":6},"end":{"line":2871,"column":7}},"type":"if","locations":[{"start":{"line":2868,"column":6},"end":{"line":2871,"column":7}},{"start":{"line":2868,"column":6},"end":{"line":2871,"column":7}}],"line":2868},"215":{"loc":{"start":{"line":2870,"column":12},"end":{"line":2870,"column":51}},"type":"binary-expr","locations":[{"start":{"line":2870,"column":12},"end":{"line":2870,"column":46}},{"start":{"line":2870,"column":50},"end":{"line":2870,"column":51}}],"line":2870},"216":{"loc":{"start":{"line":2873,"column":6},"end":{"line":2876,"column":7}},"type":"if","locations":[{"start":{"line":2873,"column":6},"end":{"line":2876,"column":7}},{"start":{"line":2873,"column":6},"end":{"line":2876,"column":7}}],"line":2873},"217":{"loc":{"start":{"line":2873,"column":10},"end":{"line":2873,"column":58}},"type":"binary-expr","locations":[{"start":{"line":2873,"column":10},"end":{"line":2873,"column":17}},{"start":{"line":2873,"column":21},"end":{"line":2873,"column":58}}],"line":2873},"218":{"loc":{"start":{"line":2875,"column":12},"end":{"line":2875,"column":46}},"type":"binary-expr","locations":[{"start":{"line":2875,"column":12},"end":{"line":2875,"column":41}},{"start":{"line":2875,"column":45},"end":{"line":2875,"column":46}}],"line":2875},"219":{"loc":{"start":{"line":2882,"column":6},"end":{"line":2885,"column":7}},"type":"if","locations":[{"start":{"line":2882,"column":6},"end":{"line":2885,"column":7}},{"start":{"line":2882,"column":6},"end":{"line":2885,"column":7}}],"line":2882},"220":{"loc":{"start":{"line":2882,"column":10},"end":{"line":2882,"column":59}},"type":"binary-expr","locations":[{"start":{"line":2882,"column":10},"end":{"line":2882,"column":17}},{"start":{"line":2882,"column":21},"end":{"line":2882,"column":59}}],"line":2882},"221":{"loc":{"start":{"line":2884,"column":12},"end":{"line":2884,"column":47}},"type":"binary-expr","locations":[{"start":{"line":2884,"column":12},"end":{"line":2884,"column":42}},{"start":{"line":2884,"column":46},"end":{"line":2884,"column":47}}],"line":2884},"222":{"loc":{"start":{"line":2887,"column":6},"end":{"line":2890,"column":7}},"type":"if","locations":[{"start":{"line":2887,"column":6},"end":{"line":2890,"column":7}},{"start":{"line":2887,"column":6},"end":{"line":2890,"column":7}}],"line":2887},"223":{"loc":{"start":{"line":2889,"column":12},"end":{"line":2889,"column":52}},"type":"binary-expr","locations":[{"start":{"line":2889,"column":12},"end":{"line":2889,"column":47}},{"start":{"line":2889,"column":51},"end":{"line":2889,"column":52}}],"line":2889},"224":{"loc":{"start":{"line":2892,"column":6},"end":{"line":2895,"column":7}},"type":"if","locations":[{"start":{"line":2892,"column":6},"end":{"line":2895,"column":7}},{"start":{"line":2892,"column":6},"end":{"line":2895,"column":7}}],"line":2892},"225":{"loc":{"start":{"line":2894,"column":12},"end":{"line":2894,"column":44}},"type":"binary-expr","locations":[{"start":{"line":2894,"column":12},"end":{"line":2894,"column":39}},{"start":{"line":2894,"column":43},"end":{"line":2894,"column":44}}],"line":2894},"226":{"loc":{"start":{"line":2927,"column":17},"end":{"line":2927,"column":329}},"type":"binary-expr","locations":[{"start":{"line":2927,"column":17},"end":{"line":2927,"column":291}},{"start":{"line":2927,"column":295},"end":{"line":2927,"column":329}}],"line":2927},"227":{"loc":{"start":{"line":2927,"column":19},"end":{"line":2927,"column":290}},"type":"binary-expr","locations":[{"start":{"line":2927,"column":19},"end":{"line":2927,"column":53}},{"start":{"line":2927,"column":57},"end":{"line":2927,"column":99}},{"start":{"line":2927,"column":103},"end":{"line":2927,"column":110}},{"start":{"line":2927,"column":114},"end":{"line":2927,"column":151}},{"start":{"line":2927,"column":155},"end":{"line":2927,"column":162}},{"start":{"line":2927,"column":166},"end":{"line":2927,"column":204}},{"start":{"line":2927,"column":208},"end":{"line":2927,"column":251}},{"start":{"line":2927,"column":255},"end":{"line":2927,"column":290}}],"line":2927},"228":{"loc":{"start":{"line":2968,"column":6},"end":{"line":2973,"column":7}},"type":"if","locations":[{"start":{"line":2968,"column":6},"end":{"line":2973,"column":7}},{"start":{"line":2968,"column":6},"end":{"line":2973,"column":7}}],"line":2968},"229":{"loc":{"start":{"line":2985,"column":52},"end":{"line":2985,"column":58}},"type":"binary-expr","locations":[{"start":{"line":2985,"column":52},"end":{"line":2985,"column":53}},{"start":{"line":2985,"column":57},"end":{"line":2985,"column":58}}],"line":2985},"230":{"loc":{"start":{"line":2987,"column":6},"end":{"line":2991,"column":7}},"type":"if","locations":[{"start":{"line":2987,"column":6},"end":{"line":2991,"column":7}},{"start":{"line":2987,"column":6},"end":{"line":2991,"column":7}}],"line":2987},"231":{"loc":{"start":{"line":3002,"column":6},"end":{"line":3006,"column":7}},"type":"if","locations":[{"start":{"line":3002,"column":6},"end":{"line":3006,"column":7}},{"start":{"line":3002,"column":6},"end":{"line":3006,"column":7}}],"line":3002},"232":{"loc":{"start":{"line":3002,"column":10},"end":{"line":3002,"column":91}},"type":"binary-expr","locations":[{"start":{"line":3002,"column":10},"end":{"line":3002,"column":36}},{"start":{"line":3002,"column":40},"end":{"line":3002,"column":91}}],"line":3002},"233":{"loc":{"start":{"line":3029,"column":6},"end":{"line":3038,"column":7}},"type":"switch","locations":[{"start":{"line":3030,"column":6},"end":{"line":3034,"column":14}},{"start":{"line":3036,"column":6},"end":{"line":3037,"column":59}}],"line":3029},"234":{"loc":{"start":{"line":3079,"column":0},"end":{"line":3086,"column":1}},"type":"if","locations":[{"start":{"line":3079,"column":0},"end":{"line":3086,"column":1}},{"start":{"line":3079,"column":0},"end":{"line":3086,"column":1}}],"line":3079},"235":{"loc":{"start":{"line":3079,"column":4},"end":{"line":3079,"column":68}},"type":"binary-expr","locations":[{"start":{"line":3079,"column":4},"end":{"line":3079,"column":34}},{"start":{"line":3079,"column":38},"end":{"line":3079,"column":68}}],"line":3079}},"s":{"0":1,"1":0,"2":0,"3":0,"4":0,"5":0,"6":0,"7":0,"8":0,"9":0,"10":0,"11":0,"12":0,"13":0,"14":0,"15":0,"16":1,"17":1,"18":0,"19":1,"20":1,"21":1,"22":0,"23":0,"24":0,"25":0,"26":0,"27":0,"28":0,"29":0,"30":0,"31":0,"32":0,"33":0,"34":0,"35":0,"36":0,"37":0,"38":0,"39":0,"40":0,"41":0,"42":0,"43":0,"44":0,"45":0,"46":0,"47":0,"48":0,"49":0,"50":0,"51":2,"52":2,"53":2,"54":2,"55":0,"56":0,"57":1,"58":1,"59":0,"60":1,"61":1,"62":0,"63":0,"64":0,"65":0,"66":0,"67":0,"68":0,"69":0,"70":0,"71":1,"72":1,"73":1,"74":1,"75":1,"76":1,"77":1,"78":1,"79":1,"80":1,"81":1,"82":1,"83":0,"84":1,"85":1,"86":1,"87":1,"88":0,"89":0,"90":0,"91":1,"92":0,"93":1,"94":0,"95":0,"96":1,"97":1,"98":1,"99":1,"100":0,"101":0,"102":0,"103":0,"104":1,"105":1,"106":0,"107":0,"108":1,"109":1,"110":1,"111":1,"112":0,"113":1,"114":0,"115":0,"116":0,"117":1,"118":0,"119":0,"120":0,"121":1,"122":0,"123":1,"124":0,"125":1,"126":1,"127":1,"128":1,"129":1,"130":1,"131":0,"132":1,"133":1,"134":1,"135":1,"136":1,"137":1,"138":1,"139":1,"140":0,"141":0,"142":0,"143":0,"144":0,"145":1,"146":1,"147":0,"148":0,"149":0,"150":0,"151":0,"152":0,"153":0,"154":0,"155":0,"156":0,"157":0,"158":0,"159":0,"160":0,"161":0,"162":0,"163":2,"164":2,"165":0,"166":2,"167":1,"168":1,"169":1,"170":1,"171":1,"172":1,"173":1,"174":1,"175":1,"176":1,"177":1,"178":1,"179":1,"180":1,"181":1,"182":0,"183":1,"184":0,"185":1,"186":1,"187":4,"188":4,"189":2,"190":2,"191":2,"192":2,"193":2,"194":2,"195":2,"196":2,"197":0,"198":0,"199":0,"200":0,"201":0,"202":0,"203":0,"204":0,"205":0,"206":0,"207":0,"208":0,"209":0,"210":0,"211":0,"212":4,"213":0,"214":0,"215":0,"216":0,"217":0,"218":0,"219":0,"220":0,"221":0,"222":0,"223":0,"224":2,"225":2,"226":2,"227":2,"228":2,"229":2,"230":2,"231":2,"232":2,"233":2,"234":1,"235":1,"236":1,"237":1,"238":1,"239":1,"240":1,"241":1,"242":1,"243":1,"244":0,"245":0,"246":0,"247":0,"248":0,"249":0,"250":1,"251":0,"252":0,"253":0,"254":0,"255":0,"256":0,"257":0,"258":0,"259":0,"260":1,"261":1,"262":1,"263":1,"264":1,"265":1,"266":0,"267":0,"268":0,"269":0,"270":0,"271":0,"272":0,"273":0,"274":0,"275":0,"276":0,"277":0,"278":0,"279":0,"280":0,"281":1,"282":1,"283":0,"284":1,"285":1,"286":1,"287":0,"288":0,"289":0,"290":0,"291":0,"292":0,"293":0,"294":0,"295":0,"296":0,"297":0,"298":0,"299":0,"300":0,"301":0,"302":0,"303":0,"304":0,"305":0,"306":0,"307":0,"308":0,"309":0,"310":0,"311":0,"312":0,"313":0,"314":0,"315":0,"316":0,"317":0,"318":0,"319":0,"320":0,"321":0,"322":0,"323":0,"324":0,"325":0,"326":1,"327":1,"328":0,"329":0,"330":0,"331":0,"332":0,"333":1,"334":4,"335":4,"336":4,"337":4,"338":4,"339":4,"340":4,"341":4,"342":2,"343":2,"344":1,"345":1,"346":3,"347":3,"348":0,"349":1,"350":1,"351":1,"352":1,"353":1,"354":1,"355":1,"356":1,"357":3,"358":3,"359":3,"360":3,"361":1,"362":1,"363":1,"364":1,"365":2,"366":2,"367":2,"368":2,"369":2,"370":2,"371":2,"372":2,"373":2,"374":2,"375":2,"376":0,"377":0,"378":0,"379":0,"380":0,"381":0,"382":0,"383":0,"384":0,"385":0,"386":0,"387":0,"388":0,"389":0,"390":0,"391":0,"392":0,"393":0,"394":0,"395":0,"396":0,"397":0,"398":0,"399":0,"400":0,"401":0,"402":0,"403":0,"404":0,"405":0,"406":0,"407":0,"408":0,"409":0,"410":0,"411":0,"412":0,"413":0,"414":0,"415":0,"416":0,"417":0,"418":0,"419":0,"420":0,"421":0,"422":0,"423":0,"424":0,"425":0,"426":0,"427":0,"428":0,"429":0,"430":0,"431":0,"432":0,"433":0,"434":0,"435":0,"436":0,"437":0,"438":0,"439":0,"440":0,"441":0,"442":0,"443":0,"444":0,"445":0,"446":0,"447":0,"448":0,"449":0,"450":0,"451":0,"452":0,"453":0,"454":0,"455":0,"456":0,"457":0,"458":0,"459":0,"460":0,"461":0,"462":0,"463":0,"464":0,"465":0,"466":0,"467":0,"468":0,"469":0,"470":0,"471":0,"472":0,"473":0,"474":0,"475":0,"476":0,"477":0,"478":0,"479":0,"480":0,"481":0,"482":0,"483":0,"484":0,"485":0,"486":0,"487":0,"488":0,"489":0,"490":0,"491":0,"492":0,"493":0,"494":0,"495":0,"496":0,"497":0,"498":0,"499":0,"500":0,"501":0,"502":0,"503":0,"504":0,"505":0,"506":0,"507":0,"508":0,"509":0,"510":0,"511":0,"512":0,"513":0,"514":0,"515":0,"516":0,"517":0,"518":0,"519":0,"520":0,"521":0,"522":0,"523":0,"524":0,"525":0,"526":0,"527":0,"528":0,"529":0,"530":0,"531":0,"532":0,"533":0,"534":0,"535":0,"536":0,"537":0,"538":0,"539":0,"540":0,"541":0,"542":0,"543":0,"544":0,"545":0,"546":0,"547":0,"548":0,"549":0,"550":0,"551":0,"552":0,"553":0,"554":0,"555":0,"556":0,"557":0,"558":0,"559":0,"560":0,"561":0,"562":0,"563":0,"564":0,"565":0,"566":0,"567":0,"568":0,"569":0,"570":0,"571":0,"572":0,"573":0,"574":0,"575":0,"576":0,"577":0,"578":0,"579":0,"580":0,"581":0,"582":0,"583":0,"584":0,"585":0,"586":0,"587":0,"588":0,"589":0,"590":0,"591":2,"592":0,"593":2,"594":2,"595":2,"596":2,"597":0,"598":0,"599":0,"600":2,"601":2,"602":2,"603":2,"604":2,"605":2,"606":2,"607":2,"608":2,"609":2,"610":2,"611":2,"612":2,"613":0,"614":2,"615":2,"616":0,"617":0,"618":0,"619":0,"620":0,"621":0,"622":0,"623":0,"624":0,"625":0,"626":2,"627":0,"628":0,"629":2,"630":1,"631":2,"632":2,"633":2,"634":2,"635":1,"636":1,"637":0,"638":0,"639":0,"640":0,"641":0,"642":2,"643":2,"644":2,"645":2,"646":5,"647":5,"648":2,"649":2,"650":2,"651":0,"652":0,"653":0,"654":0,"655":0,"656":0,"657":0,"658":2,"659":2,"660":2,"661":2,"662":2,"663":2,"664":0,"665":0,"666":0,"667":0,"668":0,"669":0,"670":0,"671":0,"672":0,"673":0,"674":0,"675":0,"676":0,"677":0,"678":0,"679":0,"680":0,"681":0,"682":0,"683":0,"684":0,"685":0,"686":0,"687":0,"688":0,"689":0,"690":0,"691":0,"692":0,"693":0,"694":0,"695":0,"696":2,"697":2,"698":2,"699":1,"700":1,"701":0,"702":0,"703":0,"704":0,"705":0,"706":0,"707":0,"708":0,"709":0,"710":0,"711":0,"712":0,"713":0,"714":1,"715":1,"716":0,"717":0,"718":2,"719":2,"720":2,"721":0,"722":2,"723":1,"724":1,"725":1,"726":1,"727":1,"728":1,"729":1,"730":1,"731":1,"732":1,"733":1},"f":{"0":1,"1":0,"2":0,"3":0,"4":0,"5":0,"6":0,"7":2,"8":0,"9":1,"10":0,"11":0,"12":1,"13":0,"14":0,"15":1,"16":0,"17":0,"18":0,"19":0,"20":2,"21":1,"22":0,"23":0,"24":0,"25":0,"26":0,"27":1,"28":4,"29":2,"30":0,"31":0,"32":0,"33":0,"34":0,"35":0,"36":0,"37":0,"38":0,"39":0,"40":0,"41":0,"42":0,"43":2,"44":2,"45":0,"46":2,"47":1,"48":0,"49":0,"50":0,"51":0,"52":1,"53":0,"54":2,"55":1,"56":1},"b":{"0":[0,0],"1":[0,0],"2":[0,0],"3":[0,0],"4":[0,0],"5":[0,0],"6":[0,0],"7":[1,0],"8":[0,0],"9":[0,0],"10":[0,0],"11":[0,0,0],"12":[0,0],"13":[0,0],"14":[0,0],"15":[0,0,0],"16":[0,0],"17":[0,0],"18":[0,0],"19":[0,0],"20":[0,1,1],"21":[0,0],"22":[0,0],"23":[0,0],"24":[0,0],"25":[1,0],"26":[0,1],"27":[1,0],"28":[0,0],"29":[0,0],"30":[0,0],"31":[0,0],"32":[0,1],"33":[0,0],"34":[0,1],"35":[1,0],"36":[0,1],"37":[1,1],"38":[0,1],"39":[0,0],"40":[0,1],"41":[0,0],"42":[0,1],"43":[1,0],"44":[0,1],"45":[1,0],"46":[1,0],"47":[0,1],"48":[0,1],"49":[0,0],"50":[0,0],"51":[0,0],"52":[0,0],"53":[0,0],"54":[0,0],"55":[0,0],"56":[0,0],"57":[0,0],"58":[0,2],"59":[0,0],"60":[2,0],"61":[1,0],"62":[1,0],"63":[1,1],"64":[0,1],"65":[0,1],"66":[2,2],"67":[2,0],"68":[2,2,0],"69":[0,2],"70":[0,0],"71":[0,0],"72":[0,0],"73":[0,0],"74":[0,0],"75":[0,2,2,0],"76":[0,0],"77":[0,0],"78":[0,0],"79":[1,1],"80":[0,0],"81":[0,0],"82":[0,0],"83":[0,0],"84":[0,0,0],"85":[0,0],"86":[0,0],"87":[0,0],"88":[0,0],"89":[0,0],"90":[0,0],"91":[0,0],"92":[0,0],"93":[1,0],"94":[0,0],"95":[0,0],"96":[0,0],"97":[0,0],"98":[0,0],"99":[0,0],"100":[0,0],"101":[0,0],"102":[0,0],"103":[0,0,0],"104":[0,0],"105":[0,0],"106":[0,0],"107":[0,0],"108":[0,0],"109":[0,0],"110":[0,0],"111":[0,0],"112":[0,0],"113":[0,0],"114":[0,0],"115":[0,0],"116":[0,1],"117":[0,0],"118":[0,0],"119":[3,1],"120":[2,0,0],"121":[1,1],"122":[0,3],"123":[2,1],"124":[0,0],"125":[0,0],"126":[0,0],"127":[0,0],"128":[0,0],"129":[0,0],"130":[0,0],"131":[0,0],"132":[0,0],"133":[0,0],"134":[0,0],"135":[0,0],"136":[0,0],"137":[0,0],"138":[0,0],"139":[0,0],"140":[0,0],"141":[0,0],"142":[0,0],"143":[0,0],"144":[0,0],"145":[0,0],"146":[0,0],"147":[0,0],"148":[0,0],"149":[0,0],"150":[0,0],"151":[0,0],"152":[0,0],"153":[0,0],"154":[0,0],"155":[0,0,0],"156":[0,0],"157":[0,0],"158":[0,0,0,0],"159":[0,0],"160":[0,0],"161":[0,0,0,0],"162":[0,0],"163":[0,0],"164":[0,0],"165":[0,0],"166":[0,0],"167":[0,0],"168":[0,0],"169":[0,0],"170":[0,0],"171":[0,0],"172":[0,0],"173":[0,0],"174":[0,0],"175":[0,0],"176":[0,0],"177":[0,0],"178":[0,0],"179":[0,0],"180":[0,0],"181":[0,0],"182":[0,0],"183":[0,0],"184":[0,2],"185":[0,2],"186":[0,2],"187":[2,1],"188":[2,0],"189":[0,0],"190":[0,0],"191":[0,2],"192":[1,1],"193":[2,0],"194":[1,1],"195":[0,1],"196":[1,1],"197":[0,0],"198":[0,0],"199":[2,3],"200":[5,2,0],"201":[0,2],"202":[0,0],"203":[0,0],"204":[2,0],"205":[2,0],"206":[2,0],"207":[0,0],"208":[0,0],"209":[0,0],"210":[0,0],"211":[0,0],"212":[0,0,0,0],"213":[0,0],"214":[0,0],"215":[0,0],"216":[0,0],"217":[0,0],"218":[0,0],"219":[0,0],"220":[0,0],"221":[0,0],"222":[0,0],"223":[0,0],"224":[0,0],"225":[0,0],"226":[1,1],"227":[1,1,1,1,1,1,1,1],"228":[0,0],"229":[0,0],"230":[0,0],"231":[1,0],"232":[1,1],"233":[0,2],"234":[1,0],"235":[1,1]},"_coverageSchema":"332fd63041d2c1bcb487cc26dd0d5f7d97098a6c","hash":"bd58e09e6fce443ef0be54285efb72e694a578b6","contentHash":"8dc926170d77f156a7c51256b653acdd_11.4.1"}}