TN:
SF:/Users/xiaokang/Documents/oceanbase/jison/packages/jison/dist/jison-cjs.js
FN:25,(anonymous_0)
FN:26,F
FN:34,layerMethod
FN:36,(anonymous_3)
FN:44,(anonymous_4)
FN:56,typal_mix
FN:86,typal_camel_mix
FN:90,lcase0
FN:91,(anonymous_8)
FN:139,typal_beget
FN:144,typal_construct
FN:147,(anonymous_11)
FN:154,typal_constructor
FN:160,Set_constructor
FN:169,concat
FN:173,eq
FN:176,indexOf
FN:187,intersection
FN:188,intersection_filter
FN:192,complement
FN:194,sub_complement
FN:198,subset
FN:205,superset
FN:208,joinSet
FN:211,contains
FN:214,item
FN:217,i
FN:220,assign
FN:224,first
FN:227,last
FN:230,size
FN:233,isEmpty
FN:236,copy
FN:239,toString
FN:244,(anonymous_34)
FN:245,(anonymous_35)
FN:250,(anonymous_36)
FN:251,(anonymous_37)
FN:270,grammarPrinter
FN:302,makeIndent
FN:306,padRight
FN:310,indentAction
FN:336,isEmptyObj
FN:341,isEmptyArr
FN:367,escapeString
FN:373,(anonymous_45)
FN:387,deepClone
FN:581,fmtprod
FN:633,grammarfmt
FN:979,(anonymous_49)
FN:1014,(anonymous_50)
FN:1057,chkBugger
FN:1164,mkStdOptions
FN:1215,(anonymous_53)
FN:1292,prepExportStructures
FN:1327,autodetectAndConvertToJSONformat
FN:1378,check
FN:1465,console_log
FN:1471,puts_print
FN:1477,no_op_print
FN:1498,each
FN:1512,union
FN:1557,Nonterminal
FN:1564,Nonterminal_toString
FN:1584,Production
FN:1596,Production_toString
FN:1618,Production_describe
FN:1714,Jison_Generator
FN:1862,processGrammarDef
FN:1884,(anonymous_69)
FN:1928,cvt_symbol_id_to_numeric
FN:1964,(anonymous_71)
FN:1976,(anonymous_72)
FN:1979,(anonymous_73)
FN:2001,augmentGrammar
FN:2051,(anonymous_75)
FN:2065,traverseGrammar
FN:2072,(anonymous_77)
FN:2096,(anonymous_78)
FN:2111,(anonymous_79)
FN:2116,(anonymous_80)
FN:2122,processOperators
FN:2139,reindentCodeBlock
FN:2145,checkIndentation
FN:2154,expandTabs
FN:2166,checkIndentation
FN:2168,adjustIndent
FN:2180,buildProductions
FN:2240,(anonymous_88)
FN:2252,getNextSymbolId
FN:2262,addSymbol
FN:2287,collectLiteralTokensInProduction
FN:2383,(anonymous_92)
FN:2398,check_error_recovery_option
FN:2428,splitStringIntoSymbols
FN:2496,buildProduction
FN:2619,preprocessActionCode
FN:2620,replace_markers
FN:2745,postprocessActionCode
FN:2786,mkHashIndex
FN:2792,analyzeFeatureUsage
FN:2798,mkParserFeatureHash
FN:2855,buildProductionActions
FN:2877,(anonymous_103)
FN:2881,(anonymous_104)
FN:2887,(anonymous_105)
FN:2978,(anonymous_106)
FN:3082,(anonymous_107)
FN:3224,(anonymous_108)
FN:3236,getInitCodeSection
FN:3250,getRemainingInitCodeSections
FN:3273,postprocessComment
FN:3275,(anonymous_112)
FN:3286,getSymbolId
FN:3293,provideSymbolAsSourcecode
FN:3299,indexToJsExpr
FN:3330,buildProductionAction
FN:3343,(anonymous_117)
FN:3367,(anonymous_118)
FN:3406,addName
FN:3429,markBasename
FN:3454,(anonymous_121)
FN:3466,(anonymous_122)
FN:3470,(anonymous_123)
FN:3474,(anonymous_124)
FN:3478,(anonymous_125)
FN:3481,(anonymous_126)
FN:3485,(anonymous_127)
FN:3533,analyzeFeatureAssignmentBeforeUse
FN:3837,createParser
FN:3841,createLexer
FN:3849,warn
FN:3854,error
FN:3865,reportGrammarInformation
FN:3957,(anonymous_134)
FN:3960,(anonymous_135)
FN:3963,(anonymous_136)
FN:3977,computeLookaheads
FN:3982,(anonymous_138)
FN:3988,displayFollowSets
FN:3991,Follow_prod_forEach_debugOut
FN:4014,followSets
FN:4024,Follow_prod_forEach
FN:4068,first
FN:4097,firstSets
FN:4108,FirstSets_forEach
FN:4118,FirstSets_forEachNonTerm
FN:4130,nullableSets
FN:4140,isEachProductionNullable
FN:4165,nullable
FN:4189,(anonymous_150)
FN:4192,(anonymous_151)
FN:4195,(anonymous_152)
FN:4198,(anonymous_153)
FN:4201,(anonymous_154)
FN:4221,buildTable
FN:4249,Item
FN:4257,(anonymous_157)
FN:4260,(anonymous_158)
FN:4263,(anonymous_159)
FN:4268,(anonymous_160)
FN:4287,(anonymous_161)
FN:4298,concat
FN:4306,(anonymous_163)
FN:4310,(anonymous_164)
FN:4313,toValue
FN:4314,(anonymous_166)
FN:4315,valueOf_inner
FN:4320,closureOperation
FN:4331,CO_set_forEach
FN:4337,CO_nt_forEach
FN:4362,gotoOperation
FN:4366,goto_forEach
FN:4378,canonicalCollection
FN:4394,CC_itemSet_forEach
FN:4407,canonicalCollectionInsert
FN:4429,lrParseTable
FN:4437,parseTableItem
FN:4444,findShiftAndGotoActions
FN:4460,setAcceptAction
FN:4470,calcReduction
FN:4474,(anonymous_181)
FN:4551,report_conflict_state
FN:4577,findDefaults
FN:4579,(anonymous_184)
FN:4638,cleanupTable
FN:4639,(anonymous_186)
FN:4651,resolveConflict
FN:4702,parser___prepare_Options
FN:4728,generateGenericHeaderComment
FN:5111,parser_generate
FN:5137,generateAMDModule
FN:5165,generateESModule
FN:5237,generateCommonJSModule
FN:5277,generateModule
FN:5284,_generateNamespace
FN:5305,_generateNamespace_cb
FN:5317,generateModuleExpr
FN:5357,removeUnusedKernelFeatures
FN:5685,replace_noTryCatch
FN:5744,expandParseArguments
FN:5754,parseParamsReplF
FN:5777,expandConstantsInGeneratedCode
FN:5789,pickOneOfTwoCodeAlternatives
FN:5793,pick_code_alt
FN:5801,addOrRemoveTokenStack
FN:5839,pickErrorHandlingChunk
FN:5896,generateModule_
FN:5958,produceSymbolTable
FN:5977,produceTerminalTable
FN:5989,produceProductionsForDebugging
FN:5990,get_orig_symbol
FN:6005,get_orig_symbol_set
FN:6033,Follow_prod_forEach_genDebugTable
FN:6043,gen_nonterminal
FN:6045,(anonymous_215)
FN:6077,gen_lalr_states_production
FN:6080,(anonymous_217)
FN:6094,(anonymous_218)
FN:6176,traverse_states
FN:6178,traverse_state
FN:6247,produceTerminalDescriptions
FN:6261,produceOptions
FN:6340,(anonymous_223)
FN:6343,(anonymous_224)
FN:6490,(anonymous_225)
FN:6553,(anonymous_226)
FN:6585,(anonymous_227)
FN:6596,(anonymous_228)
FN:6652,(anonymous_229)
FN:6693,(anonymous_230)
FN:6730,reportColumnsForCompression
FN:6742,clip
FN:6799,analyzeTableForCompression
FN:6833,analyzeSetForCompression
FN:6859,analyzeGotoTableForCompression
FN:6927,generateColumn
FN:7028,generateCompressedTable
FN:7039,generateCompressedSet
FN:7050,generateCompressedGotoTable
FN:7258,printAction
FN:7266,traceStates
FN:7269,(anonymous_242)
FN:7276,(anonymous_243)
FN:7279,(anonymous_244)
FN:7284,(anonymous_245)
FN:7293,(anonymous_246)
FN:7300,createParser
FN:7318,generated_code_exec_wrapper_jison
FN:7371,bind
FN:7372,(anonymous_250)
FN:7418,createLexer
FN:9045,lr0_afterconstructor
FN:9059,lalr_afterconstructor
FN:9082,(anonymous_254)
FN:9086,(anonymous_255)
FN:9118,(anonymous_256)
FN:9190,LALR_lookaheads
FN:9194,LALR_go
FN:9203,LALR_goPath
FN:9225,LALR_buildNewGrammar
FN:9229,(anonymous_261)
FN:9231,LALR_buildNewHandle
FN:9266,LALR_unionLookaheads
FN:9272,union_states_forEach
FN:9277,union_reduction_forEach
FN:9291,reduction_goes_forEach
FN:9292,goes_follows_forEach
FN:9312,(anonymous_268)
FN:9316,(anonymous_269)
FN:9319,(anonymous_270)
FN:9322,(anonymous_271)
FN:9325,(anonymous_272)
FN:9328,(anonymous_273)
FN:9339,lr_aftercontructor
FN:9358,SLR_lookAhead
FN:9370,LR_lookAheads
FN:9375,(anonymous_277)
FN:9378,(anonymous_278)
FN:9383,LR_ClosureOperation
FN:9393,LR_AddItemToClosureSets
FN:9404,(anonymous_281)
FN:9431,ll_aftercontructor
FN:9450,ll_ParseTable
FN:9455,(anonymous_284)
FN:9461,(anonymous_285)
FN:9479,Jison_Generator
FN:9533,Parser
FNF:288
FNH:194
FNDA:0,(anonymous_0)
FNDA:0,F
FNDA:12,layerMethod
FNDA:9156,(anonymous_3)
FNDA:0,(anonymous_4)
FNDA:258,typal_mix
FNDA:0,typal_camel_mix
FNDA:0,lcase0
FNDA:0,(anonymous_8)
FNDA:240,typal_beget
FNDA:22,typal_construct
FNDA:40330,(anonymous_11)
FNDA:0,typal_constructor
FNDA:13664,Set_constructor
FNDA:0,concat
FNDA:0,eq
FNDA:722,indexOf
FNDA:0,intersection
FNDA:0,intersection_filter
FNDA:0,complement
FNDA:0,sub_complement
FNDA:0,subset
FNDA:0,superset
FNDA:0,joinSet
FNDA:722,contains
FNDA:39530,item
FNDA:0,i
FNDA:0,assign
FNDA:0,first
FNDA:0,last
FNDA:7540,size
FNDA:6254,isEmpty
FNDA:0,copy
FNDA:0,toString
FNDA:16,(anonymous_34)
FNDA:44584,(anonymous_35)
FNDA:6,(anonymous_36)
FNDA:0,(anonymous_37)
FNDA:0,grammarPrinter
FNDA:0,makeIndent
FNDA:0,padRight
FNDA:0,indentAction
FNDA:0,isEmptyObj
FNDA:0,isEmptyArr
FNDA:0,escapeString
FNDA:0,(anonymous_45)
FNDA:0,deepClone
FNDA:0,fmtprod
FNDA:0,grammarfmt
FNDA:0,(anonymous_49)
FNDA:0,(anonymous_50)
FNDA:230,chkBugger
FNDA:1744,mkStdOptions
FNDA:24,(anonymous_53)
FNDA:622,prepExportStructures
FNDA:596,autodetectAndConvertToJSONformat
FNDA:0,check
FNDA:170,console_log
FNDA:0,puts_print
FNDA:0,no_op_print
FNDA:552,each
FNDA:35084,union
FNDA:2292,Nonterminal
FNDA:0,Nonterminal_toString
FNDA:4902,Production
FNDA:12,Production_toString
FNDA:0,Production_describe
FNDA:296,Jison_Generator
FNDA:296,processGrammarDef
FNDA:10,(anonymous_69)
FNDA:8,cvt_symbol_id_to_numeric
FNDA:832,(anonymous_71)
FNDA:436,(anonymous_72)
FNDA:450,(anonymous_73)
FNDA:292,augmentGrammar
FNDA:290,(anonymous_75)
FNDA:976,traverseGrammar
FNDA:1616,(anonymous_77)
FNDA:1616,(anonymous_78)
FNDA:1628,(anonymous_79)
FNDA:1628,(anonymous_80)
FNDA:292,processOperators
FNDA:4898,reindentCodeBlock
FNDA:11010,checkIndentation
FNDA:36,expandTabs
FNDA:11010,checkIndentation
FNDA:11010,adjustIndent
FNDA:292,buildProductions
FNDA:0,(anonymous_88)
FNDA:1482,getNextSymbolId
FNDA:2920,addSymbol
FNDA:2688,collectLiteralTokensInProduction
FNDA:2950,(anonymous_92)
FNDA:1370,check_error_recovery_option
FNDA:4032,splitStringIntoSymbols
FNDA:1344,buildProduction
FNDA:6068,preprocessActionCode
FNDA:802,replace_markers
FNDA:1170,postprocessActionCode
FNDA:4898,mkHashIndex
FNDA:30762,analyzeFeatureUsage
FNDA:880,mkParserFeatureHash
FNDA:290,buildProductionActions
FNDA:0,(anonymous_103)
FNDA:0,(anonymous_104)
FNDA:0,(anonymous_105)
FNDA:0,(anonymous_106)
FNDA:0,(anonymous_107)
FNDA:0,(anonymous_108)
FNDA:804,getInitCodeSection
FNDA:1072,getRemainingInitCodeSections
FNDA:9802,postprocessComment
FNDA:9164,(anonymous_112)
FNDA:6,getSymbolId
FNDA:6,provideSymbolAsSourcecode
FNDA:4312,indexToJsExpr
FNDA:4898,buildProductionAction
FNDA:9164,(anonymous_117)
FNDA:0,(anonymous_118)
FNDA:874,addName
FNDA:874,markBasename
FNDA:600,(anonymous_121)
FNDA:0,(anonymous_122)
FNDA:1992,(anonymous_123)
FNDA:64,(anonymous_124)
FNDA:0,(anonymous_125)
FNDA:0,(anonymous_126)
FNDA:6,(anonymous_127)
FNDA:1296,analyzeFeatureAssignmentBeforeUse
FNDA:0,createParser
FNDA:0,createLexer
FNDA:160,warn
FNDA:0,error
FNDA:228,reportGrammarInformation
FNDA:0,(anonymous_134)
FNDA:0,(anonymous_135)
FNDA:0,(anonymous_136)
FNDA:272,computeLookaheads
FNDA:0,(anonymous_138)
FNDA:0,displayFollowSets
FNDA:0,Follow_prod_forEach_debugOut
FNDA:272,followSets
FNDA:9854,Follow_prod_forEach
FNDA:23458,first
FNDA:272,firstSets
FNDA:16088,FirstSets_forEach
FNDA:16088,FirstSets_forEachNonTerm
FNDA:272,nullableSets
FNDA:6124,isEachProductionNullable
FNDA:53722,nullable
FNDA:0,(anonymous_150)
FNDA:0,(anonymous_151)
FNDA:0,(anonymous_152)
FNDA:0,(anonymous_153)
FNDA:0,(anonymous_154)
FNDA:70,buildTable
FNDA:10316,Item
FNDA:466,(anonymous_157)
FNDA:0,(anonymous_158)
FNDA:42,(anonymous_159)
FNDA:7536,(anonymous_160)
FNDA:7138,(anonymous_161)
FNDA:3938,concat
FNDA:5808,(anonymous_163)
FNDA:4212,(anonymous_164)
FNDA:4526,toValue
FNDA:6104,(anonymous_166)
FNDA:2316,valueOf_inner
FNDA:2264,closureOperation
FNDA:6472,CO_set_forEach
FNDA:3394,CO_nt_forEach
FNDA:4230,gotoOperation
FNDA:37660,goto_forEach
FNDA:296,canonicalCollection
FNDA:7794,CC_itemSet_forEach
FNDA:4230,canonicalCollectionInsert
FNDA:296,lrParseTable
FNDA:2612,parseTableItem
FNDA:37660,findShiftAndGotoActions
FNDA:7794,setAcceptAction
FNDA:1690,calcReduction
FNDA:4024,(anonymous_181)
FNDA:42,report_conflict_state
FNDA:286,findDefaults
FNDA:2452,(anonymous_184)
FNDA:286,cleanupTable
FNDA:2452,(anonymous_186)
FNDA:388,resolveConflict
FNDA:326,parser___prepare_Options
FNDA:40,generateGenericHeaderComment
FNDA:10,parser_generate
FNDA:10,generateAMDModule
FNDA:0,generateESModule
FNDA:18,generateCommonJSModule
FNDA:30,generateModule
FNDA:32,_generateNamespace
FNDA:30,_generateNamespace_cb
FNDA:258,generateModuleExpr
FNDA:268,removeUnusedKernelFeatures
FNDA:6,replace_noTryCatch
FNDA:268,expandParseArguments
FNDA:2,parseParamsReplF
FNDA:1072,expandConstantsInGeneratedCode
FNDA:536,pickOneOfTwoCodeAlternatives
FNDA:1876,pick_code_alt
FNDA:268,addOrRemoveTokenStack
FNDA:268,pickErrorHandlingChunk
FNDA:268,generateModule_
FNDA:536,produceSymbolTable
FNDA:268,produceTerminalTable
FNDA:268,produceProductionsForDebugging
FNDA:0,get_orig_symbol
FNDA:0,get_orig_symbol_set
FNDA:0,Follow_prod_forEach_genDebugTable
FNDA:0,gen_nonterminal
FNDA:0,(anonymous_215)
FNDA:0,gen_lalr_states_production
FNDA:0,(anonymous_217)
FNDA:0,(anonymous_218)
FNDA:0,traverse_states
FNDA:0,traverse_state
FNDA:268,produceTerminalDescriptions
FNDA:268,produceOptions
FNDA:0,(anonymous_223)
FNDA:0,(anonymous_224)
FNDA:268,(anonymous_225)
FNDA:0,(anonymous_226)
FNDA:2,(anonymous_227)
FNDA:4,(anonymous_228)
FNDA:4,(anonymous_229)
FNDA:266,(anonymous_230)
FNDA:0,reportColumnsForCompression
FNDA:0,clip
FNDA:266,analyzeTableForCompression
FNDA:266,analyzeSetForCompression
FNDA:266,analyzeGotoTableForCompression
FNDA:2660,generateColumn
FNDA:266,generateCompressedTable
FNDA:266,generateCompressedSet
FNDA:266,generateCompressedGotoTable
FNDA:0,printAction
FNDA:286,traceStates
FNDA:2452,(anonymous_242)
FNDA:0,(anonymous_243)
FNDA:0,(anonymous_244)
FNDA:0,(anonymous_245)
FNDA:0,(anonymous_246)
FNDA:228,createParser
FNDA:228,generated_code_exec_wrapper_jison
FNDA:912,bind
FNDA:16,(anonymous_250)
FNDA:4,createLexer
FNDA:28,lr0_afterconstructor
FNDA:216,lalr_afterconstructor
FNDA:10068,(anonymous_254)
FNDA:16952,(anonymous_255)
FNDA:1308,(anonymous_256)
FNDA:1086,LALR_lookaheads
FNDA:10068,LALR_go
FNDA:3268,LALR_goPath
FNDA:226,LALR_buildNewGrammar
FNDA:1956,(anonymous_261)
FNDA:5680,LALR_buildNewHandle
FNDA:226,LALR_unionLookaheads
FNDA:1956,union_states_forEach
FNDA:1080,union_reduction_forEach
FNDA:3076,reduction_goes_forEach
FNDA:66232,goes_follows_forEach
FNDA:0,(anonymous_268)
FNDA:0,(anonymous_269)
FNDA:0,(anonymous_270)
FNDA:0,(anonymous_271)
FNDA:0,(anonymous_272)
FNDA:0,(anonymous_273)
FNDA:42,lr_aftercontructor
FNDA:98,SLR_lookAhead
FNDA:418,LR_lookAheads
FNDA:1722,(anonymous_277)
FNDA:1608,(anonymous_278)
FNDA:348,LR_ClosureOperation
FNDA:1322,LR_AddItemToClosureSets
FNDA:818,(anonymous_281)
FNDA:4,ll_aftercontructor
FNDA:4,ll_ParseTable
FNDA:14,(anonymous_284)
FNDA:20,(anonymous_285)
FNDA:300,Jison_Generator
FNDA:186,Parser
DA:3,2
DA:4,2
DA:5,2
DA:6,2
DA:7,2
DA:8,2
DA:9,2
DA:10,2
DA:11,2
DA:12,2
DA:13,2
DA:22,2
DA:25,2
DA:27,0
DA:28,0
DA:30,2
DA:35,12
DA:36,12
DA:37,9156
DA:38,9150
DA:39,9150
DA:40,9150
DA:41,9150
DA:43,0
DA:44,0
DA:45,0
DA:46,0
DA:47,0
DA:50,0
DA:58,258
DA:59,500
DA:60,500
DA:61,500
DA:62,8
DA:64,500
DA:65,8
DA:67,500
DA:68,3092
DA:69,3092
DA:70,3092
DA:71,3092
DA:72,12
DA:74,3080
DA:79,258
DA:91,0
DA:92,0
DA:96,0
DA:97,0
DA:98,0
DA:99,0
DA:100,0
DA:102,0
DA:103,0
DA:105,0
DA:106,0
DA:108,0
DA:109,0
DA:110,0
DA:111,0
DA:112,0
DA:115,0
DA:116,0
DA:117,0
DA:119,0
DA:120,0
DA:122,0
DA:127,0
DA:130,2
DA:140,240
DA:145,22
DA:146,22
DA:147,40330
DA:148,22
DA:149,22
DA:150,22
DA:154,0
DA:159,2
DA:161,13664
DA:162,13664
DA:163,0
DA:165,13664
DA:166,592
DA:170,0
DA:171,0
DA:174,0
DA:177,722
DA:178,722
DA:179,1608
DA:180,62
DA:183,660
DA:185,0
DA:188,0
DA:189,0
DA:193,0
DA:194,0
DA:195,0
DA:199,0
DA:200,0
DA:201,0
DA:203,0
DA:206,0
DA:209,0
DA:212,722
DA:215,39530
DA:218,0
DA:221,0
DA:222,0
DA:225,0
DA:228,0
DA:231,7540
DA:234,6254
DA:237,0
DA:240,0
DA:244,2
DA:245,16
DA:246,44584
DA:250,2
DA:251,6
DA:252,0
DA:257,2
DA:259,2
DA:260,2
DA:271,0
DA:272,0
DA:274,0
DA:275,0
DA:276,0
DA:277,0
DA:280,0
DA:281,0
DA:284,0
DA:285,0
DA:289,0
DA:290,0
DA:291,0
DA:292,0
DA:296,0
DA:297,0
DA:298,0
DA:299,0
DA:303,0
DA:307,0
DA:315,0
DA:316,0
DA:317,0
DA:318,0
DA:319,0
DA:320,0
DA:322,0
DA:324,0
DA:325,0
DA:327,0
DA:328,0
DA:329,0
DA:333,0
DA:337,0
DA:338,0
DA:342,0
DA:343,0
DA:344,0
DA:345,0
DA:348,0
DA:350,0
DA:356,0
DA:357,0
DA:372,0
DA:373,0
DA:374,0
DA:375,0
DA:388,0
DA:389,0
DA:390,0
DA:391,0
DA:393,0
DA:394,0
DA:395,0
DA:396,0
DA:399,0
DA:400,0
DA:401,0
DA:404,0
DA:405,0
DA:406,0
DA:408,0
DA:409,0
DA:410,0
DA:412,0
DA:416,0
DA:417,0
DA:419,0
DA:420,0
DA:421,0
DA:422,0
DA:423,0
DA:426,0
DA:427,0
DA:428,0
DA:429,0
DA:433,0
DA:434,0
DA:435,0
DA:437,0
DA:438,0
DA:439,0
DA:440,0
DA:441,0
DA:444,0
DA:449,0
DA:450,0
DA:451,0
DA:452,0
DA:456,0
DA:457,0
DA:458,0
DA:459,0
DA:461,0
DA:464,0
DA:469,0
DA:470,0
DA:471,0
DA:472,0
DA:476,0
DA:477,0
DA:478,0
DA:479,0
DA:482,0
DA:487,0
DA:488,0
DA:489,0
DA:490,0
DA:491,0
DA:493,0
DA:497,0
DA:498,0
DA:499,0
DA:500,0
DA:503,0
DA:504,0
DA:505,0
DA:506,0
DA:507,0
DA:508,0
DA:509,0
DA:511,0
DA:512,0
DA:517,0
DA:518,0
DA:519,0
DA:522,0
DA:526,0
DA:527,0
DA:530,0
DA:536,0
DA:537,0
DA:538,0
DA:539,0
DA:542,0
DA:544,0
DA:546,0
DA:547,0
DA:556,0
DA:558,0
DA:559,0
DA:564,0
DA:565,0
DA:571,0
DA:574,0
DA:575,0
DA:576,0
DA:577,0
DA:578,0
DA:581,0
DA:582,0
DA:584,0
DA:585,0
DA:586,0
DA:587,0
DA:589,0
DA:590,0
DA:591,0
DA:592,0
DA:594,0
DA:596,0
DA:597,0
DA:598,0
DA:601,0
DA:602,0
DA:603,0
DA:604,0
DA:606,0
DA:608,0
DA:609,0
DA:610,0
DA:613,0
DA:614,0
DA:615,0
DA:616,0
DA:619,0
DA:621,0
DA:624,0
DA:625,0
DA:628,0
DA:630,0
DA:633,0
DA:635,0
DA:637,0
DA:638,0
DA:640,0
DA:645,0
DA:646,0
DA:647,0
DA:649,0
DA:650,0
DA:651,0
DA:652,0
DA:653,0
DA:655,0
DA:656,0
DA:657,0
DA:658,0
DA:659,0
DA:663,0
DA:666,0
DA:667,0
DA:668,0
DA:669,0
DA:671,0
DA:672,0
DA:673,0
DA:674,0
DA:678,0
DA:680,0
DA:681,0
DA:682,0
DA:683,0
DA:685,0
DA:686,0
DA:687,0
DA:688,0
DA:692,0
DA:695,0
DA:697,0
DA:698,0
DA:703,0
DA:705,0
DA:708,0
DA:711,0
DA:712,0
DA:713,0
DA:715,0
DA:716,0
DA:720,0
DA:722,0
DA:723,0
DA:725,0
DA:726,0
DA:730,0
DA:731,0
DA:732,0
DA:733,0
DA:737,0
DA:738,0
DA:739,0
DA:740,0
DA:742,0
DA:745,0
DA:753,0
DA:754,0
DA:768,0
DA:769,0
DA:770,0
DA:771,0
DA:772,0
DA:773,0
DA:774,0
DA:776,0
DA:777,0
DA:780,0
DA:782,0
DA:785,0
DA:786,0
DA:788,0
DA:791,0
DA:792,0
DA:794,0
DA:797,0
DA:798,0
DA:800,0
DA:801,0
DA:803,0
DA:806,0
DA:807,0
DA:808,0
DA:809,0
DA:810,0
DA:811,0
DA:812,0
DA:814,0
DA:816,0
DA:819,0
DA:820,0
DA:821,0
DA:822,0
DA:823,0
DA:825,0
DA:826,0
DA:827,0
DA:828,0
DA:829,0
DA:832,0
DA:835,0
DA:836,0
DA:840,0
DA:841,0
DA:842,0
DA:843,0
DA:844,0
DA:846,0
DA:847,0
DA:848,0
DA:849,0
DA:850,0
DA:853,0
DA:856,0
DA:857,0
DA:861,0
DA:862,0
DA:863,0
DA:864,0
DA:865,0
DA:866,0
DA:867,0
DA:869,0
DA:870,0
DA:873,0
DA:875,0
DA:876,0
DA:879,0
DA:882,0
DA:883,0
DA:887,0
DA:888,0
DA:889,0
DA:890,0
DA:891,0
DA:892,0
DA:894,0
DA:895,0
DA:896,0
DA:898,0
DA:899,0
DA:900,0
DA:902,0
DA:903,0
DA:904,0
DA:907,0
DA:909,0
DA:910,0
DA:911,0
DA:914,0
DA:917,0
DA:918,0
DA:922,0
DA:923,0
DA:924,0
DA:925,0
DA:928,0
DA:929,0
DA:930,0
DA:931,0
DA:934,0
DA:935,0
DA:936,0
DA:937,0
DA:940,0
DA:941,0
DA:942,0
DA:943,0
DA:946,0
DA:948,0
DA:950,0
DA:951,0
DA:962,0
DA:963,0
DA:966,0
DA:967,0
DA:972,0
DA:973,0
DA:975,0
DA:976,0
DA:978,0
DA:979,0
DA:980,0
DA:983,0
DA:998,0
DA:1000,0
DA:1001,0
DA:1004,0
DA:1005,0
DA:1013,0
DA:1014,0
DA:1015,0
DA:1018,0
DA:1033,0
DA:1035,0
DA:1036,0
DA:1037,0
DA:1039,0
DA:1040,0
DA:1044,0
DA:1048,2
DA:1049,2
DA:1050,2
DA:1053,2
DA:1055,2
DA:1058,230
DA:1059,230
DA:1060,0
DA:1068,2
DA:1070,2
DA:1075,2
DA:1147,2
DA:1165,1744
DA:1167,1744
DA:1170,1744
DA:1171,1446
DA:1173,298
DA:1176,1744
DA:1177,4336
DA:1178,4336
DA:1181,3124
DA:1183,3124
DA:1184,115172
DA:1185,102158
DA:1190,3124
DA:1191,0
DA:1194,3124
DA:1195,2
DA:1197,3122
DA:1198,0
DA:1200,3122
DA:1201,0
DA:1203,3122
DA:1205,1062
DA:1208,2044
DA:1210,2044
DA:1211,2044
DA:1215,16
DA:1216,24
DA:1218,16
DA:1219,8
DA:1221,16
DA:1222,16
DA:1225,0
DA:1228,3122
DA:1229,0
DA:1231,3122
DA:1232,0
DA:1234,3122
DA:1235,2030
DA:1240,2030
DA:1244,0
DA:1245,0
DA:1248,0
DA:1249,0
DA:1252,0
DA:1253,0
DA:1256,0
DA:1260,3122
DA:1261,2028
DA:1262,0
DA:1266,3122
DA:1267,3122
DA:1268,3122
DA:1269,3122
DA:1270,3122
DA:1274,3122
DA:1275,1412
DA:1279,3122
DA:1280,101834
DA:1281,101834
DA:1282,101834
DA:1288,1742
DA:1295,622
DA:1296,622
DA:1297,296
DA:1300,326
DA:1301,0
DA:1303,622
DA:1307,622
DA:1308,622
DA:1309,296
DA:1312,326
DA:1313,0
DA:1315,622
DA:1328,596
DA:1329,596
DA:1332,596
DA:1333,52
DA:1334,0
DA:1335,0
DA:1340,0
DA:1343,52
DA:1344,52
DA:1345,52
DA:1347,2
DA:1355,0
DA:1378,0
DA:1379,0
DA:1381,0
DA:1382,0
DA:1384,0
DA:1385,0
DA:1386,0
DA:1389,2
DA:1390,2
DA:1392,2
DA:1401,544
DA:1405,594
DA:1406,0
DA:1407,0
DA:1410,0
DA:1411,0
DA:1412,0
DA:1413,0
DA:1418,0
DA:1421,0
DA:1428,0
DA:1429,0
DA:1431,0
DA:1432,0
DA:1433,0
DA:1434,0
DA:1436,0
DA:1437,0
DA:1439,0
DA:1443,0
DA:1447,0
DA:1448,0
DA:1452,594
DA:1455,2
DA:1456,2
DA:1457,2
DA:1458,2
DA:1459,2
DA:1462,2
DA:1465,2
DA:1466,170
DA:1467,170
DA:1468,170
DA:1470,0
DA:1471,0
DA:1472,0
DA:1474,0
DA:1475,0
DA:1477,0
DA:1484,2
DA:1485,2
DA:1486,2
DA:1487,2
DA:1488,2
DA:1489,2
DA:1490,2
DA:1493,2
DA:1494,2
DA:1499,552
DA:1500,0
DA:1503,552
DA:1504,4300
DA:1505,4300
DA:1513,35084
DA:1514,35084
DA:1534,35084
DA:1535,2840
DA:1536,2840
DA:1537,365936
DA:1539,2840
DA:1540,98290
DA:1541,2034
DA:1545,32244
DA:1546,32244
DA:1547,77066
DA:1548,45304
DA:1551,32244
DA:1553,35084
DA:1556,2
DA:1558,2292
DA:1559,2292
DA:1560,2292
DA:1561,2292
DA:1562,2292
DA:1565,0
DA:1566,0
DA:1568,0
DA:1569,0
DA:1572,0
DA:1573,0
DA:1575,0
DA:1576,0
DA:1577,0
DA:1579,0
DA:1583,2
DA:1585,4902
DA:1586,4902
DA:1587,4902
DA:1588,4902
DA:1589,4902
DA:1590,4902
DA:1591,4902
DA:1592,4902
DA:1593,4902
DA:1594,4902
DA:1597,12
DA:1599,12
DA:1601,12
DA:1602,0
DA:1604,12
DA:1605,0
DA:1607,12
DA:1608,12
DA:1611,12
DA:1612,12
DA:1614,12
DA:1616,12
DA:1619,0
DA:1621,0
DA:1623,0
DA:1624,0
DA:1626,0
DA:1627,0
DA:1630,0
DA:1631,0
DA:1633,0
DA:1634,0
DA:1636,0
DA:1642,2
DA:1714,2
DA:1716,296
DA:1717,0
DA:1718,0
DA:1721,296
DA:1723,296
DA:1735,296
DA:1737,296
DA:1739,296
DA:1740,296
DA:1741,296
DA:1742,296
DA:1743,296
DA:1744,296
DA:1745,296
DA:1746,296
DA:1747,296
DA:1748,296
DA:1749,296
DA:1750,296
DA:1753,296
DA:1754,296
DA:1756,296
DA:1769,296
DA:1770,296
DA:1771,296
DA:1772,296
DA:1775,296
DA:1776,2
DA:1779,2
DA:1781,2
DA:1783,296
DA:1784,296
DA:1785,296
DA:1787,296
DA:1788,296
DA:1789,296
DA:1791,296
DA:1792,0
DA:1794,0
DA:1797,296
DA:1799,290
DA:1800,24
DA:1858,24
DA:1862,2
DA:1863,296
DA:1864,296
DA:1865,296
DA:1866,296
DA:1868,296
DA:1869,24
DA:1871,292
DA:1872,132
DA:1873,56
DA:1875,76
DA:1882,292
DA:1883,292
DA:1884,6
DA:1885,10
DA:1886,2
DA:1888,8
DA:1890,6
DA:1891,2
DA:1893,2
DA:1899,2
DA:1900,2
DA:1902,2
DA:1903,2
DA:1904,2
DA:1905,2
DA:1906,2
DA:1909,0
DA:1913,2
DA:1914,0
DA:1918,2
DA:1919,2
DA:1920,2
DA:1921,2
DA:1922,2
DA:1924,2
DA:1926,2
DA:1927,2
DA:1928,2
DA:1929,8
DA:1932,8
DA:1935,8
DA:1936,0
DA:1937,0
DA:1939,0
DA:1941,8
DA:1942,8
DA:1943,0
DA:1945,8
DA:1946,0
DA:1947,0
DA:1950,8
DA:1951,8
DA:1956,292
DA:1959,292
DA:1962,292
DA:1963,292
DA:1964,132
DA:1965,832
DA:1970,396
DA:1973,436
DA:1976,132
DA:1977,436
DA:1979,132
DA:1980,450
DA:1983,132
DA:1984,14
DA:1985,14
DA:1986,14
DA:1987,14
DA:1992,292
DA:1995,290
DA:1998,290
DA:2001,2
DA:2002,292
DA:2003,0
DA:2006,292
DA:2007,292
DA:2008,2
DA:2033,290
DA:2034,290
DA:2044,290
DA:2047,290
DA:2051,2
DA:2052,290
DA:2054,290
DA:2055,290
DA:2058,290
DA:2059,0
DA:2060,0
DA:2061,0
DA:2066,976
DA:2067,976
DA:2068,976
DA:2070,976
DA:2071,976
DA:2072,976
DA:2073,1616
DA:2074,1616
DA:2075,1616
DA:2077,1616
DA:2078,3032
DA:2079,3032
DA:2080,3032
DA:2081,686
DA:2087,290
DA:2090,290
DA:2091,976
DA:2092,976
DA:2093,976
DA:2094,976
DA:2095,976
DA:2096,976
DA:2097,1616
DA:2098,1616
DA:2099,1616
DA:2101,0
DA:2105,976
DA:2107,0
DA:2111,290
DA:2112,1628
DA:2116,290
DA:2117,1628
DA:2123,292
DA:2124,18
DA:2125,18
DA:2126,40
DA:2127,46
DA:2133,18
DA:2140,4898
DA:2141,4898
DA:2146,11010
DA:2148,2498
DA:2150,11010
DA:2153,9310
DA:2155,36
DA:2158,9310
DA:2159,9310
DA:2160,36
DA:2163,9310
DA:2167,11010
DA:2169,11010
DA:2170,11010
DA:2171,11010
DA:2173,11010
DA:2176,4898
DA:2180,2
DA:2181,292
DA:2183,292
DA:2184,292
DA:2185,292
DA:2186,292
DA:2187,292
DA:2190,292
DA:2192,292
DA:2193,292
DA:2194,292
DA:2195,292
DA:2196,292
DA:2197,292
DA:2199,292
DA:2202,292
DA:2203,292
DA:2205,292
DA:2206,2
DA:2207,8
DA:2208,8
DA:2210,0
DA:2214,8
DA:2217,8
DA:2218,8
DA:2219,8
DA:2220,8
DA:2222,0
DA:2228,2
DA:2229,2
DA:2230,8
DA:2231,8
DA:2235,2
DA:2238,292
DA:2239,0
DA:2240,0
DA:2242,0
DA:2243,0
DA:2249,292
DA:2253,1482
DA:2254,1482
DA:2255,1482
DA:2256,1482
DA:2257,1482
DA:2263,2920
DA:2268,1482
DA:2269,0
DA:2271,0
DA:2272,0
DA:2274,0
DA:2278,1482
DA:2280,1482
DA:2281,1482
DA:2283,2920
DA:2290,2688
DA:2292,2688
DA:2294,1200
DA:2298,1200
DA:2299,2204
DA:2301,2204
DA:2302,2204
DA:2303,116
DA:2306,2204
DA:2307,834
DA:2312,1488
DA:2313,1488
DA:2314,1488
DA:2315,2744
DA:2316,2744
DA:2317,1386
DA:2328,292
DA:2329,292
DA:2330,692
DA:2332,692
DA:2333,16
DA:2335,676
DA:2338,692
DA:2342,292
DA:2343,692
DA:2345,692
DA:2346,692
DA:2351,292
DA:2352,692
DA:2354,692
DA:2355,692
DA:2365,292
DA:2366,692
DA:2368,692
DA:2369,692
DA:2374,292
DA:2375,692
DA:2377,692
DA:2378,692
DA:2381,292
DA:2382,292
DA:2383,292
DA:2388,2950
DA:2389,1674
DA:2390,1674
DA:2394,292
DA:2397,292
DA:2398,274
DA:2399,1370
DA:2400,0
DA:2401,0
DA:2405,274
DA:2408,274
DA:2410,274
DA:2411,274
DA:2412,274
DA:2415,292
DA:2416,292
DA:2417,292
DA:2418,292
DA:2419,292
DA:2421,292
DA:2422,292
DA:2430,4032
DA:2431,4032
DA:2432,4032
DA:2433,4032
DA:2434,3942
DA:2440,90
DA:2441,90
DA:2442,132
DA:2443,132
DA:2444,132
DA:2445,114
DA:2446,114
DA:2447,114
DA:2448,18
DA:2449,0
DA:2450,0
DA:2452,132
DA:2453,132
DA:2454,90
DA:2456,132
DA:2461,132
DA:2462,132
DA:2463,132
DA:2464,132
DA:2465,0
DA:2466,0
DA:2467,0
DA:2468,0
DA:2470,132
DA:2471,0
DA:2473,132
DA:2475,132
DA:2476,132
DA:2477,132
DA:2478,0
DA:2479,0
DA:2481,132
DA:2483,132
DA:2485,132
DA:2486,132
DA:2490,90
DA:2491,36
DA:2493,90
DA:2499,1344
DA:2500,1344
DA:2502,1344
DA:2505,600
DA:2509,600
DA:2511,1102
DA:2512,1102
DA:2513,58
DA:2514,58
DA:2515,58
DA:2517,1044
DA:2520,1102
DA:2521,20
DA:2523,1102
DA:2524,1102
DA:2528,600
DA:2529,600
DA:2531,600
DA:2534,600
DA:2535,2
DA:2542,0
DA:2543,0
DA:2551,744
DA:2552,744
DA:2553,744
DA:2554,1372
DA:2555,2
DA:2557,1372
DA:2558,1372
DA:2563,1344
DA:2566,1344
DA:2567,1344
DA:2568,2
DA:2571,1342
DA:2574,1342
DA:2575,2470
DA:2576,56
DA:2577,56
DA:2578,56
DA:2579,4
DA:2581,4
DA:2582,0
DA:2586,4
DA:2588,52
DA:2589,52
DA:2590,52
DA:2593,56
DA:2597,1342
DA:2598,4
DA:2599,4
DA:2604,1344
DA:2605,1344
DA:2606,1344
DA:2621,802
DA:2642,802
DA:2645,6068
DA:2711,6068
DA:2712,6068
DA:2713,6870
DA:2714,6870
DA:2715,6870
DA:2718,6870
DA:2719,6870
DA:2720,6870
DA:2721,6870
DA:2723,6870
DA:2724,36
DA:2726,6834
DA:2727,766
DA:2729,6068
DA:2730,0
DA:2732,6068
DA:2733,0
DA:2736,6068
DA:2740,6068
DA:2746,1170
DA:2777,1170
DA:2781,1170
DA:2787,4898
DA:2793,30762
DA:2794,30762
DA:2799,880
DA:2800,880
DA:2801,880
DA:2852,880
DA:2855,2
DA:2865,290
DA:2866,290
DA:2867,290
DA:2868,290
DA:2869,290
DA:2876,290
DA:2878,0
DA:2881,290
DA:2882,0
DA:2883,0
DA:2884,0
DA:2888,0
DA:2892,290
DA:2897,290
DA:2898,290
DA:2899,290
DA:2900,290
DA:2901,290
DA:2902,880
DA:2903,880
DA:2915,880
DA:2916,880
DA:2917,880
DA:2921,880
DA:2923,880
DA:2924,3378
DA:2928,880
DA:2929,56
DA:2931,56
DA:2942,880
DA:2943,880
DA:2944,4934
DA:2945,36
DA:2948,880
DA:2949,12
DA:2951,12
DA:2964,880
DA:2966,880
DA:2968,880
DA:2979,0
DA:2982,880
DA:2988,880
DA:2989,880
DA:2990,880
DA:2991,880
DA:2992,880
DA:2993,880
DA:2994,880
DA:2995,880
DA:2996,880
DA:3003,880
DA:3005,880
DA:3007,880
DA:3009,880
DA:3012,880
DA:3014,880
DA:3015,880
DA:3016,880
DA:3017,880
DA:3052,880
DA:3053,880
DA:3054,880
DA:3055,880
DA:3056,880
DA:3061,880
DA:3062,880
DA:3066,880
DA:3067,880
DA:3072,880
DA:3073,880
DA:3075,880
DA:3076,880
DA:3077,880
DA:3078,880
DA:3080,880
DA:3082,880
DA:3083,0
DA:3084,0
DA:3085,0
DA:3091,0
DA:3092,0
DA:3093,0
DA:3094,0
DA:3095,0
DA:3100,0
DA:3101,0
DA:3105,0
DA:3106,0
DA:3111,0
DA:3112,0
DA:3114,0
DA:3115,0
DA:3116,0
DA:3117,0
DA:3119,0
DA:3124,880
DA:3125,880
DA:3126,880
DA:3127,880
DA:3128,880
DA:3129,880
DA:3130,880
DA:3131,880
DA:3132,880
DA:3133,880
DA:3134,880
DA:3135,880
DA:3136,880
DA:3137,880
DA:3138,880
DA:3139,880
DA:3140,880
DA:3141,880
DA:3142,880
DA:3143,880
DA:3147,880
DA:3149,870
DA:3150,870
DA:3151,870
DA:3155,10
DA:3157,880
DA:3159,880
DA:3161,870
DA:3165,10
DA:3167,880
DA:3169,880
DA:3174,880
DA:3178,880
DA:3180,880
DA:3181,880
DA:3182,880
DA:3185,880
DA:3187,880
DA:3188,0
DA:3218,880
DA:3223,290
DA:3224,290
DA:3225,0
DA:3226,0
DA:3227,0
DA:3228,0
DA:3230,290
DA:3233,290
DA:3234,290
DA:3236,290
DA:3237,804
DA:3238,804
DA:3239,0
DA:3240,0
DA:3241,0
DA:3242,0
DA:3244,0
DA:3247,804
DA:3250,290
DA:3251,1072
DA:3252,1072
DA:3253,0
DA:3254,0
DA:3255,0
DA:3262,0
DA:3265,1072
DA:3274,9802
DA:3275,4898
DA:3276,9164
DA:3279,9802
DA:3280,0
DA:3282,9802
DA:3283,9802
DA:3287,6
DA:3288,0
DA:3290,6
DA:3294,6
DA:3295,6
DA:3300,4312
DA:3302,4312
DA:3303,4300
DA:3304,0
DA:3306,4300
DA:3307,4300
DA:3308,2710
DA:3311,1590
DA:3314,12
DA:3315,6
DA:3318,6
DA:3319,0
DA:3322,6
DA:3323,6
DA:3324,6
DA:3327,0
DA:3333,4898
DA:3336,4898
DA:3337,4898
DA:3340,4898
DA:3345,9164
DA:3346,426
DA:3348,8738
DA:3349,574
DA:3351,8738
DA:3353,4898
DA:3354,4898
DA:3356,4898
DA:3357,4898
DA:3358,4898
DA:3366,4898
DA:3368,0
DA:3372,4898
DA:3373,298
DA:3374,298
DA:3375,298
DA:3406,298
DA:3407,874
DA:3408,874
DA:3410,874
DA:3411,180
DA:3412,180
DA:3413,48
DA:3414,48
DA:3417,694
DA:3418,694
DA:3419,694
DA:3420,604
DA:3421,604
DA:3429,298
DA:3430,874
DA:3431,222
DA:3432,222
DA:3436,298
DA:3438,748
DA:3439,748
DA:3440,748
DA:3441,126
DA:3445,298
DA:3447,748
DA:3448,748
DA:3449,748
DA:3450,126
DA:3453,298
DA:3455,600
DA:3456,0
DA:3459,600
DA:3462,4898
DA:3467,0
DA:3471,1992
DA:3475,64
DA:3479,0
DA:3482,0
DA:3486,6
DA:3487,6
DA:3488,0
DA:3490,6
DA:3530,4898
DA:3539,1296
DA:3540,1296
DA:3541,1296
DA:3543,1296
DA:3544,1296
DA:3563,1296
DA:3564,1296
DA:3565,0
DA:3567,1296
DA:3570,4898
DA:3573,4898
DA:3574,4898
DA:3576,4898
DA:3577,174
DA:3578,174
DA:3581,4898
DA:3582,4898
DA:3584,4898
DA:3595,4898
DA:3596,4898
DA:3601,4898
DA:3602,4898
DA:3605,4898
DA:3606,4898
DA:3608,880
DA:3609,880
DA:3612,574
DA:3613,574
DA:3631,4898
DA:3633,574
DA:3639,288
DA:3640,288
DA:3644,286
DA:3647,0
DA:3650,574
DA:3658,36
DA:3659,36
DA:3663,0
DA:3664,0
DA:3668,538
DA:3671,0
DA:3673,574
DA:3676,2294
DA:3684,1158
DA:3685,1158
DA:3698,4
DA:3699,4
DA:3702,4
DA:3703,4
DA:3707,1128
DA:3710,0
DA:3713,2294
DA:3722,102
DA:3723,102
DA:3727,0
DA:3728,0
DA:3732,2192
DA:3735,0
DA:3737,2294
DA:3740,2030
DA:3743,952
DA:3744,952
DA:3755,4
DA:3756,4
DA:3757,4
DA:3760,4
DA:3761,4
DA:3765,1070
DA:3768,0
DA:3771,2030
DA:3777,36
DA:3778,36
DA:3782,0
DA:3783,0
DA:3787,1994
DA:3790,0
DA:3792,2030
DA:3797,4898
DA:3798,2426
DA:3810,2426
DA:3811,2426
DA:3813,2426
DA:3814,334
DA:3816,2426
DA:3819,4898
DA:3821,4898
DA:3826,4898
DA:3827,1520
DA:3829,3378
DA:3830,3378
DA:3837,2
DA:3838,0
DA:3841,2
DA:3842,0
DA:3846,2
DA:3849,2
DA:3850,160
DA:3851,160
DA:3854,2
DA:3855,0
DA:3865,2
DA:3866,228
DA:3867,4
DA:3870,228
DA:3871,228
DA:3897,0
DA:3898,0
DA:3901,0
DA:3902,0
DA:3903,0
DA:3904,0
DA:3905,0
DA:3906,0
DA:3910,0
DA:3911,0
DA:3912,0
DA:3913,0
DA:3914,0
DA:3915,0
DA:3919,0
DA:3920,0
DA:3921,0
DA:3924,0
DA:3925,0
DA:3926,0
DA:3927,0
DA:3928,0
DA:3929,0
DA:3930,0
DA:3931,0
DA:3932,0
DA:3937,2
DA:3954,2
DA:3958,0
DA:3961,0
DA:3962,0
DA:3963,0
DA:3964,0
DA:3966,0
DA:3975,2
DA:3977,2
DA:3978,272
DA:3979,0
DA:3982,272
DA:3983,272
DA:3984,272
DA:3985,272
DA:3988,2
DA:3989,0
DA:3990,0
DA:3991,0
DA:3992,0
DA:3993,0
DA:3994,0
DA:3995,0
DA:3997,0
DA:3998,0
DA:4000,0
DA:4001,0
DA:4004,0
DA:4005,0
DA:4006,0
DA:4007,0
DA:4009,0
DA:4014,2
DA:4015,272
DA:4016,272
DA:4017,272
DA:4018,272
DA:4021,272
DA:4022,554
DA:4024,554
DA:4028,9854
DA:4030,9854
DA:4031,23676
DA:4034,10660
DA:4035,10068
DA:4037,10660
DA:4040,10660
DA:4041,3756
DA:4043,6904
DA:4045,6904
DA:4046,6904
DA:4047,74
DA:4048,74
DA:4051,10660
DA:4052,10660
DA:4053,10660
DA:4054,10660
DA:4055,2462
DA:4057,10660
DA:4062,272
DA:4063,0
DA:4068,2
DA:4070,23458
DA:4071,0
DA:4073,23458
DA:4074,23458
DA:4075,23458
DA:4076,23538
DA:4077,15206
DA:4078,14906
DA:4081,8332
DA:4083,23538
DA:4084,22000
DA:4086,23458
DA:4088,0
DA:4089,0
DA:4092,0
DA:4097,2
DA:4098,272
DA:4099,272
DA:4100,272
DA:4101,272
DA:4105,272
DA:4106,1032
DA:4108,1032
DA:4109,16088
DA:4110,16088
DA:4111,4170
DA:4112,4170
DA:4116,1032
DA:4117,6558
DA:4118,6558
DA:4119,16088
DA:4121,6558
DA:4122,1884
DA:4123,1884
DA:4130,2
DA:4131,272
DA:4132,272
DA:4133,272
DA:4136,272
DA:4137,452
DA:4140,452
DA:4141,6124
DA:4142,5756
DA:4143,13396
DA:4145,5756
DA:4146,270
DA:4152,452
DA:4153,2490
DA:4154,2128
DA:4155,5338
DA:4156,264
DA:4165,2
DA:4167,53722
DA:4168,0
DA:4170,53722
DA:4171,7120
DA:4172,7164
DA:4173,7040
DA:4176,80
DA:4178,46602
DA:4179,28838
DA:4182,17764
DA:4188,2
DA:4190,0
DA:4193,0
DA:4196,0
DA:4199,0
DA:4200,0
DA:4201,0
DA:4202,0
DA:4204,0
DA:4211,2
DA:4215,2
DA:4216,2
DA:4217,2
DA:4218,2
DA:4221,2
DA:4222,70
DA:4223,0
DA:4226,70
DA:4228,70
DA:4229,0
DA:4230,0
DA:4231,0
DA:4234,70
DA:4236,70
DA:4237,0
DA:4238,0
DA:4239,0
DA:4242,70
DA:4243,70
DA:4245,70
DA:4248,2
DA:4250,10316
DA:4251,10316
DA:4252,10316
DA:4253,10316
DA:4254,10316
DA:4255,10316
DA:4258,466
DA:4261,0
DA:4264,42
DA:4265,42
DA:4266,42
DA:4269,7536
DA:4270,7536
DA:4271,7536
DA:4272,7536
DA:4273,7536
DA:4274,7536
DA:4275,4648
DA:4276,4648
DA:4278,7536
DA:4279,0
DA:4280,0
DA:4282,7536
DA:4286,2
DA:4288,7138
DA:4289,7138
DA:4290,7138
DA:4291,7138
DA:4292,7138
DA:4293,7138
DA:4294,7138
DA:4295,296
DA:4299,3938
DA:4300,3938
DA:4301,7794
DA:4303,3938
DA:4304,3938
DA:4307,5808
DA:4308,5808
DA:4311,4212
DA:4314,6104
DA:4315,4526
DA:4316,4526
DA:4320,2
DA:4321,2264
DA:4322,2264
DA:4324,2264
DA:4326,2264
DA:4328,2264
DA:4329,3386
DA:4330,3386
DA:4331,3386
DA:4332,6472
DA:4335,6472
DA:4336,2162
DA:4337,1230
DA:4338,3394
DA:4339,3394
DA:4340,3394
DA:4343,1230
DA:4345,4310
DA:4347,1272
DA:4348,1272
DA:4351,3038
DA:4352,3038
DA:4356,3386
DA:4359,2264
DA:4362,2
DA:4363,4230
DA:4364,4230
DA:4366,4230
DA:4367,37660
DA:4368,5808
DA:4372,4230
DA:4378,2
DA:4379,296
DA:4380,296
DA:4381,296
DA:4382,296
DA:4383,296
DA:4384,296
DA:4388,296
DA:4389,296
DA:4391,296
DA:4392,2612
DA:4393,2612
DA:4394,2612
DA:4395,7794
DA:4396,4230
DA:4397,4230
DA:4400,2612
DA:4403,296
DA:4407,2
DA:4408,4230
DA:4409,4230
DA:4411,4230
DA:4412,1914
DA:4413,1914
DA:4416,2316
DA:4417,2316
DA:4418,2316
DA:4419,2316
DA:4420,2316
DA:4422,2316
DA:4423,2316
DA:4424,2316
DA:4429,2
DA:4430,296
DA:4431,296
DA:4432,296
DA:4433,296
DA:4434,296
DA:4437,296
DA:4438,2612
DA:4439,2612
DA:4443,2612
DA:4444,4230
DA:4446,37660
DA:4447,5808
DA:4448,5808
DA:4449,5808
DA:4451,2628
DA:4453,3180
DA:4460,2612
DA:4461,7794
DA:4463,296
DA:4467,2612
DA:4470,2612
DA:4472,1690
DA:4474,1690
DA:4475,4024
DA:4476,4024
DA:4479,4024
DA:4480,388
DA:4481,388
DA:4482,388
DA:4483,84
DA:4485,84
DA:4487,20
DA:4488,0
DA:4496,0
DA:4497,0
DA:4498,0
DA:4502,84
DA:4503,24
DA:4504,24
DA:4507,84
DA:4508,0
DA:4510,84
DA:4517,84
DA:4518,4
DA:4519,4
DA:4521,4
DA:4524,304
DA:4527,3636
DA:4529,4024
DA:4530,4014
DA:4531,10
DA:4532,10
DA:4546,296
DA:4548,296
DA:4549,34
DA:4550,34
DA:4551,34
DA:4552,42
DA:4553,42
DA:4555,34
DA:4559,296
DA:4578,286
DA:4579,286
DA:4581,2452
DA:4582,2452
DA:4584,2452
DA:4585,4876
DA:4587,4876
DA:4588,0
DA:4590,4876
DA:4591,4876
DA:4592,4740
DA:4594,1266
DA:4596,3474
DA:4597,3474
DA:4598,1418
DA:4599,1418
DA:4600,1418
DA:4602,136
DA:4605,2
DA:4609,1184
DA:4611,1180
DA:4623,1180
DA:4624,1094
DA:4625,3004
DA:4626,3004
DA:4627,2874
DA:4634,286
DA:4639,286
DA:4642,2452
DA:4643,4856
DA:4644,10
DA:4652,388
DA:4663,388
DA:4664,160
DA:4665,160
DA:4666,160
DA:4667,160
DA:4670,228
DA:4671,50
DA:4672,50
DA:4673,50
DA:4674,178
DA:4675,80
DA:4676,80
DA:4677,98
DA:4678,46
DA:4679,2
DA:4680,2
DA:4681,44
DA:4682,34
DA:4683,34
DA:4684,10
DA:4685,10
DA:4686,10
DA:4689,52
DA:4690,52
DA:4693,228
DA:4699,2
DA:4702,2
DA:4703,326
DA:4705,326
DA:4707,326
DA:4708,326
DA:4711,326
DA:4712,316
DA:4713,0
DA:4714,0
DA:4715,0
DA:4716,0
DA:4717,0
DA:4720,0
DA:4723,316
DA:4725,326
DA:4728,2
DA:4729,40
DA:5108,40
DA:5111,2
DA:5112,10
DA:5114,10
DA:5116,10
DA:5118,2
DA:5119,2
DA:5121,0
DA:5122,0
DA:5124,0
DA:5125,0
DA:5127,8
DA:5128,8
DA:5130,0
DA:5133,10
DA:5137,2
DA:5138,10
DA:5140,10
DA:5141,10
DA:5151,10
DA:5152,10
DA:5153,10
DA:5154,10
DA:5155,10
DA:5157,10
DA:5158,10
DA:5160,10
DA:5161,10
DA:5162,10
DA:5165,2
DA:5166,0
DA:5168,0
DA:5169,0
DA:5178,0
DA:5179,0
DA:5180,0
DA:5181,0
DA:5182,0
DA:5184,0
DA:5186,0
DA:5187,0
DA:5188,0
DA:5189,0
DA:5190,0
DA:5192,0
DA:5202,0
DA:5203,0
DA:5211,0
DA:5232,0
DA:5233,0
DA:5234,0
DA:5237,2
DA:5238,18
DA:5240,18
DA:5241,18
DA:5242,18
DA:5243,0
DA:5244,0
DA:5246,0
DA:5259,18
DA:5273,18
DA:5274,18
DA:5277,2
DA:5278,30
DA:5280,30
DA:5281,30
DA:5283,30
DA:5285,32
DA:5286,32
DA:5287,32
DA:5288,32
DA:5289,2
DA:5294,30
DA:5296,0
DA:5299,30
DA:5301,30
DA:5305,30
DA:5306,30
DA:5307,30
DA:5312,30
DA:5313,30
DA:5317,2
DA:5319,258
DA:5320,258
DA:5322,258
DA:5329,258
DA:5330,52
DA:5331,52
DA:5332,52
DA:5333,52
DA:5335,258
DA:5348,258
DA:5349,258
DA:5351,258
DA:5358,268
DA:5360,268
DA:5363,0
DA:5375,0
DA:5380,268
DA:5384,254
DA:5391,268
DA:5392,266
DA:5403,266
DA:5411,268
DA:5414,268
DA:5422,268
DA:5428,268
DA:5429,266
DA:5432,266
DA:5436,268
DA:5437,266
DA:5440,266
DA:5444,268
DA:5445,268
DA:5448,268
DA:5452,268
DA:5453,0
DA:5456,0
DA:5460,268
DA:5462,256
DA:5468,268
DA:5469,256
DA:5480,256
DA:5493,268
DA:5494,0
DA:5497,0
DA:5528,0
DA:5549,0
DA:5556,0
DA:5561,0
DA:5569,0
DA:5574,268
DA:5598,268
DA:5609,268
DA:5616,268
DA:5620,268
DA:5630,268
DA:5634,268
DA:5644,268
DA:5648,268
DA:5658,268
DA:5662,268
DA:5663,268
DA:5667,268
DA:5684,6
DA:5686,6
DA:5687,6
DA:5688,6
DA:5693,268
DA:5698,254
DA:5705,268
DA:5715,250
DA:5718,268
DA:5728,240
DA:5733,268
DA:5735,268
DA:5745,268
DA:5747,268
DA:5748,266
DA:5749,266
DA:5750,266
DA:5752,2
DA:5753,2
DA:5754,2
DA:5755,2
DA:5758,2
DA:5759,2
DA:5760,4
DA:5761,4
DA:5763,2
DA:5766,2
DA:5767,4
DA:5768,4
DA:5770,2
DA:5773,268
DA:5779,1072
DA:5785,1072
DA:5793,536
DA:5794,1876
DA:5795,374
DA:5797,1502
DA:5802,268
DA:5826,268
DA:5828,268
DA:5830,2
DA:5834,266
DA:5840,268
DA:5859,268
DA:5861,268
DA:5871,250
DA:5890,268
DA:5896,2
DA:5897,268
DA:5898,268
DA:5900,268
DA:5902,268
DA:5904,268
DA:5906,268
DA:5908,268
DA:5909,268
DA:5912,268
DA:5913,268
DA:5914,268
DA:5916,268
DA:5917,268
DA:5920,268
DA:5922,0
DA:5923,0
DA:5927,0
DA:5928,0
DA:5932,268
DA:5933,2
DA:5935,266
DA:5937,268
DA:5942,268
DA:5947,268
DA:5959,536
DA:5960,536
DA:5961,536
DA:5963,536
DA:5964,3974
DA:5969,3974
DA:5970,3706
DA:5973,536
DA:5978,268
DA:5979,268
DA:5981,268
DA:5982,1262
DA:5983,1262
DA:5984,1262
DA:5986,268
DA:5991,0
DA:5992,0
DA:5993,0
DA:5998,0
DA:5999,0
DA:6000,0
DA:6006,0
DA:6007,0
DA:6008,0
DA:6009,0
DA:6010,0
DA:6012,0
DA:6015,268
DA:6016,268
DA:6018,268
DA:6019,268
DA:6022,0
DA:6032,0
DA:6033,0
DA:6034,0
DA:6035,0
DA:6036,0
DA:6038,0
DA:6039,0
DA:6040,0
DA:6044,0
DA:6045,0
DA:6046,0
DA:6048,0
DA:6059,0
DA:6060,0
DA:6062,0
DA:6063,0
DA:6066,0
DA:6069,0
DA:6070,0
DA:6073,0
DA:6074,0
DA:6078,0
DA:6079,0
DA:6080,0
DA:6081,0
DA:6082,0
DA:6085,0
DA:6086,0
DA:6088,0
DA:6090,0
DA:6091,0
DA:6094,0
DA:6095,0
DA:6096,0
DA:6098,0
DA:6099,0
DA:6102,0
DA:6122,0
DA:6123,0
DA:6124,0
DA:6125,0
DA:6126,0
DA:6127,0
DA:6128,0
DA:6129,0
DA:6130,0
DA:6131,0
DA:6137,0
DA:6138,0
DA:6139,0
DA:6140,0
DA:6141,0
DA:6142,0
DA:6143,0
DA:6144,0
DA:6145,0
DA:6146,0
DA:6147,0
DA:6149,0
DA:6155,0
DA:6156,0
DA:6158,0
DA:6159,0
DA:6161,0
DA:6162,0
DA:6164,0
DA:6165,0
DA:6167,0
DA:6168,0
DA:6170,0
DA:6173,0
DA:6174,0
DA:6175,0
DA:6176,0
DA:6178,0
DA:6180,0
DA:6181,0
DA:6198,0
DA:6199,0
DA:6201,0
DA:6202,0
DA:6204,0
DA:6205,0
DA:6208,0
DA:6213,0
DA:6215,0
DA:6216,0
DA:6217,0
DA:6218,0
DA:6219,0
DA:6220,0
DA:6221,0
DA:6223,0
DA:6224,0
DA:6226,0
DA:6228,0
DA:6229,0
DA:6231,0
DA:6234,0
DA:6235,0
DA:6237,0
DA:6238,0
DA:6241,0
DA:6242,0
DA:6244,0
DA:6248,268
DA:6249,268
DA:6250,268
DA:6251,0
DA:6252,0
DA:6253,0
DA:6254,0
DA:6255,0
DA:6258,268
DA:6262,268
DA:6263,268
DA:6307,268
DA:6308,13942
DA:6310,746
DA:6311,268
DA:6312,268
DA:6313,0
DA:6314,0
DA:6317,746
DA:6322,268
DA:6324,66
DA:6327,268
DA:6328,268
DA:6330,268
DA:6331,0
DA:6333,268
DA:6334,0
DA:6337,268
DA:6339,268
DA:6340,268
DA:6341,0
DA:6343,268
DA:6344,0
DA:6346,268
DA:6351,268
DA:6352,268
DA:6353,268
DA:6354,268
DA:6355,0
DA:6358,268
DA:6359,268
DA:6360,268
DA:6361,268
DA:6362,0
DA:6365,268
DA:6366,268
DA:6369,268
DA:6371,268
DA:6429,268
DA:6473,268
DA:6475,268
DA:6476,268
DA:6477,268
DA:6487,268
DA:6490,2
DA:6492,268
DA:6546,268
DA:6553,2
DA:6554,0
DA:6555,0
DA:6556,0
DA:6559,0
DA:6561,0
DA:6564,0
DA:6574,2
DA:6585,2
DA:6586,2
DA:6587,2
DA:6588,2
DA:6589,2
DA:6592,2
DA:6596,2
DA:6599,4
DA:6601,4
DA:6603,4
DA:6604,4
DA:6606,4
DA:6608,16
DA:6609,16
DA:6610,16
DA:6612,16
DA:6613,12
DA:6615,4
DA:6618,16
DA:6619,8
DA:6620,8
DA:6624,4
DA:6626,4
DA:6627,12
DA:6628,8
DA:6629,8
DA:6633,4
DA:6635,4
DA:6636,4
DA:6638,4
DA:6643,2
DA:6644,2
DA:6645,2
DA:6647,2
DA:6648,4
DA:6652,2
DA:6653,4
DA:6655,4
DA:6657,2
DA:6658,0
DA:6661,2
DA:6662,2
DA:6665,4
DA:6668,2
DA:6673,2
DA:6674,2
DA:6675,2
DA:6678,2
DA:6679,2
DA:6680,2
DA:6684,2
DA:6693,2
DA:6694,266
DA:6695,0
DA:6698,266
DA:6699,266
DA:6700,266
DA:6725,266
DA:6732,0
DA:6734,0
DA:6735,0
DA:6736,0
DA:6739,0
DA:6740,0
DA:6743,0
DA:6744,0
DA:6745,0
DA:6748,0
DA:6750,0
DA:6751,0
DA:6752,0
DA:6753,0
DA:6754,0
DA:6755,0
DA:6756,0
DA:6757,0
DA:6758,0
DA:6760,0
DA:6762,0
DA:6764,0
DA:6765,0
DA:6766,0
DA:6768,0
DA:6769,0
DA:6770,0
DA:6771,0
DA:6773,0
DA:6775,0
DA:6776,0
DA:6778,0
DA:6780,0
DA:6781,0
DA:6784,0
DA:6785,0
DA:6786,0
DA:6787,0
DA:6788,0
DA:6789,0
DA:6791,0
DA:6794,0
DA:6801,266
DA:6803,266
DA:6805,266
DA:6808,266
DA:6809,266
DA:6810,1232
DA:6812,1232
DA:6813,1232
DA:6814,1232
DA:6816,1232
DA:6817,1232
DA:6818,1232
DA:6821,266
DA:6826,266
DA:6835,266
DA:6837,266
DA:6840,266
DA:6841,1116
DA:6842,1116
DA:6843,1116
DA:6846,1116
DA:6847,1116
DA:6850,266
DA:6854,266
DA:6861,266
DA:6863,266
DA:6865,266
DA:6867,266
DA:6869,266
DA:6871,266
DA:6875,266
DA:6876,266
DA:6877,2276
DA:6878,2276
DA:6880,2276
DA:6881,4568
DA:6882,4568
DA:6884,4568
DA:6885,4568
DA:6887,3306
DA:6888,3306
DA:6889,3306
DA:6890,3306
DA:6891,3040
DA:6892,3040
DA:6895,1262
DA:6897,1262
DA:6898,1262
DA:6901,0
DA:6902,0
DA:6903,0
DA:6906,4568
DA:6908,2276
DA:6911,266
DA:6920,266
DA:6924,266
DA:6928,2660
DA:6931,2660
DA:6933,12242
DA:6935,12242
DA:6936,15490
DA:6937,9542
DA:6940,12242
DA:6943,12242
DA:6944,12242
DA:6948,12242
DA:6949,10038
DA:6950,8288
DA:6951,6402
DA:6954,10038
DA:6958,12242
DA:6959,12242
DA:6960,12242
DA:6961,12242
DA:6962,181408
DA:6978,181408
DA:6979,71370
DA:6980,71370
DA:6985,12242
DA:6990,12242
DA:6991,12242
DA:6992,10252
DA:6994,1990
DA:6995,884
DA:6996,884
DA:6998,1106
DA:6999,282
DA:7000,282
DA:7002,824
DA:7003,824
DA:7004,824
DA:7007,0
DA:7011,12242
DA:7012,1990
DA:7016,2660
DA:7024,2660
DA:7029,266
DA:7035,266
DA:7040,266
DA:7046,266
DA:7051,266
DA:7061,266
DA:7065,266
DA:7066,266
DA:7067,266
DA:7070,266
DA:7086,266
DA:7100,266
DA:7140,266
DA:7177,266
DA:7178,266
DA:7179,266
DA:7181,266
DA:7182,266
DA:7183,266
DA:7185,266
DA:7186,266
DA:7187,266
DA:7189,266
DA:7191,266
DA:7192,266
DA:7193,266
DA:7196,266
DA:7206,266
DA:7207,52
DA:7211,266
DA:7222,2
DA:7251,2
DA:7259,0
DA:7263,0
DA:7267,286
DA:7269,286
DA:7270,2452
DA:7272,286
DA:7275,2
DA:7277,0
DA:7280,0
DA:7281,0
DA:7282,0
DA:7283,0
DA:7284,0
DA:7285,0
DA:7286,0
DA:7289,0
DA:7291,0
DA:7294,0
DA:7298,2
DA:7300,2
DA:7301,228
DA:7304,228
DA:7318,228
DA:7320,228
DA:7321,228
DA:7322,228
DA:7327,228
DA:7328,228
DA:7329,228
DA:7330,228
DA:7331,228
DA:7332,228
DA:7333,228
DA:7335,228
DA:7336,228
DA:7337,228
DA:7338,228
DA:7339,228
DA:7340,228
DA:7344,228
DA:7345,228
DA:7347,228
DA:7352,228
DA:7353,228
DA:7354,228
DA:7355,228
DA:7356,228
DA:7357,228
DA:7360,228
DA:7361,228
DA:7362,228
DA:7363,228
DA:7364,6
DA:7365,6
DA:7366,6
DA:7368,228
DA:7370,228
DA:7372,912
DA:7373,16
DA:7374,16
DA:7379,228
DA:7380,228
DA:7381,228
DA:7382,228
DA:7383,228
DA:7385,228
DA:7387,228
DA:7390,2
DA:7391,2
DA:7392,2
DA:7395,2
DA:7415,2
DA:7416,2
DA:7418,2
DA:7421,4
DA:7423,4
DA:7431,2
DA:7537,2
DA:7538,2
DA:7539,28
DA:7544,2
DA:9043,2
DA:9046,28
DA:9050,2
DA:9056,2
DA:9060,216
DA:9062,216
DA:9063,0
DA:9066,216
DA:9067,226
DA:9069,226
DA:9070,0
DA:9071,0
DA:9072,0
DA:9075,226
DA:9077,226
DA:9083,10068
DA:9084,10068
DA:9085,10068
DA:9086,10068
DA:9087,16952
DA:9089,10068
DA:9092,226
DA:9093,226
DA:9103,226
DA:9104,226
DA:9106,226
DA:9108,226
DA:9109,0
DA:9110,0
DA:9111,0
DA:9112,0
DA:9115,226
DA:9118,226
DA:9121,1308
DA:9122,1308
DA:9123,0
DA:9125,1308
DA:9126,1308
DA:9128,1308
DA:9129,216
DA:9133,226
DA:9134,0
DA:9135,0
DA:9136,0
DA:9137,0
DA:9140,226
DA:9142,226
DA:9143,0
DA:9144,0
DA:9145,0
DA:9146,0
DA:9149,226
DA:9151,226
DA:9152,0
DA:9153,0
DA:9154,0
DA:9155,0
DA:9162,226
DA:9163,216
DA:9167,10
DA:9175,10
DA:9178,10
DA:9179,10
DA:9180,10
DA:9181,10
DA:9184,216
DA:9185,216
DA:9187,216
DA:9191,1086
DA:9195,10068
DA:9196,10068
DA:9197,10068
DA:9198,16952
DA:9200,10068
DA:9204,3268
DA:9205,3268
DA:9207,3268
DA:9208,3268
DA:9209,7276
DA:9210,7276
DA:9211,7088
DA:9213,7276
DA:9214,7276
DA:9215,7276
DA:9216,7276
DA:9218,3268
DA:9226,226
DA:9227,226
DA:9229,226
DA:9230,1956
DA:9231,1956
DA:9232,5680
DA:9234,3268
DA:9235,3268
DA:9236,3268
DA:9237,3268
DA:9238,3268
DA:9239,1308
DA:9241,3268
DA:9242,3268
DA:9243,3268
DA:9244,3268
DA:9247,3268
DA:9248,3268
DA:9249,3268
DA:9250,16
DA:9253,3268
DA:9254,3268
DA:9255,1300
DA:9257,3268
DA:9267,226
DA:9268,226
DA:9271,226
DA:9272,226
DA:9273,1956
DA:9275,1956
DA:9276,1956
DA:9277,1062
DA:9278,1080
DA:9279,1080
DA:9280,0
DA:9282,1080
DA:9283,1080
DA:9284,1080
DA:9285,10
DA:9287,1080
DA:9288,0
DA:9291,1080
DA:9292,3076
DA:9293,66232
DA:9294,66232
DA:9295,2720
DA:9297,2720
DA:9307,2
DA:9311,2
DA:9313,0
DA:9314,0
DA:9317,0
DA:9320,0
DA:9323,0
DA:9326,0
DA:9329,0
DA:9338,2
DA:9340,42
DA:9342,42
DA:9343,0
DA:9344,0
DA:9345,0
DA:9348,42
DA:9355,2
DA:9359,98
DA:9367,2
DA:9371,418
DA:9376,1722
DA:9379,1608
DA:9384,348
DA:9385,348
DA:9387,348
DA:9390,348
DA:9391,552
DA:9392,552
DA:9393,552
DA:9394,1322
DA:9398,1322
DA:9399,466
DA:9400,466
DA:9401,466
DA:9402,266
DA:9404,466
DA:9405,818
DA:9406,818
DA:9407,660
DA:9410,856
DA:9412,418
DA:9416,552
DA:9419,348
DA:9423,2
DA:9428,2
DA:9432,4
DA:9434,4
DA:9435,0
DA:9436,0
DA:9439,4
DA:9441,4
DA:9442,0
DA:9443,0
DA:9446,4
DA:9451,4
DA:9452,4
DA:9453,4
DA:9455,4
DA:9456,14
DA:9457,14
DA:9458,14
DA:9459,4
DA:9461,14
DA:9462,20
DA:9463,2
DA:9464,2
DA:9466,18
DA:9469,14
DA:9470,14
DA:9473,4
DA:9477,2
DA:9479,2
DA:9481,300
DA:9482,112
DA:9483,112
DA:9486,300
DA:9496,300
DA:9508,298
DA:9509,296
DA:9511,28
DA:9512,28
DA:9514,18
DA:9515,18
DA:9518,24
DA:9519,24
DA:9522,4
DA:9523,4
DA:9527,222
DA:9529,0
DA:9534,186
DA:9535,178
DA:9538,2
DA:9540,2
LF:2906
LH:1908
BRDA:25,0,0,2
BRDA:25,0,1,0
BRDA:35,1,0,12
BRDA:35,1,1,0
BRDA:43,2,0,0
BRDA:43,2,1,0
BRDA:60,3,0,0
BRDA:60,3,1,500
BRDA:61,4,0,8
BRDA:61,4,1,492
BRDA:64,5,0,8
BRDA:64,5,1,492
BRDA:68,6,0,3092
BRDA:68,6,1,0
BRDA:71,7,0,12
BRDA:71,7,1,3080
BRDA:71,8,0,3092
BRDA:71,8,1,12
BRDA:98,9,0,0
BRDA:98,9,1,0
BRDA:99,10,0,0
BRDA:99,10,1,0
BRDA:102,11,0,0
BRDA:102,11,1,0
BRDA:105,12,0,0
BRDA:105,12,1,0
BRDA:109,13,0,0
BRDA:109,13,1,0
BRDA:116,14,0,0
BRDA:116,14,1,0
BRDA:116,15,0,0
BRDA:116,15,1,0
BRDA:119,16,0,0
BRDA:119,16,1,0
BRDA:119,17,0,0
BRDA:119,17,1,0
BRDA:140,18,0,236
BRDA:140,18,1,4
BRDA:162,19,0,0
BRDA:162,19,1,13664
BRDA:162,20,0,13664
BRDA:162,20,1,592
BRDA:163,21,0,0
BRDA:163,21,1,0
BRDA:165,22,0,592
BRDA:165,22,1,13072
BRDA:170,23,0,0
BRDA:170,23,1,0
BRDA:174,24,0,0
BRDA:174,24,1,0
BRDA:174,24,2,0
BRDA:177,25,0,722
BRDA:177,25,1,0
BRDA:177,26,0,722
BRDA:177,26,1,722
BRDA:179,27,0,62
BRDA:179,27,1,1546
BRDA:200,28,0,0
BRDA:200,28,1,0
BRDA:201,29,0,0
BRDA:201,29,1,0
BRDA:271,30,0,0
BRDA:271,30,1,0
BRDA:274,31,0,0
BRDA:274,31,1,0
BRDA:275,32,0,0
BRDA:275,32,1,0
BRDA:276,33,0,0
BRDA:276,33,1,0
BRDA:277,34,0,0
BRDA:277,34,1,0
BRDA:277,34,2,0
BRDA:277,34,3,0
BRDA:277,34,4,0
BRDA:277,34,5,0
BRDA:277,34,6,0
BRDA:337,35,0,0
BRDA:337,35,1,0
BRDA:337,35,2,0
BRDA:338,36,0,0
BRDA:338,36,1,0
BRDA:342,37,0,0
BRDA:342,37,1,0
BRDA:342,38,0,0
BRDA:342,38,1,0
BRDA:344,39,0,0
BRDA:344,39,1,0
BRDA:373,40,0,0
BRDA:373,40,1,0
BRDA:375,41,0,0
BRDA:375,41,1,0
BRDA:388,42,0,0
BRDA:388,42,1,0
BRDA:393,43,0,0
BRDA:393,43,1,0
BRDA:394,44,0,0
BRDA:394,44,1,0
BRDA:394,45,0,0
BRDA:394,45,1,0
BRDA:395,46,0,0
BRDA:395,46,1,0
BRDA:395,47,0,0
BRDA:395,47,1,0
BRDA:400,48,0,0
BRDA:400,48,1,0
BRDA:420,49,0,0
BRDA:420,49,1,0
BRDA:428,50,0,0
BRDA:428,50,1,0
BRDA:428,51,0,0
BRDA:428,51,1,0
BRDA:451,52,0,0
BRDA:451,52,1,0
BRDA:451,53,0,0
BRDA:451,53,1,0
BRDA:471,54,0,0
BRDA:471,54,1,0
BRDA:471,55,0,0
BRDA:471,55,1,0
BRDA:478,56,0,0
BRDA:478,56,1,0
BRDA:489,57,0,0
BRDA:489,57,1,0
BRDA:489,58,0,0
BRDA:489,58,1,0
BRDA:493,59,0,0
BRDA:493,59,1,0
BRDA:499,60,0,0
BRDA:499,60,1,0
BRDA:499,61,0,0
BRDA:499,61,1,0
BRDA:505,62,0,0
BRDA:505,62,1,0
BRDA:517,63,0,0
BRDA:517,63,1,0
BRDA:518,64,0,0
BRDA:518,64,1,0
BRDA:526,65,0,0
BRDA:526,65,1,0
BRDA:538,66,0,0
BRDA:538,66,1,0
BRDA:538,67,0,0
BRDA:538,67,1,0
BRDA:544,68,0,0
BRDA:544,68,1,0
BRDA:564,69,0,0
BRDA:564,69,1,0
BRDA:584,70,0,0
BRDA:584,70,1,0
BRDA:589,71,0,0
BRDA:589,71,1,0
BRDA:589,72,0,0
BRDA:589,72,1,0
BRDA:591,73,0,0
BRDA:591,73,1,0
BRDA:597,74,0,0
BRDA:597,74,1,0
BRDA:601,75,0,0
BRDA:601,75,1,0
BRDA:601,76,0,0
BRDA:601,76,1,0
BRDA:603,77,0,0
BRDA:603,77,1,0
BRDA:609,78,0,0
BRDA:609,78,1,0
BRDA:613,79,0,0
BRDA:613,79,1,0
BRDA:615,80,0,0
BRDA:615,80,1,0
BRDA:624,81,0,0
BRDA:624,81,1,0
BRDA:645,82,0,0
BRDA:645,82,1,0
BRDA:649,83,0,0
BRDA:649,83,1,0
BRDA:650,84,0,0
BRDA:650,84,1,0
BRDA:651,85,0,0
BRDA:651,85,1,0
BRDA:655,86,0,0
BRDA:655,86,1,0
BRDA:658,87,0,0
BRDA:658,87,1,0
BRDA:666,88,0,0
BRDA:666,88,1,0
BRDA:667,89,0,0
BRDA:667,89,1,0
BRDA:671,90,0,0
BRDA:671,90,1,0
BRDA:673,91,0,0
BRDA:673,91,1,0
BRDA:681,92,0,0
BRDA:681,92,1,0
BRDA:685,93,0,0
BRDA:685,93,1,0
BRDA:687,94,0,0
BRDA:687,94,1,0
BRDA:697,95,0,0
BRDA:697,95,1,0
BRDA:712,96,0,0
BRDA:712,96,1,0
BRDA:715,97,0,0
BRDA:715,97,1,0
BRDA:722,98,0,0
BRDA:722,98,1,0
BRDA:725,99,0,0
BRDA:725,99,1,0
BRDA:732,100,0,0
BRDA:732,100,1,0
BRDA:732,101,0,0
BRDA:732,101,1,0
BRDA:753,102,0,0
BRDA:753,102,1,0
BRDA:753,103,0,0
BRDA:753,103,1,0
BRDA:770,104,0,0
BRDA:770,104,1,0
BRDA:770,105,0,0
BRDA:770,105,1,0
BRDA:774,106,0,0
BRDA:774,106,1,0
BRDA:774,106,2,0
BRDA:774,106,3,0
BRDA:776,107,0,0
BRDA:776,107,1,0
BRDA:785,108,0,0
BRDA:785,108,1,0
BRDA:791,109,0,0
BRDA:791,109,1,0
BRDA:797,110,0,0
BRDA:797,110,1,0
BRDA:800,111,0,0
BRDA:800,111,1,0
BRDA:810,112,0,0
BRDA:810,112,1,0
BRDA:820,113,0,0
BRDA:820,113,1,0
BRDA:828,114,0,0
BRDA:828,114,1,0
BRDA:835,115,0,0
BRDA:835,115,1,0
BRDA:841,116,0,0
BRDA:841,116,1,0
BRDA:849,117,0,0
BRDA:849,117,1,0
BRDA:856,118,0,0
BRDA:856,118,1,0
BRDA:862,119,0,0
BRDA:862,119,1,0
BRDA:875,120,0,0
BRDA:875,120,1,0
BRDA:882,121,0,0
BRDA:882,121,1,0
BRDA:888,122,0,0
BRDA:888,122,1,0
BRDA:894,123,0,0
BRDA:894,123,1,0
BRDA:898,124,0,0
BRDA:898,124,1,0
BRDA:902,125,0,0
BRDA:902,125,1,0
BRDA:910,126,0,0
BRDA:910,126,1,0
BRDA:917,127,0,0
BRDA:917,127,1,0
BRDA:924,128,0,0
BRDA:924,128,1,0
BRDA:930,129,0,0
BRDA:930,129,1,0
BRDA:936,130,0,0
BRDA:936,130,1,0
BRDA:936,131,0,0
BRDA:936,131,1,0
BRDA:942,132,0,0
BRDA:942,132,1,0
BRDA:942,133,0,0
BRDA:942,133,1,0
BRDA:948,134,0,0
BRDA:948,134,1,0
BRDA:962,135,0,0
BRDA:962,135,1,0
BRDA:972,136,0,0
BRDA:972,136,1,0
BRDA:975,137,0,0
BRDA:975,137,1,0
BRDA:976,138,0,0
BRDA:976,138,1,0
BRDA:1000,139,0,0
BRDA:1000,139,1,0
BRDA:1004,140,0,0
BRDA:1004,140,1,0
BRDA:1013,141,0,0
BRDA:1013,141,1,0
BRDA:1022,142,0,0
BRDA:1022,142,1,0
BRDA:1035,143,0,0
BRDA:1035,143,1,0
BRDA:1039,144,0,0
BRDA:1039,144,1,0
BRDA:1059,145,0,0
BRDA:1059,145,1,230
BRDA:1170,146,0,1446
BRDA:1170,146,1,298
BRDA:1178,147,0,1212
BRDA:1178,147,1,3124
BRDA:1184,148,0,102158
BRDA:1184,148,1,13014
BRDA:1184,149,0,115172
BRDA:1184,149,1,102158
BRDA:1190,150,0,0
BRDA:1190,150,1,3124
BRDA:1194,151,0,2
BRDA:1194,151,1,3122
BRDA:1197,152,0,0
BRDA:1197,152,1,3122
BRDA:1200,153,0,0
BRDA:1200,153,1,3122
BRDA:1203,154,0,1062
BRDA:1203,154,1,2044
BRDA:1203,154,2,16
BRDA:1203,154,3,0
BRDA:1208,155,0,2044
BRDA:1208,155,1,0
BRDA:1218,156,0,8
BRDA:1218,156,1,8
BRDA:1228,157,0,0
BRDA:1228,157,1,3122
BRDA:1231,158,0,0
BRDA:1231,158,1,3122
BRDA:1234,159,0,2030
BRDA:1234,159,1,1092
BRDA:1235,160,0,8
BRDA:1235,160,1,8
BRDA:1235,160,2,8
BRDA:1235,160,3,2030
BRDA:1235,160,4,0
BRDA:1235,160,5,0
BRDA:1235,160,6,0
BRDA:1235,160,7,0
BRDA:1260,161,0,2028
BRDA:1260,161,1,1094
BRDA:1261,162,0,0
BRDA:1261,162,1,2028
BRDA:1274,163,0,1412
BRDA:1274,163,1,1710
BRDA:1280,164,0,101834
BRDA:1280,164,1,0
BRDA:1281,165,0,101834
BRDA:1281,165,1,0
BRDA:1296,166,0,296
BRDA:1296,166,1,326
BRDA:1296,167,0,622
BRDA:1296,167,1,326
BRDA:1300,168,0,0
BRDA:1300,168,1,326
BRDA:1308,169,0,296
BRDA:1308,169,1,326
BRDA:1308,170,0,622
BRDA:1308,170,1,326
BRDA:1312,171,0,0
BRDA:1312,171,1,326
BRDA:1332,172,0,52
BRDA:1332,172,1,544
BRDA:1333,173,0,0
BRDA:1333,173,1,52
BRDA:1343,174,0,52
BRDA:1343,174,1,0
BRDA:1347,175,0,0
BRDA:1347,175,1,2
BRDA:1381,176,0,0
BRDA:1381,176,1,0
BRDA:1405,177,0,0
BRDA:1405,177,1,594
BRDA:1405,178,0,594
BRDA:1405,178,1,594
BRDA:1406,179,0,0
BRDA:1406,179,1,0
BRDA:1410,180,0,0
BRDA:1410,180,1,0
BRDA:1411,181,0,0
BRDA:1411,181,1,0
BRDA:1421,182,0,0
BRDA:1421,182,1,0
BRDA:1431,183,0,0
BRDA:1431,183,1,0
BRDA:1447,184,0,0
BRDA:1447,184,1,0
BRDA:1462,185,0,2
BRDA:1462,185,1,0
BRDA:1462,186,0,2
BRDA:1462,186,1,2
BRDA:1470,187,0,0
BRDA:1470,187,1,0
BRDA:1474,188,0,0
BRDA:1474,188,1,0
BRDA:1499,189,0,0
BRDA:1499,189,1,552
BRDA:1504,190,0,4300
BRDA:1504,190,1,0
BRDA:1534,191,0,2840
BRDA:1534,191,1,32244
BRDA:1540,192,0,2034
BRDA:1540,192,1,96256
BRDA:1547,193,0,45304
BRDA:1547,193,1,31762
BRDA:1568,194,0,0
BRDA:1568,194,1,0
BRDA:1572,195,0,0
BRDA:1572,195,1,0
BRDA:1601,196,0,0
BRDA:1601,196,1,12
BRDA:1604,197,0,0
BRDA:1604,197,1,12
BRDA:1607,198,0,12
BRDA:1607,198,1,0
BRDA:1611,199,0,12
BRDA:1611,199,1,0
BRDA:1623,200,0,0
BRDA:1623,200,1,0
BRDA:1626,201,0,0
BRDA:1626,201,1,0
BRDA:1630,202,0,0
BRDA:1630,202,1,0
BRDA:1716,203,0,0
BRDA:1716,203,1,296
BRDA:1716,204,0,296
BRDA:1716,204,1,0
BRDA:1716,204,2,0
BRDA:1769,205,0,296
BRDA:1769,205,1,296
BRDA:1769,205,2,296
BRDA:1775,206,0,2
BRDA:1775,206,1,294
BRDA:1776,207,0,2
BRDA:1776,207,1,0
BRDA:1783,208,0,296
BRDA:1783,208,1,288
BRDA:1784,209,0,296
BRDA:1784,209,1,296
BRDA:1789,210,0,296
BRDA:1789,210,1,296
BRDA:1791,211,0,0
BRDA:1791,211,1,296
BRDA:1799,212,0,24
BRDA:1799,212,1,266
BRDA:1868,213,0,24
BRDA:1868,213,1,272
BRDA:1868,214,0,296
BRDA:1868,214,1,24
BRDA:1871,215,0,132
BRDA:1871,215,1,160
BRDA:1872,216,0,56
BRDA:1872,216,1,76
BRDA:1883,217,0,6
BRDA:1883,217,1,286
BRDA:1885,218,0,2
BRDA:1885,218,1,8
BRDA:1890,219,0,2
BRDA:1890,219,1,4
BRDA:1904,220,0,2
BRDA:1904,220,1,0
BRDA:1904,221,0,2
BRDA:1904,221,1,2
BRDA:1913,222,0,0
BRDA:1913,222,1,2
BRDA:1913,223,0,2
BRDA:1913,223,1,2
BRDA:1932,224,0,0
BRDA:1932,224,1,8
BRDA:1935,225,0,0
BRDA:1935,225,1,8
BRDA:1936,226,0,0
BRDA:1936,226,1,0
BRDA:1936,227,0,0
BRDA:1936,227,1,0
BRDA:1942,228,0,0
BRDA:1942,228,1,8
BRDA:1942,229,0,8
BRDA:1942,229,1,8
BRDA:1945,230,0,0
BRDA:1945,230,1,8
BRDA:1946,231,0,0
BRDA:1946,231,1,0
BRDA:1963,232,0,132
BRDA:1963,232,1,160
BRDA:1965,233,0,132
BRDA:1965,233,1,264
BRDA:1965,233,2,264
BRDA:1965,233,3,396
BRDA:1965,233,4,436
BRDA:1983,234,0,14
BRDA:1983,234,1,118
BRDA:2002,235,0,0
BRDA:2002,235,1,292
BRDA:2006,236,0,292
BRDA:2006,236,1,274
BRDA:2006,236,2,154
BRDA:2007,237,0,2
BRDA:2007,237,1,290
BRDA:2079,238,0,188
BRDA:2079,238,1,2844
BRDA:2080,239,0,686
BRDA:2080,239,1,2346
BRDA:2080,240,0,3032
BRDA:2080,240,1,1466
BRDA:2098,241,0,1616
BRDA:2098,241,1,0
BRDA:2105,242,0,0
BRDA:2105,242,1,976
BRDA:2123,243,0,274
BRDA:2123,243,1,18
BRDA:2146,244,0,2498
BRDA:2146,244,1,8512
BRDA:2150,245,0,1700
BRDA:2150,245,1,9310
BRDA:2159,246,0,36
BRDA:2159,246,1,9274
BRDA:2205,247,0,2
BRDA:2205,247,1,290
BRDA:2208,248,0,0
BRDA:2208,248,1,8
BRDA:2214,249,0,0
BRDA:2214,249,1,8
BRDA:2217,250,0,8
BRDA:2217,250,1,0
BRDA:2228,251,0,0
BRDA:2228,251,1,2
BRDA:2238,252,0,0
BRDA:2238,252,1,292
BRDA:2242,253,0,0
BRDA:2242,253,1,0
BRDA:2242,254,0,0
BRDA:2242,254,1,0
BRDA:2254,255,0,1482
BRDA:2254,255,1,0
BRDA:2263,256,0,1482
BRDA:2263,256,1,1438
BRDA:2263,257,0,2920
BRDA:2263,257,1,2540
BRDA:2268,258,0,0
BRDA:2268,258,1,1482
BRDA:2268,259,0,1482
BRDA:2268,259,1,1012
BRDA:2271,260,0,0
BRDA:2271,260,1,0
BRDA:2271,261,0,0
BRDA:2271,261,1,0
BRDA:2283,262,0,2920
BRDA:2283,262,1,380
BRDA:2290,263,0,2688
BRDA:2290,263,1,0
BRDA:2292,264,0,1200
BRDA:2292,264,1,1488
BRDA:2294,265,0,1200
BRDA:2294,265,1,0
BRDA:2302,266,0,116
BRDA:2302,266,1,2088
BRDA:2306,267,0,834
BRDA:2306,267,1,1370
BRDA:2306,268,0,2204
BRDA:2306,268,1,1004
BRDA:2316,269,0,1386
BRDA:2316,269,1,1358
BRDA:2316,270,0,2744
BRDA:2316,270,1,1584
BRDA:2330,271,0,0
BRDA:2330,271,1,692
BRDA:2332,272,0,16
BRDA:2332,272,1,676
BRDA:2343,273,0,0
BRDA:2343,273,1,692
BRDA:2352,274,0,0
BRDA:2352,274,1,692
BRDA:2366,275,0,0
BRDA:2366,275,1,692
BRDA:2375,276,0,0
BRDA:2375,276,1,692
BRDA:2388,277,0,1674
BRDA:2388,277,1,1276
BRDA:2388,278,0,2950
BRDA:2388,278,1,1966
BRDA:2397,279,0,274
BRDA:2397,279,1,18
BRDA:2399,280,0,0
BRDA:2399,280,1,1370
BRDA:2433,281,0,3942
BRDA:2433,281,1,90
BRDA:2433,282,0,4032
BRDA:2433,282,1,4014
BRDA:2441,283,0,222
BRDA:2441,283,1,204
BRDA:2444,284,0,114
BRDA:2444,284,1,18
BRDA:2448,285,0,0
BRDA:2448,285,1,18
BRDA:2448,286,0,18
BRDA:2448,286,1,18
BRDA:2448,286,2,0
BRDA:2453,287,0,90
BRDA:2453,287,1,42
BRDA:2464,288,0,132
BRDA:2464,288,1,0
BRDA:2470,289,0,0
BRDA:2470,289,1,132
BRDA:2477,290,0,0
BRDA:2477,290,1,132
BRDA:2490,291,0,36
BRDA:2490,291,1,54
BRDA:2502,292,0,600
BRDA:2502,292,1,744
BRDA:2505,293,0,600
BRDA:2505,293,1,0
BRDA:2512,294,0,58
BRDA:2512,294,1,1044
BRDA:2520,295,0,20
BRDA:2520,295,1,1082
BRDA:2523,296,0,600
BRDA:2523,296,1,502
BRDA:2524,297,0,1052
BRDA:2524,297,1,50
BRDA:2528,298,0,2
BRDA:2528,298,1,598
BRDA:2529,299,0,600
BRDA:2529,299,1,0
BRDA:2534,300,0,2
BRDA:2534,300,1,598
BRDA:2534,301,0,600
BRDA:2534,301,1,2
BRDA:2542,302,0,0
BRDA:2542,302,1,0
BRDA:2554,303,0,2
BRDA:2554,303,1,1370
BRDA:2557,304,0,580
BRDA:2557,304,1,792
BRDA:2558,305,0,1232
BRDA:2558,305,1,140
BRDA:2567,306,0,2
BRDA:2567,306,1,1342
BRDA:2575,307,0,56
BRDA:2575,307,1,2414
BRDA:2575,308,0,2470
BRDA:2575,308,1,1292
BRDA:2578,309,0,4
BRDA:2578,309,1,52
BRDA:2578,310,0,56
BRDA:2578,310,1,4
BRDA:2581,311,0,0
BRDA:2581,311,1,4
BRDA:2588,312,0,52
BRDA:2588,312,1,0
BRDA:2597,313,0,4
BRDA:2597,313,1,1338
BRDA:2598,314,0,4
BRDA:2598,314,1,0
BRDA:2598,315,0,4
BRDA:2598,315,1,4
BRDA:2605,316,0,190
BRDA:2605,316,1,1154
BRDA:2721,317,0,36
BRDA:2721,317,1,6834
BRDA:2721,318,0,766
BRDA:2721,318,1,6104
BRDA:2721,319,0,0
BRDA:2721,319,1,6870
BRDA:2721,320,0,0
BRDA:2721,320,1,6870
BRDA:2723,321,0,36
BRDA:2723,321,1,6834
BRDA:2726,322,0,766
BRDA:2726,322,1,6068
BRDA:2729,323,0,0
BRDA:2729,323,1,6068
BRDA:2732,324,0,0
BRDA:2732,324,1,6068
BRDA:2794,325,0,30762
BRDA:2794,325,1,9668
BRDA:2902,326,0,880
BRDA:2902,326,1,874
BRDA:2928,327,0,56
BRDA:2928,327,1,824
BRDA:2944,328,0,36
BRDA:2944,328,1,4898
BRDA:2948,329,0,12
BRDA:2948,329,1,868
BRDA:2988,330,0,880
BRDA:2988,330,1,876
BRDA:2989,331,0,880
BRDA:2989,331,1,880
BRDA:2990,332,0,880
BRDA:2990,332,1,854
BRDA:2991,333,0,880
BRDA:2991,333,1,874
BRDA:2992,334,0,880
BRDA:2992,334,1,872
BRDA:2993,335,0,880
BRDA:2993,335,1,880
BRDA:2994,336,0,880
BRDA:2994,336,1,880
BRDA:2995,337,0,880
BRDA:2995,337,1,880
BRDA:2996,338,0,880
BRDA:2996,338,1,880
BRDA:3003,339,0,880
BRDA:3003,339,1,290
BRDA:3005,340,0,880
BRDA:3005,340,1,290
BRDA:3007,341,0,880
BRDA:3007,341,1,844
BRDA:3009,342,0,880
BRDA:3009,342,1,856
BRDA:3012,343,0,880
BRDA:3012,343,1,874
BRDA:3014,344,0,880
BRDA:3014,344,1,874
BRDA:3015,345,0,880
BRDA:3015,345,1,454
BRDA:3016,346,0,880
BRDA:3016,346,1,880
BRDA:3017,347,0,880
BRDA:3017,347,1,856
BRDA:3052,348,0,880
BRDA:3052,348,1,868
BRDA:3053,349,0,880
BRDA:3053,349,1,880
BRDA:3054,350,0,880
BRDA:3054,350,1,880
BRDA:3055,351,0,880
BRDA:3055,351,1,880
BRDA:3056,352,0,880
BRDA:3056,352,1,880
BRDA:3061,353,0,880
BRDA:3061,353,1,174
BRDA:3062,354,0,880
BRDA:3062,354,1,174
BRDA:3066,355,0,880
BRDA:3066,355,1,832
BRDA:3067,356,0,880
BRDA:3067,356,1,832
BRDA:3072,357,0,880
BRDA:3072,357,1,872
BRDA:3073,358,0,880
BRDA:3073,358,1,872
BRDA:3075,359,0,880
BRDA:3075,359,1,872
BRDA:3076,360,0,880
BRDA:3076,360,1,872
BRDA:3077,361,0,880
BRDA:3077,361,1,164
BRDA:3078,362,0,880
BRDA:3078,362,1,164
BRDA:3080,363,0,880
BRDA:3080,363,1,844
BRDA:3091,364,0,0
BRDA:3091,364,1,0
BRDA:3092,365,0,0
BRDA:3092,365,1,0
BRDA:3093,366,0,0
BRDA:3093,366,1,0
BRDA:3094,367,0,0
BRDA:3094,367,1,0
BRDA:3095,368,0,0
BRDA:3095,368,1,0
BRDA:3100,369,0,0
BRDA:3100,369,1,0
BRDA:3101,370,0,0
BRDA:3101,370,1,0
BRDA:3105,371,0,0
BRDA:3105,371,1,0
BRDA:3106,372,0,0
BRDA:3106,372,1,0
BRDA:3111,373,0,0
BRDA:3111,373,1,0
BRDA:3112,374,0,0
BRDA:3112,374,1,0
BRDA:3114,375,0,0
BRDA:3114,375,1,0
BRDA:3115,376,0,0
BRDA:3115,376,1,0
BRDA:3116,377,0,0
BRDA:3116,377,1,0
BRDA:3117,378,0,0
BRDA:3117,378,1,0
BRDA:3119,379,0,0
BRDA:3119,379,1,0
BRDA:3124,380,0,880
BRDA:3124,380,1,844
BRDA:3125,381,0,880
BRDA:3125,381,1,832
BRDA:3126,382,0,880
BRDA:3126,382,1,868
BRDA:3127,383,0,880
BRDA:3127,383,1,182
BRDA:3128,384,0,880
BRDA:3128,384,1,174
BRDA:3129,385,0,880
BRDA:3129,385,1,880
BRDA:3130,386,0,880
BRDA:3130,386,1,880
BRDA:3131,387,0,880
BRDA:3131,387,1,880
BRDA:3132,388,0,880
BRDA:3132,388,1,874
BRDA:3133,389,0,880
BRDA:3133,389,1,880
BRDA:3134,390,0,880
BRDA:3134,390,1,872
BRDA:3135,391,0,880
BRDA:3135,391,1,880
BRDA:3136,392,0,880
BRDA:3136,392,1,880
BRDA:3137,393,0,880
BRDA:3137,393,1,844
BRDA:3138,394,0,880
BRDA:3138,394,1,872
BRDA:3139,395,0,880
BRDA:3139,395,1,872
BRDA:3140,396,0,880
BRDA:3140,396,1,164
BRDA:3141,397,0,880
BRDA:3141,397,1,842
BRDA:3142,398,0,880
BRDA:3142,398,1,824
BRDA:3143,399,0,880
BRDA:3143,399,1,872
BRDA:3147,400,0,870
BRDA:3147,400,1,6
BRDA:3147,400,2,10
BRDA:3157,401,0,880
BRDA:3157,401,1,0
BRDA:3157,401,2,0
BRDA:3157,401,3,0
BRDA:3159,402,0,870
BRDA:3159,402,1,6
BRDA:3159,402,2,10
BRDA:3167,403,0,880
BRDA:3167,403,1,832
BRDA:3167,403,2,832
BRDA:3167,403,3,832
BRDA:3167,403,4,832
BRDA:3169,404,0,880
BRDA:3169,404,1,872
BRDA:3169,404,2,868
BRDA:3187,405,0,0
BRDA:3187,405,1,880
BRDA:3240,406,0,0
BRDA:3240,406,1,0
BRDA:3241,407,0,0
BRDA:3241,407,1,0
BRDA:3254,408,0,0
BRDA:3254,408,1,0
BRDA:3274,409,0,4898
BRDA:3274,409,1,4904
BRDA:3276,410,0,0
BRDA:3276,410,1,9164
BRDA:3276,411,0,9164
BRDA:3276,411,1,9164
BRDA:3279,412,0,0
BRDA:3279,412,1,9802
BRDA:3287,413,0,0
BRDA:3287,413,1,6
BRDA:3287,414,0,6
BRDA:3287,414,1,6
BRDA:3290,415,0,6
BRDA:3290,415,1,0
BRDA:3302,416,0,4300
BRDA:3302,416,1,12
BRDA:3303,417,0,0
BRDA:3303,417,1,4300
BRDA:3307,418,0,2710
BRDA:3307,418,1,1590
BRDA:3314,419,0,6
BRDA:3314,419,1,6
BRDA:3318,420,0,0
BRDA:3318,420,1,6
BRDA:3323,421,0,6
BRDA:3323,421,1,0
BRDA:3345,422,0,426
BRDA:3345,422,1,8738
BRDA:3345,423,0,9164
BRDA:3345,423,1,8590
BRDA:3345,423,2,4166
BRDA:3345,423,3,1306
BRDA:3348,424,0,574
BRDA:3348,424,1,8164
BRDA:3353,425,0,4898
BRDA:3353,425,1,3124
BRDA:3372,426,0,298
BRDA:3372,426,1,4600
BRDA:3410,427,0,180
BRDA:3410,427,1,694
BRDA:3412,428,0,48
BRDA:3412,428,1,132
BRDA:3419,429,0,604
BRDA:3419,429,1,90
BRDA:3430,430,0,222
BRDA:3430,430,1,652
BRDA:3440,431,0,126
BRDA:3440,431,1,622
BRDA:3449,432,0,126
BRDA:3449,432,1,622
BRDA:3455,433,0,0
BRDA:3455,433,1,600
BRDA:3455,434,0,600
BRDA:3455,434,1,588
BRDA:3459,435,0,588
BRDA:3459,435,1,12
BRDA:3487,436,0,0
BRDA:3487,436,1,6
BRDA:3541,437,0,1296
BRDA:3541,437,1,0
BRDA:3564,438,0,0
BRDA:3564,438,1,1296
BRDA:3570,439,0,4898
BRDA:3570,439,1,1296
BRDA:3576,440,0,174
BRDA:3576,440,1,4724
BRDA:3578,441,0,174
BRDA:3578,441,1,0
BRDA:3581,442,0,4898
BRDA:3581,442,1,4898
BRDA:3581,442,2,3282
BRDA:3582,443,0,4898
BRDA:3582,443,1,4898
BRDA:3582,443,2,174
BRDA:3595,444,0,2480
BRDA:3595,444,1,2418
BRDA:3596,445,0,4724
BRDA:3596,445,1,174
BRDA:3605,446,0,4898
BRDA:3605,446,1,0
BRDA:3606,447,0,880
BRDA:3606,447,1,574
BRDA:3631,448,0,574
BRDA:3631,448,1,2294
BRDA:3631,448,2,2030
BRDA:3633,449,0,288
BRDA:3633,449,1,288
BRDA:3633,449,2,288
BRDA:3633,449,3,286
BRDA:3633,449,4,0
BRDA:3650,450,0,0
BRDA:3650,450,1,0
BRDA:3650,450,2,36
BRDA:3650,450,3,0
BRDA:3650,450,4,538
BRDA:3650,450,5,0
BRDA:3676,451,0,1158
BRDA:3676,451,1,4
BRDA:3676,451,2,4
BRDA:3676,451,3,1128
BRDA:3676,451,4,0
BRDA:3713,452,0,0
BRDA:3713,452,1,0
BRDA:3713,452,2,102
BRDA:3713,452,3,0
BRDA:3713,452,4,2192
BRDA:3713,452,5,0
BRDA:3740,453,0,952
BRDA:3740,453,1,4
BRDA:3740,453,2,4
BRDA:3740,453,3,1070
BRDA:3740,453,4,0
BRDA:3756,454,0,0
BRDA:3756,454,1,4
BRDA:3771,455,0,0
BRDA:3771,455,1,0
BRDA:3771,455,2,36
BRDA:3771,455,3,0
BRDA:3771,455,4,1994
BRDA:3771,455,5,0
BRDA:3797,456,0,2426
BRDA:3797,456,1,2472
BRDA:3800,457,0,2426
BRDA:3800,457,1,0
BRDA:3801,458,0,2426
BRDA:3801,458,1,0
BRDA:3802,459,0,12
BRDA:3802,459,1,2414
BRDA:3803,460,0,0
BRDA:3803,460,1,2426
BRDA:3804,461,0,174
BRDA:3804,461,1,2252
BRDA:3805,462,0,116
BRDA:3805,462,1,2310
BRDA:3806,463,0,0
BRDA:3806,463,1,2426
BRDA:3807,464,0,0
BRDA:3807,464,1,2426
BRDA:3813,465,0,334
BRDA:3813,465,1,2092
BRDA:3826,466,0,1520
BRDA:3826,466,1,3378
BRDA:3866,467,0,4
BRDA:3866,467,1,224
BRDA:3870,468,0,228
BRDA:3870,468,1,0
BRDA:3904,469,0,0
BRDA:3904,469,1,0
BRDA:3913,470,0,0
BRDA:3913,470,1,0
BRDA:3978,471,0,0
BRDA:3978,471,1,272
BRDA:3994,472,0,0
BRDA:3994,472,1,0
BRDA:3997,473,0,0
BRDA:3997,473,1,0
BRDA:4031,474,0,13016
BRDA:4031,474,1,10660
BRDA:4034,475,0,10068
BRDA:4034,475,1,592
BRDA:4037,476,0,10660
BRDA:4037,476,1,10068
BRDA:4040,477,0,3756
BRDA:4040,477,1,6904
BRDA:4040,478,0,10660
BRDA:4040,478,1,3756
BRDA:4046,479,0,74
BRDA:4046,479,1,6830
BRDA:4046,480,0,6904
BRDA:4046,480,1,74
BRDA:4054,481,0,2462
BRDA:4054,481,1,8198
BRDA:4062,482,0,0
BRDA:4062,482,1,272
BRDA:4070,483,0,0
BRDA:4070,483,1,23458
BRDA:4073,484,0,23458
BRDA:4073,484,1,0
BRDA:4076,485,0,15206
BRDA:4076,485,1,8332
BRDA:4077,486,0,14906
BRDA:4077,486,1,300
BRDA:4083,487,0,22000
BRDA:4083,487,1,1538
BRDA:4088,488,0,0
BRDA:4088,488,1,0
BRDA:4110,489,0,4170
BRDA:4110,489,1,11918
BRDA:4121,490,0,1884
BRDA:4121,490,1,4674
BRDA:4141,491,0,5756
BRDA:4141,491,1,368
BRDA:4143,492,0,592
BRDA:4143,492,1,12804
BRDA:4145,493,0,270
BRDA:4145,493,1,5486
BRDA:4153,494,0,2128
BRDA:4153,494,1,362
BRDA:4155,495,0,264
BRDA:4155,495,1,5074
BRDA:4167,496,0,0
BRDA:4167,496,1,53722
BRDA:4170,497,0,7120
BRDA:4170,497,1,46602
BRDA:4172,498,0,7040
BRDA:4172,498,1,124
BRDA:4178,499,0,28838
BRDA:4178,499,1,17764
BRDA:4222,500,0,0
BRDA:4222,500,1,70
BRDA:4228,501,0,0
BRDA:4228,501,1,70
BRDA:4236,502,0,0
BRDA:4236,502,1,70
BRDA:4251,503,0,10316
BRDA:4251,503,1,4508
BRDA:4252,504,0,10316
BRDA:4252,504,1,3394
BRDA:4265,505,0,42
BRDA:4265,505,1,42
BRDA:4270,506,0,7536
BRDA:4270,506,1,1694
BRDA:4274,507,0,4648
BRDA:4274,507,1,2888
BRDA:4278,508,0,0
BRDA:4278,508,1,7536
BRDA:4278,509,0,7536
BRDA:4278,509,1,0
BRDA:4299,510,0,3938
BRDA:4299,510,1,0
BRDA:4335,511,0,2162
BRDA:4335,511,1,4310
BRDA:4335,512,0,6472
BRDA:4335,512,1,5200
BRDA:4336,513,0,1230
BRDA:4336,513,1,932
BRDA:4339,514,0,3394
BRDA:4339,514,1,0
BRDA:4345,515,0,1272
BRDA:4345,515,1,3038
BRDA:4348,516,0,1272
BRDA:4348,516,1,1254
BRDA:4367,517,0,5808
BRDA:4367,517,1,31852
BRDA:4395,518,0,4230
BRDA:4395,518,1,3564
BRDA:4395,519,0,7794
BRDA:4395,519,1,6104
BRDA:4395,519,2,4526
BRDA:4411,520,0,1914
BRDA:4411,520,1,2316
BRDA:4416,521,0,2316
BRDA:4416,521,1,0
BRDA:4419,522,0,2316
BRDA:4419,522,1,0
BRDA:4446,523,0,5808
BRDA:4446,523,1,31852
BRDA:4449,524,0,2628
BRDA:4449,524,1,3180
BRDA:4461,525,0,296
BRDA:4461,525,1,7498
BRDA:4467,526,0,2476
BRDA:4467,526,1,136
BRDA:4472,527,0,1690
BRDA:4472,527,1,1602
BRDA:4479,528,0,388
BRDA:4479,528,1,3636
BRDA:4480,529,0,0
BRDA:4480,529,1,388
BRDA:4482,530,0,84
BRDA:4482,530,1,304
BRDA:4485,531,0,20
BRDA:4485,531,1,64
BRDA:4485,532,0,84
BRDA:4485,532,1,20
BRDA:4487,533,0,0
BRDA:4487,533,1,20
BRDA:4497,534,0,0
BRDA:4497,534,1,0
BRDA:4502,535,0,24
BRDA:4502,535,1,60
BRDA:4502,536,0,84
BRDA:4502,536,1,64
BRDA:4507,537,0,0
BRDA:4507,537,1,84
BRDA:4517,538,0,4
BRDA:4517,538,1,80
BRDA:4518,539,0,4
BRDA:4518,539,1,0
BRDA:4529,540,0,4014
BRDA:4529,540,1,10
BRDA:4529,541,0,4024
BRDA:4529,541,1,4014
BRDA:4531,542,0,10
BRDA:4531,542,1,0
BRDA:4548,543,0,34
BRDA:4548,543,1,262
BRDA:4549,544,0,34
BRDA:4549,544,1,0
BRDA:4549,545,0,34
BRDA:4549,545,1,0
BRDA:4587,546,0,0
BRDA:4587,546,1,4876
BRDA:4591,547,0,4740
BRDA:4591,547,1,136
BRDA:4592,548,0,1266
BRDA:4592,548,1,3474
BRDA:4597,549,0,1418
BRDA:4597,549,1,2056
BRDA:4602,550,0,2
BRDA:4602,550,1,134
BRDA:4609,551,0,1180
BRDA:4609,551,1,4
BRDA:4623,552,0,1094
BRDA:4623,552,1,86
BRDA:4626,553,0,2874
BRDA:4626,553,1,130
BRDA:4643,554,0,10
BRDA:4643,554,1,4846
BRDA:4663,555,0,160
BRDA:4663,555,1,228
BRDA:4665,556,0,34
BRDA:4665,556,1,126
BRDA:4666,557,0,34
BRDA:4666,557,1,126
BRDA:4670,558,0,50
BRDA:4670,558,1,178
BRDA:4670,559,0,228
BRDA:4670,559,1,178
BRDA:4674,560,0,80
BRDA:4674,560,1,98
BRDA:4677,561,0,46
BRDA:4677,561,1,52
BRDA:4678,562,0,2
BRDA:4678,562,1,44
BRDA:4681,563,0,34
BRDA:4681,563,1,10
BRDA:4684,564,0,10
BRDA:4684,564,1,0
BRDA:4711,565,0,316
BRDA:4711,565,1,10
BRDA:4711,566,0,326
BRDA:4711,566,1,10
BRDA:4712,567,0,0
BRDA:4712,567,1,316
BRDA:4714,568,0,0
BRDA:4714,568,1,0
BRDA:4716,569,0,0
BRDA:4716,569,1,0
BRDA:5116,570,0,2
BRDA:5116,570,1,0
BRDA:5116,570,2,0
BRDA:5116,570,3,8
BRDA:5116,570,4,0
BRDA:5151,571,0,10
BRDA:5151,571,1,0
BRDA:5151,572,0,10
BRDA:5151,572,1,10
BRDA:5178,573,0,0
BRDA:5178,573,1,0
BRDA:5178,574,0,0
BRDA:5178,574,1,0
BRDA:5188,575,0,0
BRDA:5188,575,1,0
BRDA:5189,576,0,0
BRDA:5189,576,1,0
BRDA:5190,577,0,0
BRDA:5190,577,1,0
BRDA:5242,578,0,0
BRDA:5242,578,1,18
BRDA:5243,579,0,0
BRDA:5243,579,1,0
BRDA:5244,580,0,0
BRDA:5244,580,1,0
BRDA:5286,581,0,32
BRDA:5286,581,1,0
BRDA:5287,582,0,30
BRDA:5287,582,1,2
BRDA:5288,583,0,2
BRDA:5288,583,1,30
BRDA:5292,584,0,2
BRDA:5292,584,1,0
BRDA:5306,585,0,2
BRDA:5306,585,1,28
BRDA:5329,586,0,52
BRDA:5329,586,1,206
BRDA:5329,587,0,258
BRDA:5329,587,1,52
BRDA:5360,588,0,0
BRDA:5360,588,1,268
BRDA:5380,589,0,254
BRDA:5380,589,1,14
BRDA:5391,590,0,266
BRDA:5391,590,1,2
BRDA:5411,591,0,268
BRDA:5411,591,1,0
BRDA:5428,592,0,266
BRDA:5428,592,1,2
BRDA:5436,593,0,266
BRDA:5436,593,1,2
BRDA:5444,594,0,268
BRDA:5444,594,1,0
BRDA:5452,595,0,0
BRDA:5452,595,1,268
BRDA:5460,596,0,256
BRDA:5460,596,1,12
BRDA:5468,597,0,256
BRDA:5468,597,1,12
BRDA:5493,598,0,0
BRDA:5493,598,1,268
BRDA:5561,599,0,0
BRDA:5561,599,1,0
BRDA:5574,600,0,268
BRDA:5574,600,1,0
BRDA:5609,601,0,268
BRDA:5609,601,1,0
BRDA:5609,602,0,268
BRDA:5609,602,1,268
BRDA:5609,602,2,268
BRDA:5609,602,3,268
BRDA:5620,603,0,268
BRDA:5620,603,1,0
BRDA:5634,604,0,268
BRDA:5634,604,1,0
BRDA:5648,605,0,268
BRDA:5648,605,1,0
BRDA:5662,606,0,268
BRDA:5662,606,1,0
BRDA:5667,607,0,6
BRDA:5667,607,1,262
BRDA:5693,608,0,254
BRDA:5693,608,1,14
BRDA:5705,609,0,250
BRDA:5705,609,1,18
BRDA:5718,610,0,240
BRDA:5718,610,1,28
BRDA:5747,611,0,266
BRDA:5747,611,1,2
BRDA:5747,612,0,268
BRDA:5747,612,1,2
BRDA:5768,613,0,2
BRDA:5768,613,1,2
BRDA:5794,614,0,374
BRDA:5794,614,1,1502
BRDA:5828,615,0,2
BRDA:5828,615,1,266
BRDA:5861,616,0,250
BRDA:5861,616,1,18
BRDA:5920,617,0,0
BRDA:5920,617,1,0
BRDA:5920,617,2,0
BRDA:5920,617,3,268
BRDA:5932,618,0,2
BRDA:5932,618,1,266
BRDA:5932,619,0,268
BRDA:5932,619,1,2
BRDA:5969,620,0,3706
BRDA:5969,620,1,268
BRDA:5992,621,0,0
BRDA:5992,621,1,0
BRDA:5992,622,0,0
BRDA:5992,622,1,0
BRDA:6016,623,0,268
BRDA:6016,623,1,0
BRDA:6018,624,0,268
BRDA:6018,624,1,0
BRDA:6018,625,0,268
BRDA:6018,625,1,268
BRDA:6038,626,0,0
BRDA:6038,626,1,0
BRDA:6059,627,0,0
BRDA:6059,627,1,0
BRDA:6062,628,0,0
BRDA:6062,628,1,0
BRDA:6073,629,0,0
BRDA:6073,629,1,0
BRDA:6081,630,0,0
BRDA:6081,630,1,0
BRDA:6085,631,0,0
BRDA:6085,631,1,0
BRDA:6090,632,0,0
BRDA:6090,632,1,0
BRDA:6095,633,0,0
BRDA:6095,633,1,0
BRDA:6110,634,0,0
BRDA:6110,634,1,0
BRDA:6127,635,0,0
BRDA:6127,635,1,0
BRDA:6128,636,0,0
BRDA:6128,636,1,0
BRDA:6138,637,0,0
BRDA:6138,637,1,0
BRDA:6138,638,0,0
BRDA:6138,638,1,0
BRDA:6142,639,0,0
BRDA:6142,639,1,0
BRDA:6145,640,0,0
BRDA:6145,640,1,0
BRDA:6146,641,0,0
BRDA:6146,641,1,0
BRDA:6155,642,0,0
BRDA:6155,642,1,0
BRDA:6158,643,0,0
BRDA:6158,643,1,0
BRDA:6161,644,0,0
BRDA:6161,644,1,0
BRDA:6164,645,0,0
BRDA:6164,645,1,0
BRDA:6167,646,0,0
BRDA:6167,646,1,0
BRDA:6173,647,0,0
BRDA:6173,647,1,0
BRDA:6186,648,0,0
BRDA:6186,648,1,0
BRDA:6187,649,0,0
BRDA:6187,649,1,0
BRDA:6198,650,0,0
BRDA:6198,650,1,0
BRDA:6201,651,0,0
BRDA:6201,651,1,0
BRDA:6204,652,0,0
BRDA:6204,652,1,0
BRDA:6220,653,0,0
BRDA:6220,653,1,0
BRDA:6223,654,0,0
BRDA:6223,654,1,0
BRDA:6228,655,0,0
BRDA:6228,655,1,0
BRDA:6241,656,0,0
BRDA:6241,656,1,0
BRDA:6253,657,0,0
BRDA:6253,657,1,0
BRDA:6253,658,0,0
BRDA:6253,658,1,0
BRDA:6253,658,2,0
BRDA:6258,659,0,0
BRDA:6258,659,1,268
BRDA:6308,660,0,746
BRDA:6308,660,1,13196
BRDA:6308,661,0,13942
BRDA:6308,661,1,6706
BRDA:6308,661,2,6706
BRDA:6310,662,0,268
BRDA:6310,662,1,478
BRDA:6312,663,0,0
BRDA:6312,663,1,268
BRDA:6322,664,0,66
BRDA:6322,664,1,202
BRDA:6330,665,0,0
BRDA:6330,665,1,268
BRDA:6333,666,0,0
BRDA:6333,666,1,268
BRDA:6341,667,0,0
BRDA:6341,667,1,0
BRDA:6344,668,0,0
BRDA:6344,668,1,0
BRDA:6354,669,0,0
BRDA:6354,669,1,268
BRDA:6360,670,0,0
BRDA:6360,670,1,268
BRDA:6360,671,0,268
BRDA:6360,671,1,268
BRDA:6361,672,0,0
BRDA:6361,672,1,268
BRDA:6383,673,0,0
BRDA:6383,673,1,268
BRDA:6385,674,0,0
BRDA:6385,674,1,268
BRDA:6430,675,0,268
BRDA:6430,675,1,0
BRDA:6437,676,0,0
BRDA:6437,676,1,268
BRDA:6441,677,0,0
BRDA:6441,677,1,268
BRDA:6448,678,0,268
BRDA:6448,678,1,0
BRDA:6454,679,0,268
BRDA:6454,679,1,0
BRDA:6457,680,0,0
BRDA:6457,680,1,268
BRDA:6461,681,0,0
BRDA:6461,681,1,268
BRDA:6465,682,0,0
BRDA:6465,682,1,268
BRDA:6469,683,0,0
BRDA:6469,683,1,268
BRDA:6612,684,0,12
BRDA:6612,684,1,4
BRDA:6618,685,0,8
BRDA:6618,685,1,8
BRDA:6624,686,0,4
BRDA:6624,686,1,0
BRDA:6627,687,0,8
BRDA:6627,687,1,4
BRDA:6633,688,0,4
BRDA:6633,688,1,0
BRDA:6648,689,0,4
BRDA:6648,689,1,2
BRDA:6655,690,0,2
BRDA:6655,690,1,2
BRDA:6657,691,0,0
BRDA:6657,691,1,2
BRDA:6673,692,0,2
BRDA:6673,692,1,0
BRDA:6678,693,0,2
BRDA:6678,693,1,0
BRDA:6694,694,0,0
BRDA:6694,694,1,266
BRDA:6694,695,0,266
BRDA:6694,695,1,0
BRDA:6770,696,0,0
BRDA:6770,696,1,0
BRDA:6771,697,0,0
BRDA:6771,697,1,0
BRDA:6775,698,0,0
BRDA:6775,698,1,0
BRDA:6885,699,0,3306
BRDA:6885,699,1,1262
BRDA:6885,700,0,4568
BRDA:6885,700,1,4568
BRDA:6887,701,0,3306
BRDA:6887,701,1,266
BRDA:6888,702,0,266
BRDA:6888,702,1,3040
BRDA:6890,703,0,3040
BRDA:6890,703,1,266
BRDA:6895,704,0,1262
BRDA:6895,704,1,0
BRDA:6936,705,0,9542
BRDA:6936,705,1,5948
BRDA:6948,706,0,10038
BRDA:6948,706,1,2204
BRDA:6950,707,0,6402
BRDA:6950,707,1,1886
BRDA:6978,708,0,71370
BRDA:6978,708,1,110038
BRDA:6991,709,0,10252
BRDA:6991,709,1,1990
BRDA:6994,710,0,884
BRDA:6994,710,1,1106
BRDA:6998,711,0,282
BRDA:6998,711,1,824
BRDA:7002,712,0,824
BRDA:7002,712,1,0
BRDA:7011,713,0,1990
BRDA:7011,713,1,10252
BRDA:7189,714,0,266
BRDA:7189,714,1,128
BRDA:7189,714,2,120
BRDA:7191,715,0,0
BRDA:7191,715,1,266
BRDA:7191,716,0,266
BRDA:7191,716,1,266
BRDA:7191,717,0,176
BRDA:7191,717,1,90
BRDA:7192,718,0,0
BRDA:7192,718,1,266
BRDA:7192,719,0,266
BRDA:7192,719,1,266
BRDA:7192,720,0,58
BRDA:7192,720,1,208
BRDA:7193,721,0,0
BRDA:7193,721,1,266
BRDA:7193,722,0,266
BRDA:7193,722,1,266
BRDA:7193,723,0,138
BRDA:7193,723,1,128
BRDA:7198,724,0,138
BRDA:7198,724,1,128
BRDA:7200,725,0,58
BRDA:7200,725,1,208
BRDA:7202,726,0,176
BRDA:7202,726,1,90
BRDA:7206,727,0,52
BRDA:7206,727,1,214
BRDA:7259,728,0,0
BRDA:7259,728,1,0
BRDA:7260,729,0,0
BRDA:7260,729,1,0
BRDA:7261,730,0,0
BRDA:7261,730,1,0
BRDA:7282,731,0,0
BRDA:7282,731,1,0
BRDA:7285,732,0,0
BRDA:7285,732,1,0
BRDA:7357,733,0,228
BRDA:7357,733,1,206
BRDA:7363,734,0,6
BRDA:7363,734,1,222
BRDA:7363,735,0,228
BRDA:7363,735,1,14
BRDA:9062,736,0,0
BRDA:9062,736,1,216
BRDA:9069,737,0,0
BRDA:9069,737,1,226
BRDA:9069,738,0,226
BRDA:9069,738,1,226
BRDA:9104,739,0,0
BRDA:9104,739,1,226
BRDA:9104,740,0,0
BRDA:9104,740,1,0
BRDA:9108,741,0,0
BRDA:9108,741,1,226
BRDA:9122,742,0,0
BRDA:9122,742,1,1308
BRDA:9122,743,0,1308
BRDA:9122,743,1,1308
BRDA:9128,744,0,216
BRDA:9128,744,1,1092
BRDA:9128,745,0,1308
BRDA:9128,745,1,1308
BRDA:9133,746,0,0
BRDA:9133,746,1,226
BRDA:9142,747,0,0
BRDA:9142,747,1,226
BRDA:9151,748,0,0
BRDA:9151,748,1,226
BRDA:9162,749,0,216
BRDA:9162,749,1,10
BRDA:9162,750,0,226
BRDA:9162,750,1,24
BRDA:9162,750,2,16
BRDA:9191,751,0,6
BRDA:9191,751,1,1080
BRDA:9191,752,0,1086
BRDA:9191,752,1,6
BRDA:9198,753,0,16952
BRDA:9198,753,1,0
BRDA:9209,754,0,7088
BRDA:9209,754,1,188
BRDA:9210,755,0,7088
BRDA:9210,755,1,188
BRDA:9214,756,0,7276
BRDA:9214,756,1,414
BRDA:9215,757,0,7088
BRDA:9215,757,1,188
BRDA:9215,758,0,7088
BRDA:9215,758,1,3474
BRDA:9232,759,0,3268
BRDA:9232,759,1,2412
BRDA:9235,760,0,3268
BRDA:9235,760,1,3042
BRDA:9238,761,0,1308
BRDA:9238,761,1,1960
BRDA:9248,762,0,20
BRDA:9248,762,1,3248
BRDA:9248,763,0,3268
BRDA:9248,763,1,252
BRDA:9249,764,0,16
BRDA:9249,764,1,3252
BRDA:9249,765,0,3268
BRDA:9249,765,1,252
BRDA:9254,766,0,1300
BRDA:9254,766,1,1968
BRDA:9275,767,0,10
BRDA:9275,767,1,1946
BRDA:9275,768,0,10
BRDA:9275,768,1,10
BRDA:9276,769,0,1062
BRDA:9276,769,1,894
BRDA:9276,770,0,1956
BRDA:9276,770,1,1068
BRDA:9283,771,0,16
BRDA:9283,771,1,1064
BRDA:9283,772,0,1080
BRDA:9283,772,1,64
BRDA:9284,773,0,10
BRDA:9284,773,1,1070
BRDA:9284,774,0,1080
BRDA:9284,774,1,64
BRDA:9287,775,0,0
BRDA:9287,775,1,1080
BRDA:9294,776,0,2720
BRDA:9294,776,1,63512
BRDA:9342,777,0,0
BRDA:9342,777,1,42
BRDA:9398,778,0,466
BRDA:9398,778,1,856
BRDA:9398,779,0,1322
BRDA:9398,779,1,904
BRDA:9401,780,0,266
BRDA:9401,780,1,200
BRDA:9401,781,0,466
BRDA:9401,781,1,220
BRDA:9401,781,2,202
BRDA:9406,782,0,660
BRDA:9406,782,1,158
BRDA:9406,783,0,818
BRDA:9406,783,1,722
BRDA:9410,784,0,418
BRDA:9410,784,1,438
BRDA:9434,785,0,0
BRDA:9434,785,1,4
BRDA:9441,786,0,0
BRDA:9441,786,1,4
BRDA:9456,787,0,14
BRDA:9456,787,1,10
BRDA:9458,788,0,4
BRDA:9458,788,1,10
BRDA:9462,789,0,2
BRDA:9462,789,1,18
BRDA:9481,790,0,112
BRDA:9481,790,1,188
BRDA:9481,791,0,300
BRDA:9481,791,1,300
BRDA:9481,791,2,112
BRDA:9509,792,0,28
BRDA:9509,792,1,18
BRDA:9509,792,2,20
BRDA:9509,792,3,24
BRDA:9509,792,4,4
BRDA:9509,792,5,4
BRDA:9509,792,6,0
BRDA:9509,792,7,222
BRDA:9509,792,8,222
BRDA:9509,792,9,0
BRDA:9509,793,0,296
BRDA:9509,793,1,184
BRF:1668
BRH:984
end_of_record
TN:
SF:/Users/xiaokang/Documents/oceanbase/jison/packages/jison/tests/performance.js
FN:7,(anonymous_0)
FN:8,(anonymous_1)
FNF:2
FNH:2
FNDA:2,(anonymous_0)
FNDA:2,(anonymous_1)
DA:1,2
DA:5,2
DA:7,2
DA:8,2
DA:9,2
DA:111,2
LF:6
LH:6
BRF:0
BRH:0
end_of_record
TN:
SF:/Users/xiaokang/Documents/oceanbase/jison/packages/jison/tests/setup.js
FNF:0
FNH:0
DA:3,2
DA:7,2
DA:8,2
DA:9,2
DA:10,2
DA:13,2
LF:6
LH:6
BRF:0
BRH:0
end_of_record
TN:
SF:/Users/xiaokang/Documents/oceanbase/jison/packages/jison/tests/parser/actions.js
FN:8,(anonymous_0)
FN:9,(anonymous_1)
FN:31,(anonymous_2)
FN:50,(anonymous_3)
FN:72,(anonymous_4)
FN:95,(anonymous_5)
FN:115,(anonymous_6)
FN:135,(anonymous_7)
FN:157,(anonymous_8)
FN:177,(anonymous_9)
FN:199,(anonymous_10)
FN:222,(anonymous_11)
FN:248,(anonymous_12)
FN:273,(anonymous_13)
FN:298,(anonymous_14)
FN:317,(anonymous_15)
FN:336,(anonymous_16)
FN:357,(anonymous_17)
FN:383,(anonymous_18)
FN:404,(anonymous_19)
FN:426,(anonymous_20)
FN:449,(anonymous_21)
FN:472,(anonymous_22)
FN:492,(anonymous_23)
FN:514,(anonymous_24)
FN:536,(anonymous_25)
FN:558,(anonymous_26)
FN:580,(anonymous_27)
FN:602,(anonymous_28)
FN:624,(anonymous_29)
FN:646,(anonymous_30)
FN:651,(anonymous_31)
FN:672,(anonymous_32)
FN:679,(anonymous_33)
FN:705,(anonymous_34)
FN:731,(anonymous_35)
FN:750,(anonymous_36)
FNF:37
FNH:37
FNDA:2,(anonymous_0)
FNDA:2,(anonymous_1)
FNDA:2,(anonymous_2)
FNDA:2,(anonymous_3)
FNDA:2,(anonymous_4)
FNDA:2,(anonymous_5)
FNDA:2,(anonymous_6)
FNDA:2,(anonymous_7)
FNDA:2,(anonymous_8)
FNDA:2,(anonymous_9)
FNDA:2,(anonymous_10)
FNDA:2,(anonymous_11)
FNDA:2,(anonymous_12)
FNDA:2,(anonymous_13)
FNDA:2,(anonymous_14)
FNDA:2,(anonymous_15)
FNDA:2,(anonymous_16)
FNDA:2,(anonymous_17)
FNDA:2,(anonymous_18)
FNDA:2,(anonymous_19)
FNDA:2,(anonymous_20)
FNDA:2,(anonymous_21)
FNDA:2,(anonymous_22)
FNDA:2,(anonymous_23)
FNDA:2,(anonymous_24)
FNDA:2,(anonymous_25)
FNDA:2,(anonymous_26)
FNDA:2,(anonymous_27)
FNDA:2,(anonymous_28)
FNDA:2,(anonymous_29)
FNDA:2,(anonymous_30)
FNDA:2,(anonymous_31)
FNDA:2,(anonymous_32)
FNDA:2,(anonymous_33)
FNDA:2,(anonymous_34)
FNDA:2,(anonymous_35)
FNDA:2,(anonymous_36)
DA:1,2
DA:2,2
DA:4,2
DA:5,2
DA:8,2
DA:9,2
DA:10,2
DA:16,2
DA:24,2
DA:25,2
DA:27,2
[...]
BRDA:2985,229,1,0
BRDA:2987,230,0,0
BRDA:2987,230,1,0
BRDA:3002,231,0,2
BRDA:3002,231,1,0
BRDA:3002,232,0,2
BRDA:3002,232,1,2
BRDA:3029,233,0,0
BRDA:3029,233,1,4
BRDA:3079,234,0,2
BRDA:3079,234,1,0
BRDA:3079,235,0,2
BRDA:3079,235,1,2
BRF:495
BRH:89
end_of_record
TN:
SF:/Users/xiaokang/Documents/oceanbase/jison/packages/jison/tests/parser/tmp-parser.js
FN:381,(anonymous_0)
FN:388,JisonParserError
FN:439,bp
FN:455,bda
FN:469,bt
FN:510,s
FN:520,c
FN:528,u
FN:601,no_op_trace
FN:654,parser_quoteName
FN:661,parser_getSymbolName
FN:686,parser_describeSymbol
FN:708,parser_collect_expected_token_set
FN:749,parser__PerformAction
FN:899,parseError
FN:915,parse
FN:958,JisonAssert
FN:967,yyGetSharedState
FN:978,shallow_copy_noclobber
FN:999,parseErrorAlt
FN:1011,quoteNameAlt
FN:1024,parser_cleanupAfterParse
FN:1231,parser_constructParseErrorInfo
FN:1262,destructParseErrorInfo
FN:1295,getNonTerminalFromCode
FN:1304,stdLex
FN:1314,fastLex
FN:1816,(anonymous_27)
FN:1827,JisonLexerError
FN:1955,lexer_constructLexErrorInfo
FN:2009,destructLexErrorInfo
FN:2038,lexer_parseError
FN:2060,yyError
FN:2094,lexer_cleanupAfterLex
FN:2122,lexer_clear
FN:2149,lexer_setInput
FN:2258,lexer_editRemainingInput
FN:2279,lexer_input
FN:2337,lexer_unput
FN:2379,lexer_more
FN:2391,lexer_reject
FN:2421,lexer_less
FN:2439,lexer_pastInput
FN:2495,lexer_upcomingInput
FN:2538,lexer_showPosition
FN:2561,lexer_deriveYYLLOC
FN:2701,lexer_prettyPrintRange
FN:2714,injectLineNumber
FN:2772,lexer_describe_yylloc
FN:2825,lexer_test_match
FN:2935,lexer_next
FN:3064,lexer_lex
FN:3111,lexer_fastLex
FN:3129,lexer_canIUse
FN:3145,lexer_begin
FN:3156,lexer_pushState
FN:3169,lexer_popState
FN:3188,lexer_topState
FN:3205,lexer__currentRules
FN:3219,lexer_stateStackSize
FN:3229,lexer__performAction
FN:3280,Parser
FN:3295,(anonymous_62)
FNF:63
FNH:23
FNDA:2,(anonymous_0)
FNDA:0,JisonParserError
FNDA:2,bp
FNDA:2,bda
FNDA:2,bt
FNDA:20,s
FNDA:0,c
FNDA:20,u
FNDA:0,no_op_trace
FNDA:0,parser_quoteName
FNDA:0,parser_getSymbolName
FNDA:0,parser_describeSymbol
FNDA:0,parser_collect_expected_token_set
FNDA:10,parser__PerformAction
FNDA:0,parseError
FNDA:2,parse
FNDA:0,JisonAssert
FNDA:0,yyGetSharedState
FNDA:2,shallow_copy_noclobber
FNDA:0,parseErrorAlt
FNDA:0,quoteNameAlt
FNDA:2,parser_cleanupAfterParse
FNDA:0,parser_constructParseErrorInfo
FNDA:0,destructParseErrorInfo
FNDA:0,getNonTerminalFromCode
FNDA:0,stdLex
FNDA:12,fastLex
FNDA:2,(anonymous_27)
FNDA:0,JisonLexerError
FNDA:0,lexer_constructLexErrorInfo
FNDA:0,destructLexErrorInfo
FNDA:0,lexer_parseError
FNDA:0,yyError
FNDA:2,lexer_cleanupAfterLex
FNDA:24,lexer_clear
FNDA:4,lexer_setInput
FNDA:0,lexer_editRemainingInput
FNDA:0,lexer_input
FNDA:0,lexer_unput
FNDA:0,lexer_more
FNDA:0,lexer_reject
FNDA:0,lexer_less
FNDA:0,lexer_pastInput
FNDA:0,lexer_upcomingInput
FNDA:0,lexer_showPosition
FNDA:0,lexer_deriveYYLLOC
FNDA:0,lexer_prettyPrintRange
FNDA:0,injectLineNumber
FNDA:0,lexer_describe_yylloc
FNDA:20,lexer_test_match
FNDA:20,lexer_next
FNDA:0,lexer_lex
FNDA:12,lexer_fastLex
FNDA:2,lexer_canIUse
FNDA:0,lexer_begin
FNDA:0,lexer_pushState
FNDA:0,lexer_popState
FNDA:0,lexer_topState
FNDA:2,lexer__currentRules
FNDA:0,lexer_stateStackSize
FNDA:20,lexer__performAction
FNDA:2,Parser
FNDA:2,(anonymous_62)
DA:381,2
DA:389,0
DA:395,0
DA:397,0
DA:403,0
DA:406,0
DA:407,0
DA:408,0
DA:409,0
DA:411,0
DA:412,0
DA:413,0
DA:415,0
DA:418,0
DA:419,0
DA:427,2
DA:428,2
DA:430,0
DA:432,2
DA:433,2
DA:440,2
DA:441,2
DA:442,2
DA:443,2
DA:444,14
DA:449,2
DA:456,2
DA:457,2
DA:458,2
DA:459,2
DA:460,12
DA:461,12
DA:463,2
DA:470,2
DA:471,2
DA:472,2
DA:473,2
DA:474,2
DA:475,2
DA:476,2
DA:477,2
DA:478,26
DA:479,26
DA:480,26
DA:481,30
DA:482,30
DA:484,16
DA:488,16
DA:491,12
DA:492,12
DA:496,2
DA:501,26
DA:503,2
DA:511,20
DA:512,20
DA:513,78
DA:514,78
DA:521,0
DA:522,0
DA:523,0
DA:529,20
DA:530,20
DA:531,124
DA:533,124
DA:534,20
DA:535,20
DA:537,104
DA:540,20
DA:544,2
DA:655,0
DA:662,0
DA:663,0
DA:673,0
DA:674,0
DA:675,0
DA:676,0
DA:679,0
DA:687,0
DA:688,0
DA:690,0
DA:691,0
DA:693,0
DA:694,0
DA:695,0
DA:697,0
DA:709,0
DA:710,0
DA:711,0
DA:714,0
DA:715,0
DA:719,0
DA:720,0
DA:721,0
DA:722,0
DA:723,0
DA:724,0
DA:725,0
DA:729,0
DA:754,10
DA:755,10
DA:756,10
DA:760,10
DA:765,0
DA:767,0
DA:773,2
DA:777,2
DA:778,0
DA:783,2
DA:784,2
DA:789,2
DA:790,2
DA:795,2
DA:796,2
DA:801,0
DA:802,0
DA:803,0
DA:808,0
DA:809,0
DA:814,2
DA:815,2
DA:900,0
DA:901,0
DA:902,0
DA:904,0
DA:906,0
DA:907,0
DA:909,0
DA:910,0
DA:912,0
DA:916,2
DA:917,2
DA:918,2
DA:920,2
DA:922,2
DA:923,2
DA:929,2
DA:933,2
DA:934,2
DA:935,2
DA:936,2
DA:939,2
DA:940,0
DA:942,2
DA:945,2
DA:957,2
DA:958,2
DA:959,0
DA:960,0
DA:964,0
DA:967,2
DA:968,0
DA:979,2
DA:980,0
DA:981,0
DA:987,2
DA:989,2
DA:990,2
DA:998,2
DA:999,0
DA:1000,0
DA:1001,0
DA:1003,0
DA:1006,2
DA:1010,2
DA:1011,0
DA:1012,0
DA:1015,2
DA:1024,2
DA:1027,2
DA:1030,2
DA:1033,0
DA:1036,2
DA:1037,0
DA:1038,0
DA:1040,2
DA:1041,0
DA:1042,0
DA:1046,2
DA:1047,0
DA:1051,2
DA:1054,2
DA:1055,2
DA:1059,2
DA:1060,2
DA:1061,2
DA:1062,2
DA:1063,0
DA:1066,2
DA:1067,2
DA:1068,2
DA:1072,2
DA:1073,2
DA:1075,2
DA:1076,2
DA:1081,2
DA:1082,0
DA:1083,0
DA:1084,0
DA:1085,0
DA:1088,0
DA:1093,2
DA:1231,2
DA:1232,0
DA:1269,0
DA:1270,0
DA:1271,0
DA:1272,0
DA:1275,0
DA:1279,0
DA:1280,0
DA:1296,0
DA:1297,0
DA:1298,0
DA:1300,0
DA:1305,0
DA:1307,0
DA:1308,0
DA:1311,0
DA:1315,12
DA:1317,12
DA:1318,0
DA:1321,12
DA:1324,2
DA:1328,2
DA:1337,2
DA:1340,2
DA:1341,2
DA:1343,2
DA:1349,2
DA:1350,2
DA:1351,2
DA:1352,2
DA:1358,2
DA:1359,2
DA:1360,2
DA:1361,2
DA:1363,2
DA:1367,2
DA:1368,0
DA:1370,2
DA:1371,0
DA:1374,2
DA:1375,2
DA:1377,22
DA:1380,22
DA:1381,10
DA:1382,10
DA:1388,12
DA:1389,12
DA:1392,12
DA:1393,12
DA:1394,12
DA:1407,12
DA:1409,0
DA:1410,0
DA:1413,0
DA:1414,0
DA:1416,0
DA:1418,0
DA:1419,0
DA:1421,0
DA:1422,0
DA:1424,0
DA:1427,0
DA:1428,0
DA:1429,0
DA:1430,0
DA:1432,0
DA:1447,22
DA:1451,0
DA:1452,0
DA:1453,0
DA:1454,0
DA:1455,0
DA:1457,0
DA:1461,0
DA:1462,0
DA:1463,0
DA:1464,0
DA:1466,0
DA:1470,12
DA:1471,12
DA:1473,12
DA:1475,12
DA:1476,12
DA:1483,12
DA:1486,12
DA:1493,10
DA:1494,10
DA:1505,10
DA:1507,10
DA:1508,2
DA:1509,2
DA:1513,8
DA:1516,8
DA:1517,8
DA:1518,8
DA:1521,8
DA:1522,8
DA:1523,8
DA:1533,8
DA:1537,0
DA:1538,0
DA:1560,0
DA:1561,0
DA:1562,0
DA:1565,0
DA:1569,2
DA:1574,0
DA:1575,0
DA:1577,0
DA:1578,0
DA:1581,0
DA:1582,0
DA:1583,0
DA:1584,0
DA:1585,0
DA:1588,2
DA:1589,2
DA:1592,2
DA:1595,2
DA:1596,2
DA:1816,2
DA:1828,0
DA:1834,0
DA:1835,0
DA:1837,0
DA:1843,0
DA:1846,0
DA:1847,0
DA:1848,0
DA:1849,0
DA:1852,0
DA:1853,0
DA:1855,0
DA:1857,0
DA:1861,0
DA:1862,0
DA:1870,2
DA:1871,2
DA:1873,0
DA:1876,2
DA:1877,2
DA:1879,2
DA:1956,0
DA:1960,0
DA:1961,0
DA:1964,0
DA:1965,0
DA:1966,0
DA:1968,0
DA:1969,0
DA:1972,0
DA:1973,0
DA:1974,0
DA:1976,0
DA:1977,0
DA:1978,0
DA:1980,0
DA:1987,0
DA:2014,0
DA:2016,0
DA:2017,0
DA:2018,0
DA:2022,0
DA:2027,0
DA:2029,0
DA:2039,0
DA:2040,0
DA:2043,0
DA:2044,0
DA:2045,0
DA:2046,0
DA:2047,0
DA:2051,0
DA:2061,0
DA:2063,0
DA:2064,0
DA:2067,0
DA:2073,0
DA:2075,0
DA:2076,0
DA:2079,0
DA:2096,2
DA:2101,2
DA:2102,0
DA:2103,0
DA:2105,0
DA:2106,0
DA:2110,0
DA:2113,2
DA:2123,24
DA:2124,24
DA:2125,24
DA:2128,24
DA:2130,24
DA:2131,24
DA:2132,24
DA:2134,24
DA:2150,4
DA:2155,4
DA:2157,2
DA:2159,2
DA:2160,8
DA:2163,8
DA:2164,0
DA:2169,2
DA:2171,2
DA:2172,2
DA:2173,2
DA:2174,2
DA:2175,2
DA:2176,2
DA:2178,2
DA:2179,8
DA:2180,8
DA:2181,8
DA:2182,8
DA:2185,2
DA:2186,2
DA:2187,2
DA:2190,2
DA:2193,4
DA:2194,4
DA:2195,4
DA:2196,4
DA:2197,4
DA:2198,4
DA:2199,4
DA:2200,4
DA:2202,4
DA:2210,4
DA:2211,4
DA:2259,0
DA:2261,0
DA:2262,0
DA:2263,0
DA:2267,0
DA:2270,0
DA:2280,0
DA:2282,0
DA:2285,0
DA:2286,0
DA:2287,0
DA:2288,0
DA:2289,0
DA:2290,0
DA:2296,0
DA:2298,0
DA:2300,0
DA:2301,0
DA:2302,0
DA:2303,0
DA:2304,0
DA:2306,0
DA:2307,0
DA:2308,0
DA:2309,0
DA:2310,0
DA:2311,0
DA:2312,0
DA:2313,0
DA:2314,0
DA:2318,0
DA:2319,0
DA:2320,0
DA:2321,0
DA:2323,0
DA:2326,0
DA:2327,0
DA:2328,0
DA:2338,0
DA:2339,0
DA:2340,0
DA:2341,0
DA:2342,0
DA:2343,0
DA:2344,0
DA:2345,0
DA:2347,0
DA:2348,0
DA:2349,0
DA:2354,0
DA:2356,0
DA:2358,0
DA:2359,0
DA:2360,0
DA:2363,0
DA:2365,0
DA:2368,0
DA:2369,0
DA:2370,0
DA:2380,0
DA:2381,0
DA:2392,0
DA:2393,0
DA:2398,0
DA:2400,0
DA:2401,0
DA:2404,0
DA:2409,0
DA:2412,0
DA:2422,0
DA:2440,0
DA:2442,0
DA:2443,0
DA:2444,0
DA:2445,0
DA:2447,0
DA:2448,0
DA:2449,0
DA:2450,0
DA:2455,0
DA:2459,0
DA:2461,0
DA:2462,0
DA:2466,0
DA:2467,0
DA:2470,0
DA:2496,0
DA:2498,0
DA:2499,0
DA:2500,0
DA:2501,0
DA:2503,0
DA:2504,0
DA:2505,0
DA:2506,0
DA:2511,0
DA:2512,0
DA:2517,0
DA:2519,0
DA:2520,0
DA:2524,0
DA:2525,0
DA:2528,0
DA:2539,0
DA:2540,0
DA:2541,0
DA:2562,0
DA:2570,0
DA:2571,0
DA:2572,0
DA:2573,0
DA:2574,0
DA:2576,0
DA:2577,0
DA:2578,0
DA:2582,0
DA:2584,0
DA:2585,0
DA:2586,0
DA:2588,0
DA:2589,0
DA:2593,0
DA:2594,0
DA:2595,0
DA:2597,0
DA:2598,0
DA:2603,0
DA:2604,0
DA:2605,0
DA:2607,0
DA:2608,0
DA:2612,0
DA:2613,0
DA:2614,0
DA:2616,0
DA:2617,0
DA:2624,0
DA:2625,0
DA:2626,0
DA:2627,0
DA:2628,0
DA:2629,0
DA:2630,0
DA:2631,0
DA:2633,0
DA:2634,0
DA:2635,0
DA:2639,0
DA:2640,0
DA:2641,0
DA:2642,0
DA:2645,0
DA:2646,0
DA:2649,0
DA:2650,0
DA:2653,0
DA:2702,0
DA:2703,0
DA:2704,0
DA:2705,0
DA:2706,0
DA:2707,0
DA:2708,0
DA:2709,0
DA:2710,0
DA:2711,0
DA:2712,0
DA:2714,0
DA:2715,0
DA:2716,0
DA:2717,0
DA:2718,0
DA:2719,0
DA:2720,0
DA:2722,0
DA:2723,0
DA:2725,0
DA:2729,0
DA:2730,0
DA:2731,0
DA:2732,0
DA:2735,0
DA:2736,0
DA:2737,0
DA:2738,0
DA:2740,0
DA:2741,0
DA:2745,0
DA:2746,0
DA:2751,0
DA:2752,0
DA:2753,0
DA:2754,0
DA:2755,0
DA:2756,0
DA:2759,0
DA:2773,0
DA:2774,0
DA:2775,0
DA:2776,0
DA:2777,0
DA:2778,0
DA:2781,0
DA:2782,0
DA:2784,0
DA:2785,0
DA:2787,0
DA:2790,0
DA:2793,0
DA:2794,0
DA:2795,0
DA:2797,0
DA:2798,0
DA:2800,0
DA:2804,0
DA:2828,20
DA:2830,0
DA:2858,20
DA:2859,20
DA:2862,20
DA:2864,20
DA:2865,0
DA:2866,0
DA:2867,0
DA:2869,20
DA:2873,20
DA:2875,20
DA:2876,20
DA:2877,20
DA:2878,20
DA:2879,20
DA:2884,20
DA:2886,20
DA:2887,20
DA:2888,20
DA:2893,20
DA:2903,20
DA:2904,0
DA:2907,20
DA:2908,12
DA:2909,8
DA:2911,0
DA:2912,0
DA:2915,0
DA:2916,0
DA:2917,8
DA:2920,0
DA:2922,0
DA:2923,0
DA:2926,8
DA:2936,20
DA:2937,0
DA:2938,0
DA:2941,20
DA:2942,2
DA:2947,20
DA:2948,20
DA:2951,20
DA:2953,20
DA:2958,2
DA:2962,2
DA:2963,0
DA:2965,0
DA:2966,0
DA:2969,0
DA:2975,0
DA:2979,20
DA:2980,20
DA:2981,20
DA:2985,20
DA:2986,42
DA:2988,42
DA:2989,20
DA:2990,20
DA:2992,20
DA:2993,0
DA:2995,0
DA:2996,0
DA:2997,0
DA:2998,0
DA:2999,0
DA:3002,0
DA:3004,20
DA:3005,20
DA:3010,20
DA:3011,20
DA:3013,20
DA:3014,12
DA:3018,8
DA:3021,0
DA:3022,0
DA:3023,0
DA:3024,0
DA:3026,0
DA:3028,0
DA:3029,0
DA:3032,0
DA:3037,0
DA:3038,0
DA:3039,0
DA:3040,0
DA:3042,0
DA:3046,0
DA:3050,0
DA:3054,0
DA:3068,0
DA:3069,0
DA:3072,0
DA:3074,0
DA:3077,0
DA:3079,0
DA:3082,0
DA:3083,0
DA:3086,0
DA:3088,0
DA:3091,0
DA:3093,0
DA:3096,0
DA:3098,0
DA:3101,0
DA:3114,12
DA:3115,20
DA:3118,12
DA:3130,2
DA:3134,2
DA:3146,0
DA:3157,0
DA:3158,0
DA:3159,0
DA:3170,0
DA:3172,0
DA:3173,0
DA:3174,0
DA:3176,0
DA:3189,0
DA:3191,0
DA:3192,0
DA:3194,0
DA:3206,2
DA:3207,2
DA:3209,0
DA:3220,0
DA:3230,20
DA:3231,20
DA:3233,20
DA:3238,8
DA:3241,12
DA:3274,2
DA:3276,2
DA:3281,2
DA:3283,2
DA:3284,2
DA:3286,2
DA:3292,2
DA:3293,2
DA:3294,2
DA:3295,2
DA:3296,2
LF:791
LH:294
BRDA:395,0,0,0
BRDA:395,0,1,0
BRDA:406,1,0,0
BRDA:406,1,1,0
BRDA:406,2,0,0
BRDA:406,2,1,0
BRDA:408,3,0,0
BRDA:408,3,1,0
BRDA:411,4,0,0
BRDA:411,4,1,0
BRDA:412,5,0,0
BRDA:412,5,1,0
BRDA:418,6,0,0
BRDA:418,6,1,0
BRDA:427,7,0,2
BRDA:427,7,1,0
BRDA:482,8,0,16
BRDA:482,8,1,12
BRDA:482,8,2,2
BRDA:511,9,0,20
BRDA:511,9,1,12
BRDA:533,10,0,20
BRDA:533,10,1,104
BRDA:662,11,0,0
BRDA:662,11,1,0
BRDA:675,12,0,0
BRDA:675,12,1,0
BRDA:687,13,0,0
BRDA:687,13,1,0
BRDA:687,14,0,0
BRDA:687,14,1,0
BRDA:687,14,2,0
BRDA:690,15,0,0
BRDA:690,15,1,0
BRDA:694,16,0,0
BRDA:694,16,1,0
BRDA:714,17,0,0
BRDA:714,17,1,0
BRDA:714,18,0,0
BRDA:714,18,1,0
BRDA:714,18,2,0
BRDA:721,19,0,0
BRDA:721,19,1,0
BRDA:722,20,0,0
BRDA:722,20,1,0
BRDA:723,21,0,0
BRDA:723,21,1,0
BRDA:723,22,0,0
BRDA:723,22,1,0
BRDA:760,23,0,0
BRDA:760,23,1,2
BRDA:760,23,2,2
BRDA:760,23,3,2
BRDA:760,23,4,2
BRDA:760,23,5,0
BRDA:760,23,6,0
BRDA:760,23,7,2
BRDA:900,24,0,0
BRDA:900,24,1,0
BRDA:901,25,0,0
BRDA:901,25,1,0
BRDA:906,26,0,0
BRDA:906,26,1,0
BRDA:909,27,0,0
BRDA:909,27,1,0
BRDA:935,28,0,2
BRDA:935,28,1,0
BRDA:939,29,0,0
BRDA:939,29,1,2
BRDA:957,30,0,2
BRDA:957,30,1,0
BRDA:959,31,0,0
BRDA:959,31,1,0
BRDA:960,32,0,0
BRDA:960,32,1,0
BRDA:980,33,0,0
BRDA:980,33,1,0
BRDA:980,34,0,0
BRDA:980,34,1,0
BRDA:998,35,0,0
BRDA:998,35,1,2
BRDA:1000,36,0,0
BRDA:1000,36,1,0
BRDA:1010,37,0,0
BRDA:1010,37,1,2
BRDA:1027,38,0,2
BRDA:1027,38,1,0
BRDA:1030,39,0,0
BRDA:1030,39,1,2
BRDA:1030,40,0,2
BRDA:1030,40,1,2
BRDA:1036,41,0,0
BRDA:1036,41,1,2
BRDA:1038,42,0,0
BRDA:1038,42,1,0
BRDA:1040,43,0,0
BRDA:1040,43,1,2
BRDA:1042,44,0,0
BRDA:1042,44,1,0
BRDA:1046,45,0,0
BRDA:1046,45,1,2
BRDA:1046,46,0,2
BRDA:1046,46,1,0
BRDA:1051,47,0,0
BRDA:1051,47,1,2
BRDA:1054,48,0,2
BRDA:1054,48,1,0
BRDA:1059,49,0,2
BRDA:1059,49,1,0
BRDA:1062,50,0,0
BRDA:1062,50,1,2
BRDA:1081,51,0,0
BRDA:1081,51,1,2
BRDA:1084,52,0,0
BRDA:1084,52,1,0
BRDA:1084,53,0,0
BRDA:1084,53,1,0
BRDA:1237,54,0,0
BRDA:1237,54,1,0
BRDA:1271,55,0,0
BRDA:1271,55,1,0
BRDA:1271,56,0,0
BRDA:1271,56,1,0
BRDA:1297,57,0,0
BRDA:1297,57,1,0
BRDA:1307,58,0,0
BRDA:1307,58,1,0
BRDA:1308,59,0,0
BRDA:1308,59,1,0
BRDA:1311,60,0,0
BRDA:1311,60,1,0
BRDA:1317,61,0,0
BRDA:1317,61,1,12
BRDA:1318,62,0,0
BRDA:1318,62,1,0
BRDA:1321,63,0,12
BRDA:1321,63,1,0
BRDA:1349,64,0,2
BRDA:1349,64,1,0
BRDA:1351,65,0,2
BRDA:1351,65,1,0
BRDA:1351,66,0,2
BRDA:1351,66,1,2
BRDA:1367,67,0,0
BRDA:1367,67,1,2
BRDA:1370,68,0,0
BRDA:1370,68,1,2
BRDA:1380,69,0,10
BRDA:1380,69,1,12
BRDA:1388,70,0,12
BRDA:1388,70,1,0
BRDA:1392,71,0,12
BRDA:1392,71,1,12
BRDA:1392,71,2,0
BRDA:1407,72,0,0
BRDA:1407,72,1,12
BRDA:1409,73,0,0
BRDA:1409,73,1,0
BRDA:1413,74,0,0
BRDA:1413,74,1,0
BRDA:1418,75,0,0
BRDA:1418,75,1,0
BRDA:1421,76,0,0
BRDA:1421,76,1,0
BRDA:1429,77,0,0
BRDA:1429,77,1,0
BRDA:1447,78,0,0
BRDA:1447,78,1,12
BRDA:1447,78,2,10
BRDA:1447,78,3,0
BRDA:1451,79,0,0
BRDA:1451,79,1,0
BRDA:1454,80,0,0
BRDA:1454,80,1,0
BRDA:1463,81,0,0
BRDA:1463,81,1,0
BRDA:1507,82,0,2
BRDA:1507,82,1,8
BRDA:1537,83,0,0
BRDA:1537,83,1,0
BRDA:1561,84,0,0
BRDA:1561,84,1,0
BRDA:1574,85,0,0
BRDA:1574,85,1,0
BRDA:1577,86,0,0
BRDA:1577,86,1,0
BRDA:1577,87,0,0
BRDA:1577,87,1,0
BRDA:1577,87,2,0
BRDA:1584,88,0,0
BRDA:1584,88,1,0
BRDA:1834,89,0,0
BRDA:1834,89,1,0
BRDA:1846,90,0,0
BRDA:1846,90,1,0
BRDA:1846,91,0,0
BRDA:1846,91,1,0
BRDA:1848,92,0,0
BRDA:1848,92,1,0
BRDA:1852,93,0,0
BRDA:1852,93,1,0
BRDA:1853,94,0,0
BRDA:1853,94,1,0
BRDA:1861,95,0,0
BRDA:1861,95,1,0
BRDA:1870,96,0,2
BRDA:1870,96,1,0
BRDA:1960,97,0,0
BRDA:1960,97,1,0
BRDA:1961,98,0,0
BRDA:1961,98,1,0
BRDA:1964,99,0,0
BRDA:1964,99,1,0
BRDA:1964,100,0,0
BRDA:1964,100,1,0
BRDA:1965,101,0,0
BRDA:1965,101,1,0
BRDA:1968,102,0,0
BRDA:1968,102,1,0
BRDA:1973,103,0,0
BRDA:1973,103,1,0
BRDA:1976,104,0,0
BRDA:1976,104,1,0
BRDA:1977,105,0,0
BRDA:1977,105,1,0
BRDA:1977,106,0,0
BRDA:1977,106,1,0
BRDA:1977,106,2,0
BRDA:2017,107,0,0
BRDA:2017,107,1,0
BRDA:2017,108,0,0
BRDA:2017,108,1,0
BRDA:2039,109,0,0
BRDA:2039,109,1,0
BRDA:2043,110,0,0
BRDA:2043,110,1,0
BRDA:2044,111,0,0
BRDA:2044,111,1,0
BRDA:2044,112,0,0
BRDA:2044,112,1,0
BRDA:2045,113,0,0
BRDA:2045,113,1,0
BRDA:2046,114,0,0
BRDA:2046,114,1,0
BRDA:2047,115,0,0
BRDA:2047,115,1,0
BRDA:2063,116,0,0
BRDA:2063,116,1,0
BRDA:2075,117,0,0
BRDA:2075,117,1,0
BRDA:2079,118,0,0
BRDA:2079,118,1,0
BRDA:2101,119,0,0
BRDA:2101,119,1,2
BRDA:2105,120,0,0
BRDA:2105,120,1,0
BRDA:2105,121,0,0
BRDA:2105,121,1,0
BRDA:2132,122,0,22
BRDA:2132,122,1,2
BRDA:2150,123,0,4
BRDA:2150,123,1,0
BRDA:2150,123,2,0
BRDA:2155,124,0,2
BRDA:2155,124,1,2
BRDA:2163,125,0,0
BRDA:2163,125,1,8
BRDA:2193,126,0,4
BRDA:2193,126,1,2
BRDA:2261,127,0,0
BRDA:2261,127,1,0
BRDA:2262,128,0,0
BRDA:2262,128,1,0
BRDA:2280,129,0,0
BRDA:2280,129,1,0
BRDA:2300,130,0,0
BRDA:2300,130,1,0
BRDA:2302,131,0,0
BRDA:2302,131,1,0
BRDA:2306,132,0,0
BRDA:2306,132,1,0
BRDA:2318,133,0,0
BRDA:2318,133,1,0
BRDA:2347,134,0,0
BRDA:2347,134,1,0
BRDA:2358,135,0,0
BRDA:2358,135,1,0
BRDA:2392,136,0,0
BRDA:2392,136,1,0
BRDA:2400,137,0,0
BRDA:2400,137,1,0
BRDA:2409,138,0,0
BRDA:2409,138,1,0
BRDA:2442,139,0,0
BRDA:2442,139,1,0
BRDA:2444,140,0,0
BRDA:2444,140,1,0
BRDA:2447,141,0,0
BRDA:2447,141,1,0
BRDA:2449,142,0,0
BRDA:2449,142,1,0
BRDA:2466,143,0,0
BRDA:2466,143,1,0
BRDA:2498,144,0,0
BRDA:2498,144,1,0
BRDA:2500,145,0,0
BRDA:2500,145,1,0
BRDA:2503,146,0,0
BRDA:2503,146,1,0
BRDA:2505,147,0,0
BRDA:2505,147,1,0
BRDA:2511,148,0,0
BRDA:2511,148,1,0
BRDA:2524,149,0,0
BRDA:2524,149,1,0
BRDA:2570,150,0,0
BRDA:2570,150,1,0
BRDA:2576,151,0,0
BRDA:2576,151,1,0
BRDA:2582,152,0,0
BRDA:2582,152,1,0
BRDA:2582,153,0,0
BRDA:2582,153,1,0
BRDA:2584,154,0,0
BRDA:2584,154,1,0
BRDA:2584,155,0,0
BRDA:2584,155,1,0
BRDA:2588,156,0,0
BRDA:2588,156,1,0
BRDA:2593,157,0,0
BRDA:2593,157,1,0
BRDA:2593,158,0,0
BRDA:2593,158,1,0
BRDA:2593,158,2,0
BRDA:2597,159,0,0
BRDA:2597,159,1,0
BRDA:2603,160,0,0
BRDA:2603,160,1,0
BRDA:2603,161,0,0
BRDA:2603,161,1,0
BRDA:2603,161,2,0
BRDA:2603,161,3,0
BRDA:2607,162,0,0
BRDA:2607,162,1,0
BRDA:2612,163,0,0
BRDA:2612,163,1,0
BRDA:2612,164,0,0
BRDA:2612,164,1,0
BRDA:2612,164,2,0
BRDA:2612,164,3,0
BRDA:2616,165,0,0
BRDA:2616,165,1,0
BRDA:2624,166,0,0
BRDA:2624,166,1,0
BRDA:2625,167,0,0
BRDA:2625,167,1,0
BRDA:2639,168,0,0
BRDA:2639,168,1,0
BRDA:2645,169,0,0
BRDA:2645,169,1,0
BRDA:2649,170,0,0
BRDA:2649,170,1,0
BRDA:2650,171,0,0
BRDA:2650,171,1,0
BRDA:2708,172,0,0
BRDA:2708,172,1,0
BRDA:2709,173,0,0
BRDA:2709,173,1,0
BRDA:2722,174,0,0
BRDA:2722,174,1,0
BRDA:2727,175,0,0
BRDA:2727,175,1,0
BRDA:2729,176,0,0
BRDA:2729,176,1,0
BRDA:2731,177,0,0
BRDA:2731,177,1,0
BRDA:2731,178,0,0
BRDA:2731,178,1,0
BRDA:2735,179,0,0
BRDA:2735,179,1,0
BRDA:2740,180,0,0
BRDA:2740,180,1,0
BRDA:2751,181,0,0
BRDA:2751,181,1,0
BRDA:2781,182,0,0
BRDA:2781,182,1,0
BRDA:2784,183,0,0
BRDA:2784,183,1,0
BRDA:2793,184,0,0
BRDA:2793,184,1,0
BRDA:2793,185,0,0
BRDA:2793,185,1,0
BRDA:2797,186,0,0
BRDA:2797,186,1,0
BRDA:2828,187,0,0
BRDA:2828,187,1,20
BRDA:2864,188,0,0
BRDA:2864,188,1,20
BRDA:2903,189,0,0
BRDA:2903,189,1,20
BRDA:2903,190,0,20
BRDA:2903,190,1,2
BRDA:2907,191,0,12
BRDA:2907,191,1,8
BRDA:2909,192,0,0
BRDA:2909,192,1,8
BRDA:2917,193,0,0
BRDA:2917,193,1,8
BRDA:2936,194,0,0
BRDA:2936,194,1,20
BRDA:2941,195,0,2
BRDA:2941,195,1,18
BRDA:2947,196,0,20
BRDA:2947,196,1,0
BRDA:2953,197,0,2
BRDA:2953,197,1,18
BRDA:2962,198,0,0
BRDA:2962,198,1,2
BRDA:2962,199,0,2
BRDA:2962,199,1,2
BRDA:2965,200,0,0
BRDA:2965,200,1,0
BRDA:2975,201,0,0
BRDA:2975,201,1,0
BRDA:2988,202,0,20
BRDA:2988,202,1,22
BRDA:2988,203,0,42
BRDA:2988,203,1,20
BRDA:2988,203,2,0
BRDA:2992,204,0,0
BRDA:2992,204,1,20
BRDA:2995,205,0,0
BRDA:2995,205,1,0
BRDA:2997,206,0,0
BRDA:2997,206,1,0
BRDA:3004,207,0,20
BRDA:3004,207,1,0
BRDA:3010,208,0,20
BRDA:3010,208,1,0
BRDA:3013,209,0,12
BRDA:3013,209,1,8
BRDA:3021,210,0,0
BRDA:3021,210,1,0
BRDA:3028,211,0,0
BRDA:3028,211,1,0
BRDA:3040,212,0,0
BRDA:3040,212,1,0
BRDA:3042,213,0,0
BRDA:3042,213,1,0
BRDA:3046,214,0,0
BRDA:3046,214,1,0
BRDA:3046,215,0,0
BRDA:3046,215,1,0
BRDA:3046,215,2,0
BRDA:3046,215,3,0
BRDA:3068,216,0,0
BRDA:3068,216,1,0
BRDA:3072,217,0,0
BRDA:3072,217,1,0
BRDA:3074,218,0,0
BRDA:3074,218,1,0
BRDA:3077,219,0,0
BRDA:3077,219,1,0
BRDA:3077,220,0,0
BRDA:3077,220,1,0
BRDA:3079,221,0,0
BRDA:3079,221,1,0
BRDA:3086,222,0,0
BRDA:3086,222,1,0
BRDA:3086,223,0,0
BRDA:3086,223,1,0
BRDA:3088,224,0,0
BRDA:3088,224,1,0
BRDA:3091,225,0,0
BRDA:3091,225,1,0
BRDA:3093,226,0,0
BRDA:3093,226,1,0
BRDA:3096,227,0,0
BRDA:3096,227,1,0
BRDA:3098,228,0,0
BRDA:3098,228,1,0
BRDA:3131,229,0,2
BRDA:3131,229,1,2
BRDA:3131,230,0,2
BRDA:3131,230,1,2
BRDA:3131,230,2,2
BRDA:3131,230,3,2
BRDA:3131,230,4,2
BRDA:3131,230,5,2
BRDA:3131,230,6,2
BRDA:3131,230,7,2
BRDA:3172,231,0,0
BRDA:3172,231,1,0
BRDA:3189,232,0,0
BRDA:3189,232,1,0
BRDA:3191,233,0,0
BRDA:3191,233,1,0
BRDA:3206,234,0,2
BRDA:3206,234,1,0
BRDA:3206,235,0,2
BRDA:3206,235,1,2
BRDA:3233,236,0,8
BRDA:3233,236,1,12
BRDA:3292,237,0,2
BRDA:3292,237,1,0
BRDA:3292,238,0,2
BRDA:3292,238,1,2
BRF:507
BRH:104
end_of_record
